2024-10-15T11:29:52.766Z info: Bike Island server running on port 5000
2024-10-15T11:29:52.850Z error: Redis Client Error
2024-10-15T11:29:52.869Z error: Redis Client Error
2024-10-15T11:29:53.235Z error: Redis Client Error
2024-10-15T11:29:53.354Z error: Redis Client Error
2024-10-15T11:29:53.519Z error: Redis Client Error
2024-10-15T11:29:53.732Z error: Redis Client Error
2024-10-15T11:29:53.995Z error: Redis Client Error
2024-10-15T11:29:54.307Z error: Redis Client Error
2024-10-15T11:29:54.671Z error: Redis Client Error
2024-10-15T11:29:55.080Z error: Redis Client Error
2024-10-15T11:29:55.346Z error: MongoDB connection failed: bad auth : Authentication failed.
2024-10-15T11:29:55.551Z error: Redis Client Error
2024-10-15T11:29:56.075Z error: Redis Client Error
2024-10-15T11:29:56.594Z error: Redis Client Error
2024-10-15T11:29:57.106Z error: Redis Client Error
2024-10-15T11:29:57.625Z error: Redis Client Error
2024-10-15T11:29:58.136Z error: Redis Client Error
2024-10-15T11:29:58.656Z error: Redis Client Error
2024-10-15T11:29:59.177Z error: Redis Client Error
2024-10-15T11:29:59.686Z error: Redis Client Error
2024-10-15T11:30:00.205Z error: Redis Client Error
2024-10-15T11:30:00.716Z error: Redis Client Error
2024-10-15T11:30:01.274Z error: Redis Client Error
2024-10-15T11:30:01.822Z error: Redis Client Error
2024-10-15T11:30:02.364Z error: Redis Client Error
2024-10-15T11:30:02.908Z error: Redis Client Error
2024-10-15T11:30:03.418Z error: Redis Client Error
2024-10-15T11:30:03.937Z error: Redis Client Error
2024-10-15T11:30:04.470Z error: Redis Client Error
2024-10-15T11:30:04.993Z error: Redis Client Error
2024-10-15T11:30:05.506Z error: Redis Client Error
2024-10-15T11:30:06.024Z error: Redis Client Error
2024-10-15T11:30:06.540Z error: Redis Client Error
2024-10-15T11:30:07.069Z error: Redis Client Error
2024-10-15T11:30:07.595Z error: Redis Client Error
2024-10-15T11:30:08.117Z error: Redis Client Error
2024-10-15T11:30:08.623Z error: Redis Client Error
2024-10-15T11:30:09.142Z error: Redis Client Error
2024-10-15T11:30:09.655Z error: Redis Client Error
2024-10-15T11:30:10.162Z error: Redis Client Error
2024-10-15T11:30:10.668Z error: Redis Client Error
2024-10-15T11:30:11.177Z error: Redis Client Error
2024-10-15T11:30:11.692Z error: Redis Client Error
2024-10-15T11:30:12.198Z error: Redis Client Error
2024-10-15T11:30:12.709Z error: Redis Client Error
2024-10-15T11:30:13.225Z error: Redis Client Error
2024-10-15T11:30:13.747Z error: Redis Client Error
2024-10-15T11:30:14.260Z error: Redis Client Error
2024-10-15T11:30:14.767Z error: Redis Client Error
2024-10-15T11:30:15.275Z error: Redis Client Error
2024-10-15T11:30:15.793Z error: Redis Client Error
2024-10-15T11:30:16.299Z error: Redis Client Error
2024-10-15T11:30:16.806Z error: Redis Client Error
2024-10-15T11:30:17.327Z error: Redis Client Error
2024-10-15T11:30:17.837Z error: Redis Client Error
2024-10-15T11:30:18.348Z error: Redis Client Error
2024-10-15T11:30:18.856Z error: Redis Client Error
2024-10-15T11:30:19.381Z error: Redis Client Error
2024-10-15T11:30:19.898Z error: Redis Client Error
2024-10-15T11:30:20.405Z error: Redis Client Error
2024-10-15T11:30:20.911Z error: Redis Client Error
2024-10-15T11:30:21.419Z error: Redis Client Error
2024-10-15T11:30:21.924Z error: Redis Client Error
2024-10-15T11:30:22.431Z error: Redis Client Error
2024-10-15T11:30:22.939Z error: Redis Client Error
2024-10-15T11:30:23.443Z error: Redis Client Error
2024-10-15T11:30:23.962Z error: Redis Client Error
2024-10-15T11:30:24.472Z error: Redis Client Error
2024-10-15T11:30:24.977Z error: Redis Client Error
2024-10-15T11:30:25.487Z error: Redis Client Error
2024-10-15T11:30:26.009Z error: Redis Client Error
2024-10-15T11:30:26.527Z error: Redis Client Error
2024-10-15T11:30:27.036Z error: Redis Client Error
2024-10-15T11:30:27.543Z error: Redis Client Error
2024-10-15T11:30:28.060Z error: Redis Client Error
2024-10-15T11:30:28.566Z error: Redis Client Error
2024-10-15T11:30:29.073Z error: Redis Client Error
2024-10-15T11:30:29.601Z error: Redis Client Error
2024-10-15T11:30:30.128Z error: Redis Client Error
2024-10-15T11:30:30.652Z error: Redis Client Error
2024-10-15T11:30:31.165Z error: Redis Client Error
2024-10-15T11:30:31.795Z error: Redis Client Error
2024-10-15T11:30:32.372Z error: Redis Client Error
2024-10-15T11:30:32.887Z error: Redis Client Error
2024-10-15T11:30:33.417Z error: Redis Client Error
2024-10-15T11:30:33.928Z error: Redis Client Error
2024-10-15T11:30:34.574Z error: Redis Client Error
2024-10-15T11:30:35.162Z error: Redis Client Error
2024-10-15T11:30:35.815Z error: Redis Client Error
2024-10-15T11:30:36.401Z error: Redis Client Error
2024-10-15T11:30:36.910Z error: Redis Client Error
2024-10-15T11:30:37.422Z error: Redis Client Error
2024-10-15T11:30:37.929Z error: Redis Client Error
2024-10-15T11:30:38.445Z error: Redis Client Error
2024-10-15T11:30:38.976Z error: Redis Client Error
2024-10-15T11:30:39.483Z error: Redis Client Error
2024-10-15T11:30:39.988Z error: Redis Client Error
2024-10-15T11:30:40.499Z error: Redis Client Error
2024-10-15T11:30:41.017Z error: Redis Client Error
2024-10-15T11:30:41.543Z error: Redis Client Error
2024-10-15T11:30:42.057Z error: Redis Client Error
2024-10-15T11:30:42.577Z error: Redis Client Error
2024-10-15T11:30:43.085Z error: Redis Client Error
2024-10-15T11:30:43.608Z error: Redis Client Error
2024-10-15T11:30:44.126Z error: Redis Client Error
2024-10-15T11:30:44.632Z error: Redis Client Error
2024-10-15T11:30:45.140Z error: Redis Client Error
2024-10-15T11:30:45.660Z error: Redis Client Error
2024-10-15T11:30:46.164Z error: Redis Client Error
2024-10-15T11:30:46.688Z error: Redis Client Error
2024-10-15T11:30:47.324Z error: Redis Client Error
2024-10-15T11:30:47.866Z error: Redis Client Error
2024-10-15T11:30:48.394Z error: Redis Client Error
2024-10-15T11:30:48.900Z error: Redis Client Error
2024-10-15T11:30:49.406Z error: Redis Client Error
2024-10-15T11:30:49.915Z error: Redis Client Error
2024-10-15T11:30:50.435Z error: Redis Client Error
2024-10-15T11:30:50.945Z error: Redis Client Error
2024-10-15T11:30:51.464Z error: Redis Client Error
2024-10-15T11:30:51.970Z error: Redis Client Error
2024-10-15T11:30:52.473Z error: Redis Client Error
2024-10-15T11:30:52.982Z error: Redis Client Error
2024-10-15T11:30:53.491Z error: Redis Client Error
2024-10-15T11:30:54.006Z error: Redis Client Error
2024-10-15T11:30:54.525Z error: Redis Client Error
2024-10-15T11:30:55.032Z error: Redis Client Error
2024-10-15T11:30:55.542Z error: Redis Client Error
2024-10-15T11:30:56.058Z error: Redis Client Error
2024-10-15T11:30:56.563Z error: Redis Client Error
2024-10-15T11:30:57.081Z error: Redis Client Error
2024-10-15T11:30:57.589Z error: Redis Client Error
2024-10-15T11:30:58.103Z error: Redis Client Error
2024-10-15T11:30:58.607Z error: Redis Client Error
2024-10-15T11:30:59.125Z error: Redis Client Error
2024-10-15T11:30:59.803Z error: Redis Client Error
2024-10-15T11:31:00.398Z error: Redis Client Error
2024-10-15T11:31:00.960Z error: Redis Client Error
2024-10-15T11:31:01.483Z error: Redis Client Error
2024-10-15T11:31:02.022Z error: Redis Client Error
2024-10-15T11:31:02.528Z error: Redis Client Error
2024-10-15T11:31:03.033Z error: Redis Client Error
2024-10-15T11:31:03.543Z error: Redis Client Error
2024-10-15T11:31:04.050Z error: Redis Client Error
2024-10-15T11:31:04.569Z error: Redis Client Error
2024-10-15T11:31:05.077Z error: Redis Client Error
2024-10-15T11:31:05.629Z error: Redis Client Error
2024-10-15T11:31:06.158Z error: Redis Client Error
2024-10-15T11:31:06.725Z error: Redis Client Error
2024-10-15T11:31:07.278Z error: Redis Client Error
2024-10-15T11:31:13.699Z info: Bike Island server running on port 5000
2024-10-15T11:31:16.217Z error: MongoDB connection failed: bad auth : Authentication failed.
2024-10-15T11:33:50.160Z info: Bike Island server running on port 5000
2024-10-15T11:33:55.449Z info: MongoDB connected
2024-10-15T11:50:47.383Z info: Bike Island server running on port 5000
2024-10-15T11:50:51.001Z info: MongoDB connected
2024-10-15T11:51:53.260Z info: Bike Island server running on port 5000
2024-10-15T11:51:56.743Z info: MongoDB connected
2024-10-15T11:52:46.804Z info: Bike Island server running on port 5000
2024-10-15T11:52:51.330Z info: MongoDB connected
2024-10-15T11:53:54.787Z info: Bike Island server running on port 5000
2024-10-15T11:54:03.668Z info: Bike Island server running on port 5000
2024-10-15T11:54:08.258Z info: MongoDB connected
2024-10-15T11:55:09.073Z info: Bike Island server running on port 5000
2024-10-15T11:55:59.889Z info: Bike Island server running on port 5000
2024-10-15T11:56:03.003Z info: MongoDB connected
2024-10-15T12:00:18.907Z info: Bike Island server running on port 5000
2024-10-15T12:00:23.156Z info: MongoDB connected
2024-10-15T12:04:07.967Z info: Bike Island server running on port 5000
2024-10-15T12:04:10.821Z info: MongoDB connected
2024-10-15T12:51:43.208Z info: Bike Island server running on port 5000
2024-10-15T12:51:47.137Z info: MongoDB connected
2024-10-15T12:52:41.957Z info: Bike Island server running on port 5000
2024-10-15T12:52:48.951Z info: MongoDB connected
2024-10-15T12:53:03.081Z info: Bike Island server running on port 5000
2024-10-15T12:53:46.416Z info: Bike Island server running on port 5000
2024-10-15T12:53:49.807Z info: MongoDB connected
2024-10-15T12:54:14.818Z error: {"success":false,"statusCode":404,"message":"Not Found","errorMessages":[{"path":"","message":"Not Found"}],"status":"failed","stack":{}}
2024-10-15T12:54:37.805Z error: {"success":false,"statusCode":404,"message":"Not Found","errorMessages":[{"path":"","message":"Not Found"}],"status":"failed","stack":{}}
2024-10-15T12:55:10.967Z error: {"success":false,"statusCode":500,"message":"req.oidc is not found, did you include the auth middleware?","errorMessages":[{"path":"","message":"req.oidc is not found, did you include the auth middleware?"}],"status":"failed","stack":{}}
2024-10-15T12:55:52.384Z info: Bike Island server running on port 5000
2024-10-15T12:55:56.008Z info: MongoDB connected
2024-10-15T12:56:44.297Z error: {"success":false,"statusCode":404,"message":"Not Found","errorMessages":[{"path":"","message":"Not Found"}],"status":"failed","stack":{}}
2024-10-15T12:59:59.466Z info: Bike Island server running on port 5000
2024-10-15T13:00:05.305Z info: MongoDB connected
2024-10-15T13:00:22.837Z info: Bike Island server running on port 5000
2024-10-15T13:00:25.664Z info: MongoDB connected
2024-10-15T13:01:04.142Z info: Bike Island server running on port 5000
2024-10-15T13:01:09.316Z info: MongoDB connected
2024-10-15T13:01:26.500Z info: Bike Island server running on port 5000
2024-10-15T13:01:29.686Z info: MongoDB connected
2024-10-15T13:01:41.081Z info: Bike Island server running on port 5000
2024-10-15T13:01:44.382Z info: MongoDB connected
