2024-10-21T18:16:59.432Z info: GET /api/health 200 95ms
2024-10-21T18:18:40.320Z info: POST /api/v2/cycles 400 1155ms
2024-10-21T18:18:40.634Z error: {"success":false,"statusCode":400,"message":"Something went wrong! Try again later.","errorMessages":[{"type":"field","value":"","msg":"Invalid value","path":"productTitle","location":"body"},{"type":"field","value":"","msg":"Product title is required","path":"productTitle","location":"body"}],"status":"failed","stack":"ValidationError: Something went wrong! Try again later.\n    at E:\\Complete Web Development with Jhankar Mahbub Vai\\Node\\MongoDB\\bike-island-server\\src\\middlewares\\validate-request.js:9:23\n    at process.processTicksAndRejections (node:internal/process/task_queues:95:5)"}
2024-10-21T18:19:34.080Z info: GET /api/health 200 164ms
2024-10-21T18:22:41.253Z info: GET /api/health 200 12ms
2024-10-21T18:23:02.907Z error: {}
2024-10-21T18:24:06.622Z info: GET /api/health 200 8ms
2024-10-21T18:24:18.038Z info: POST /api/v2/cycles 201 862ms
2024-10-21T18:24:18.366Z info: GET /api/v2/cycles 200 96ms
2024-10-21T18:24:18.467Z info: DELETE /api/v2/cycles/67169c51aa5f5c7dcb223806 200 72ms
2024-10-21T18:24:25.286Z info: POST /api/v2/auth/signup 201 5894ms
2024-10-21T18:24:27.504Z info: POST /api/v2/auth/login 400 1855ms
2024-10-21T18:24:27.570Z error: {"success":false,"statusCode":400,"message":"User isn't verified!","errorMessages":[{"path":"","message":"User isn't verified!"}],"status":"failed","stack":{}}
2024-10-21T18:24:27.720Z info: POST /api/v2/auth/refresh 404 36ms
2024-10-21T18:24:27.727Z error: {"success":false,"statusCode":404,"message":"User does not exist","errorMessages":[{"path":"","message":"User does not exist"}],"status":"failed","stack":{}}
2024-10-21T18:24:30.500Z info: POST /api/v2/auth/get-otp 500 2701ms
2024-10-21T18:24:30.505Z error: {"success":false,"statusCode":500,"message":"sendResponse is not a function","errorMessages":[{"path":"","message":"sendResponse is not a function"}],"status":"failed","stack":{}}
2024-10-21T18:24:30.560Z info: GET /api/v2/auth/own-otp 500 20ms
2024-10-21T18:24:30.566Z error: {"success":false,"statusCode":500,"message":"sendResponse is not a function","errorMessages":[{"path":"","message":"sendResponse is not a function"}],"status":"failed","stack":{}}
2024-10-21T18:24:34.377Z info: POST /api/v2/auth/verify-otp 404 58ms
2024-10-21T18:24:34.380Z error: {"success":false,"statusCode":404,"message":"User not found","errorMessages":[{"path":"","message":"User not found"}],"status":"failed","stack":{}}
2024-10-21T18:24:34.408Z info: PATCH /api/v2/auth/change-password 404 2ms
2024-10-21T18:24:34.411Z error: {"success":false,"statusCode":404,"message":"Resource not found","errorMessages":[{"path":"","message":"Resource not found"}],"status":"failed","stack":{}}
2024-10-21T18:24:38.096Z info: POST /api/v2/auth/forgot-password 200 3661ms
2024-10-21T18:24:38.143Z info: POST /api/v2/auth/logout 404 11ms
2024-10-21T18:24:38.146Z error: {"success":false,"statusCode":404,"message":"User not found","errorMessages":[{"path":"","message":"User not found"}],"status":"failed","stack":{}}
2024-10-21T18:27:37.835Z info: POST /api/v2/cycles 400 556ms
2024-10-21T18:27:38.126Z error: {"success":false,"statusCode":400,"message":"Something went wrong! Try again later.","errorMessages":[{"type":"field","value":"","msg":"Invalid value","path":"productTitle","location":"body"},{"type":"field","value":"","msg":"Product title is required","path":"productTitle","location":"body"}],"status":"failed","stack":"ValidationError: Something went wrong! Try again later.\n    at E:\\Complete Web Development with Jhankar Mahbub Vai\\Node\\MongoDB\\bike-island-server\\src\\middlewares\\validate-request.js:12:23\n    at process.processTicksAndRejections (node:internal/process/task_queues:95:5)"}
2024-10-21T18:27:43.987Z info: GET /api/health 200 16ms
2024-10-21T18:29:08.089Z info: POST /api/v2/cycles 400 1507ms
2024-10-21T18:29:08.183Z error: {"success":false,"statusCode":400,"message":"Something went wrong! Try again later.","errorMessages":[{"type":"field","value":"","msg":"Invalid value","path":"productTitle","location":"body"},{"type":"field","value":"","msg":"Product title is required","path":"productTitle","location":"body"}],"status":"failed","stack":"ValidationError: Something went wrong! Try again later.\n    at E:\\Complete Web Development with Jhankar Mahbub Vai\\Node\\MongoDB\\bike-island-server\\src\\middlewares\\validate-request.js:12:23\n    at process.processTicksAndRejections (node:internal/process/task_queues:95:5)"}
2024-10-21T18:29:36.764Z info: GET /api/health 200 88ms
2024-10-21T18:29:47.708Z info: POST /api/v2/cycles 201 498ms
2024-10-21T18:29:48.297Z info: GET /api/v2/cycles 200 172ms
2024-10-21T18:29:48.492Z info: DELETE /api/v2/cycles/67169d9bcea82389d188c711 200 29ms
2024-10-21T18:29:51.669Z info: POST /api/v2/auth/signup 201 5325ms
2024-10-21T18:29:52.818Z info: POST /api/v2/auth/login 400 924ms
2024-10-21T18:29:52.839Z error: {"success":false,"statusCode":400,"message":"User isn't verified!","errorMessages":[{"path":"","message":"User isn't verified!"}],"status":"failed","stack":{}}
2024-10-21T18:29:52.953Z info: POST /api/v2/auth/refresh 404 28ms
2024-10-21T18:29:52.967Z error: {"success":false,"statusCode":404,"message":"User does not exist","errorMessages":[{"path":"","message":"User does not exist"}],"status":"failed","stack":{}}
2024-10-21T18:29:55.620Z info: POST /api/v2/auth/get-otp 500 2550ms
2024-10-21T18:29:55.623Z error: {"success":false,"statusCode":500,"message":"sendResponse is not a function","errorMessages":[{"path":"","message":"sendResponse is not a function"}],"status":"failed","stack":{}}
2024-10-21T18:29:55.667Z info: GET /api/v2/auth/own-otp 500 16ms
2024-10-21T18:29:55.672Z error: {"success":false,"statusCode":500,"message":"sendResponse is not a function","errorMessages":[{"path":"","message":"sendResponse is not a function"}],"status":"failed","stack":{}}
2024-10-21T18:29:59.044Z info: POST /api/v2/auth/verify-otp 404 29ms
2024-10-21T18:29:59.049Z error: {"success":false,"statusCode":404,"message":"User not found","errorMessages":[{"path":"","message":"User not found"}],"status":"failed","stack":{}}
2024-10-21T18:29:59.093Z info: PATCH /api/v2/auth/change-password 404 13ms
2024-10-21T18:29:59.100Z error: {"success":false,"statusCode":404,"message":"Resource not found","errorMessages":[{"path":"","message":"Resource not found"}],"status":"failed","stack":{}}
2024-10-21T18:30:01.667Z info: POST /api/v2/auth/forgot-password 200 2507ms
2024-10-21T18:30:01.713Z info: POST /api/v2/auth/logout 404 11ms
2024-10-21T18:30:01.717Z error: {"success":false,"statusCode":404,"message":"User not found","errorMessages":[{"path":"","message":"User not found"}],"status":"failed","stack":{}}
2024-10-21T18:31:19.990Z info: GET /api/health 200 43ms
2024-10-21T18:32:29.108Z info: POST /api/v2/cycles 400 1258ms
2024-10-21T18:32:29.429Z error: {"success":false,"statusCode":400,"message":"Something went wrong! Try again later.","errorMessages":[{"type":"field","value":"","msg":"Invalid value","path":"productTitle","location":"body"},{"type":"field","value":"","msg":"Product title is required","path":"productTitle","location":"body"}],"status":"failed","stack":"ValidationError: Something went wrong! Try again later.\n    at E:\\Complete Web Development with Jhankar Mahbub Vai\\Node\\MongoDB\\bike-island-server\\src\\middlewares\\validate-request.js:12:23\n    at process.processTicksAndRejections (node:internal/process/task_queues:95:5)"}
2024-10-21T18:32:58.004Z info: GET /api/health 200 10ms
2024-10-21T18:33:10.481Z info: POST /api/v2/cycles 201 457ms
2024-10-21T18:33:11.005Z info: GET /api/v2/cycles 200 156ms
2024-10-21T18:33:11.283Z info: DELETE /api/v2/cycles/67169e668edff9fab3f50edf 200 100ms
2024-10-21T18:33:16.069Z info: POST /api/v2/auth/signup 201 5951ms
2024-10-21T18:33:18.322Z info: POST /api/v2/auth/login 400 2063ms
2024-10-21T18:33:18.382Z error: {"success":false,"statusCode":400,"message":"User isn't verified!","errorMessages":[{"path":"","message":"User isn't verified!"}],"status":"failed","stack":{}}
2024-10-21T18:33:19.017Z info: POST /api/v2/auth/refresh 404 134ms
2024-10-21T18:33:19.037Z error: {"success":false,"statusCode":404,"message":"User does not exist","errorMessages":[{"path":"","message":"User does not exist"}],"status":"failed","stack":{}}
2024-10-21T18:33:22.858Z info: POST /api/v2/auth/get-otp 500 3703ms
2024-10-21T18:33:22.861Z error: {"success":false,"statusCode":500,"message":"sendResponse is not a function","errorMessages":[{"path":"","message":"sendResponse is not a function"}],"status":"failed","stack":{}}
2024-10-21T18:33:22.923Z info: GET /api/v2/auth/own-otp 500 27ms
2024-10-21T18:33:22.933Z error: {"success":false,"statusCode":500,"message":"sendResponse is not a function","errorMessages":[{"path":"","message":"sendResponse is not a function"}],"status":"failed","stack":{}}
2024-10-21T18:33:27.014Z info: POST /api/v2/auth/verify-otp 404 28ms
2024-10-21T18:33:27.018Z error: {"success":false,"statusCode":404,"message":"User not found","errorMessages":[{"path":"","message":"User not found"}],"status":"failed","stack":{}}
2024-10-21T18:33:27.045Z info: PATCH /api/v2/auth/change-password 404 2ms
2024-10-21T18:33:27.049Z error: {"success":false,"statusCode":404,"message":"Resource not found","errorMessages":[{"path":"","message":"Resource not found"}],"status":"failed","stack":{}}
2024-10-21T18:33:30.173Z info: POST /api/v2/auth/forgot-password 200 3082ms
2024-10-21T18:33:30.220Z info: POST /api/v2/auth/logout 404 12ms
2024-10-21T18:33:30.224Z error: {"success":false,"statusCode":404,"message":"User not found","errorMessages":[{"path":"","message":"User not found"}],"status":"failed","stack":{}}
2024-10-21T18:35:36.836Z info: POST /api/v2/cycles 400 1020ms
2024-10-21T18:35:36.964Z error: {"success":false,"statusCode":400,"message":"Something went wrong! Try again later.","errorMessages":[{"type":"field","value":"","msg":"Invalid value","path":"productTitle","location":"body"},{"type":"field","value":"","msg":"Product title is required","path":"productTitle","location":"body"}],"status":"failed","stack":"ValidationError: Something went wrong! Try again later.\n    at E:\\Complete Web Development with Jhankar Mahbub Vai\\Node\\MongoDB\\bike-island-server\\src\\middlewares\\validate-request.js:12:23\n    at process.processTicksAndRejections (node:internal/process/task_queues:95:5)"}
2024-10-21T18:35:52.474Z info: GET /api/health 200 5ms
2024-10-21T18:37:50.641Z info: GET /api/health 200 17ms
2024-10-21T18:37:58.208Z info: POST /api/v2/cycles 400 789ms
2024-10-21T18:37:58.428Z error: {"success":false,"statusCode":400,"message":"Something went wrong! Try again later.","errorMessages":[{"type":"field","value":"","msg":"Invalid value","path":"productTitle","location":"body"},{"type":"field","value":"","msg":"Product title is required","path":"productTitle","location":"body"}],"status":"failed","stack":"ValidationError: Something went wrong! Try again later.\n    at E:\\Complete Web Development with Jhankar Mahbub Vai\\Node\\MongoDB\\bike-island-server\\src\\middlewares\\validate-request.js:12:23\n    at process.processTicksAndRejections (node:internal/process/task_queues:95:5)"}
2024-10-21T18:39:14.110Z info: GET /api/health 200 13ms
2024-10-21T18:41:23.963Z info: GET /api/health 200 11ms
2024-10-21T18:41:32.335Z info: POST /api/v2/cycles 400 1036ms
2024-10-21T18:41:32.340Z error: {"success":false,"statusCode":400,"message":"Something went wrong! Try again later.","errorMessages":[{"type":"field","value":"","msg":"Invalid value","path":"productTitle","location":"body"},{"type":"field","value":"","msg":"Product title is required","path":"productTitle","location":"body"}],"status":"failed","stack":"ValidationError: Something went wrong! Try again later.\n    at E:\\Complete Web Development with Jhankar Mahbub Vai\\Node\\MongoDB\\bike-island-server\\src\\middlewares\\validate-request.js:12:23\n    at process.processTicksAndRejections (node:internal/process/task_queues:95:5)"}
2024-10-21T18:43:12.771Z info: GET /api/health 200 10ms
2024-10-21T18:43:18.469Z info: POST /api/v2/cycles 400 1586ms
2024-10-21T18:43:18.912Z error: {"success":false,"statusCode":400,"message":"Something went wrong! Try again later.","errorMessages":[{"type":"field","value":"","msg":"Invalid value","path":"productTitle","location":"body"},{"type":"field","value":"","msg":"Product title is required","path":"productTitle","location":"body"}],"status":"failed","stack":"ValidationError: Something went wrong! Try again later.\n    at E:\\Complete Web Development with Jhankar Mahbub Vai\\Node\\MongoDB\\bike-island-server\\src\\middlewares\\validate-request.js:12:23\n    at process.processTicksAndRejections (node:internal/process/task_queues:95:5)"}
2024-10-21T18:44:30.719Z info: GET /api/health 200 13ms
2024-10-21T18:44:44.676Z info: POST /api/v2/cycles 201 460ms
2024-10-21T18:44:45.302Z info: GET /api/v2/cycles 200 191ms
2024-10-21T18:44:45.488Z info: DELETE /api/v2/cycles/6716a11ca9c4b7ac4776bca2 200 54ms
2024-10-21T18:55:21.825Z info: POST /api/v2/cycles 201 1404ms
2024-10-21T18:56:04.591Z info: GET /api/health 200 33ms
2024-10-21T18:59:01.471Z info: POST /api/v2/cycles 201 2023ms
2024-10-21T18:59:36.625Z info: GET /api/health 200 68ms
2024-10-21T19:01:18.336Z info: GET /api/health 200 17ms
2024-10-21T19:06:12.691Z info: GET /api/health 200 187ms
2024-10-21T19:08:50.092Z info: GET /api/health 200 203ms
2024-10-21T19:11:34.085Z info: GET /api/health 200 47ms
2024-10-21T19:13:56.766Z info: GET /api/health 200 5ms
2024-10-21T19:15:28.807Z info: GET /api/health 200 42ms
2024-10-21T19:17:24.917Z info: GET /api/health 200 247ms
2024-10-21T19:19:44.976Z info: GET /api/health 200 6ms
2024-10-21T19:19:54.747Z info: POST /api/v2/cycles 201 369ms
2024-10-21T19:19:55.485Z info: GET /api/v2/cycles 200 169ms
2024-10-21T19:19:55.608Z info: DELETE /api/v2/cycles/6716a95a7099b224059f0400 200 98ms
2024-10-21T19:20:02.270Z info: POST /api/v2/auth/signup 201 5426ms
2024-10-21T19:20:03.559Z info: POST /api/v2/auth/login 400 1064ms
2024-10-21T19:20:03.575Z error: {"success":false,"statusCode":400,"message":"User isn't verified!","errorMessages":[{"path":"","message":"User isn't verified!"}],"status":"failed","stack":{}}
2024-10-21T19:20:03.748Z info: POST /api/v2/auth/refresh 404 51ms
2024-10-21T19:20:03.755Z error: {"success":false,"statusCode":404,"message":"User does not exist","errorMessages":[{"path":"","message":"User does not exist"}],"status":"failed","stack":{}}
2024-10-21T19:20:07.125Z info: POST /api/v2/auth/get-otp 500 3303ms
2024-10-21T19:20:07.130Z error: {"success":false,"statusCode":500,"message":"sendResponse is not a function","errorMessages":[{"path":"","message":"sendResponse is not a function"}],"status":"failed","stack":{}}
2024-10-21T19:20:07.183Z info: GET /api/v2/auth/own-otp 500 18ms
2024-10-21T19:20:07.209Z error: {"success":false,"statusCode":500,"message":"sendResponse is not a function","errorMessages":[{"path":"","message":"sendResponse is not a function"}],"status":"failed","stack":{}}
2024-10-21T19:20:11.590Z info: POST /api/v2/auth/verify-otp 404 18ms
2024-10-21T19:20:11.596Z error: {"success":false,"statusCode":404,"message":"User not found","errorMessages":[{"path":"","message":"User not found"}],"status":"failed","stack":{}}
2024-10-21T19:20:11.643Z info: PATCH /api/v2/auth/change-password 404 7ms
2024-10-21T19:20:11.649Z error: {"success":false,"statusCode":404,"message":"Resource not found","errorMessages":[{"path":"","message":"Resource not found"}],"status":"failed","stack":{}}
2024-10-21T19:20:15.336Z info: POST /api/v2/auth/forgot-password 200 3598ms
2024-10-21T19:20:15.381Z info: POST /api/v2/auth/logout 404 14ms
2024-10-21T19:20:15.385Z error: {"success":false,"statusCode":404,"message":"User not found","errorMessages":[{"path":"","message":"User not found"}],"status":"failed","stack":{}}
2024-10-21T19:21:14.693Z info: GET /api/health 200 9ms
2024-10-21T19:21:27.117Z info: POST /api/v2/cycles 201 883ms
2024-10-21T19:21:28.762Z info: GET /api/v2/cycles 200 367ms
2024-10-21T19:21:28.916Z info: DELETE /api/v2/cycles/6716a9b638ffe9541db67f92 200 129ms
2024-10-21T19:21:32.955Z info: POST /api/v2/auth/signup 201 7693ms
2024-10-21T19:21:34.131Z info: POST /api/v2/auth/login 400 977ms
2024-10-21T19:21:34.150Z error: {"success":false,"statusCode":400,"message":"User isn't verified!","errorMessages":[{"path":"","message":"User isn't verified!"}],"status":"failed","stack":{}}
2024-10-21T19:21:34.350Z info: POST /api/v2/auth/refresh 404 79ms
2024-10-21T19:21:34.361Z error: {"success":false,"statusCode":404,"message":"User does not exist","errorMessages":[{"path":"","message":"User does not exist"}],"status":"failed","stack":{}}
2024-10-21T19:21:36.975Z info: POST /api/v2/auth/get-otp 500 2553ms
2024-10-21T19:21:36.978Z error: {"success":false,"statusCode":500,"message":"sendResponse is not a function","errorMessages":[{"path":"","message":"sendResponse is not a function"}],"status":"failed","stack":{}}
2024-10-21T19:21:37.043Z info: GET /api/v2/auth/own-otp 500 14ms
2024-10-21T19:21:37.050Z error: {"success":false,"statusCode":500,"message":"sendResponse is not a function","errorMessages":[{"path":"","message":"sendResponse is not a function"}],"status":"failed","stack":{}}
2024-10-21T19:21:39.619Z info: POST /api/v2/auth/verify-otp 404 13ms
2024-10-21T19:21:39.629Z error: {"success":false,"statusCode":404,"message":"User not found","errorMessages":[{"path":"","message":"User not found"}],"status":"failed","stack":{}}
2024-10-21T19:21:39.694Z info: PATCH /api/v2/auth/change-password 404 4ms
2024-10-21T19:21:39.703Z error: {"success":false,"statusCode":404,"message":"Resource not found","errorMessages":[{"path":"","message":"Resource not found"}],"status":"failed","stack":{}}
2024-10-21T19:21:43.513Z info: POST /api/v2/auth/forgot-password 200 3730ms
2024-10-21T19:21:43.600Z info: POST /api/v2/auth/logout 404 35ms
2024-10-21T19:21:43.613Z error: {"success":false,"statusCode":404,"message":"User not found","errorMessages":[{"path":"","message":"User not found"}],"status":"failed","stack":{}}
2024-10-21T19:28:00.421Z info: GET /api/health 200 9ms
2024-10-21T19:28:15.838Z info: POST /api/v2/auth/signup 201 5738ms
2024-10-21T19:28:18.809Z info: POST /api/v2/auth/login 400 2591ms
2024-10-21T19:28:18.872Z error: {"success":false,"statusCode":400,"message":"User isn't verified!","errorMessages":[{"path":"","message":"User isn't verified!"}],"status":"failed","stack":{}}
2024-10-21T19:28:19.349Z info: POST /api/v2/auth/refresh 404 38ms
2024-10-21T19:28:19.352Z error: {"success":false,"statusCode":404,"message":"User does not exist","errorMessages":[{"path":"","message":"User does not exist"}],"status":"failed","stack":{}}
2024-10-21T19:28:22.630Z info: POST /api/v2/auth/get-otp 500 3065ms
2024-10-21T19:28:22.634Z error: {"success":false,"statusCode":500,"message":"sendResponse is not a function","errorMessages":[{"path":"","message":"sendResponse is not a function"}],"status":"failed","stack":{}}
2024-10-21T19:28:22.695Z info: GET /api/v2/auth/own-otp 500 21ms
2024-10-21T19:28:22.713Z error: {"success":false,"statusCode":500,"message":"sendResponse is not a function","errorMessages":[{"path":"","message":"sendResponse is not a function"}],"status":"failed","stack":{}}
2024-10-21T19:28:27.273Z info: POST /api/v2/auth/verify-otp 404 756ms
2024-10-21T19:28:27.277Z error: {"success":false,"statusCode":404,"message":"User not found","errorMessages":[{"path":"","message":"User not found"}],"status":"failed","stack":{}}
2024-10-21T19:28:27.305Z info: PATCH /api/v2/auth/change-password 404 2ms
2024-10-21T19:28:27.307Z error: {"success":false,"statusCode":404,"message":"Resource not found","errorMessages":[{"path":"","message":"Resource not found"}],"status":"failed","stack":{}}
2024-10-21T19:28:32.252Z info: POST /api/v2/auth/forgot-password 200 4629ms
2024-10-21T19:28:32.764Z info: POST /api/v2/auth/logout 404 253ms
2024-10-21T19:28:32.771Z error: {"success":false,"statusCode":404,"message":"User not found","errorMessages":[{"path":"","message":"User not found"}],"status":"failed","stack":{}}
2024-10-21T19:29:50.018Z info: GET /api/health 200 12ms
2024-10-21T19:30:00.629Z info: POST /api/v2/cycles 201 457ms
2024-10-21T19:30:01.424Z info: GET /api/v2/cycles 200 267ms
2024-10-21T19:30:01.585Z info: DELETE /api/v2/cycles/6716abb8f9bf0e4d68dee40f 200 140ms
2024-10-21T19:30:07.038Z info: POST /api/v2/auth/signup 201 6158ms
2024-10-21T19:30:08.176Z info: POST /api/v2/auth/login 400 960ms
2024-10-21T19:30:08.200Z error: {"success":false,"statusCode":400,"message":"User isn't verified!","errorMessages":[{"path":"","message":"User isn't verified!"}],"status":"failed","stack":{}}
2024-10-21T19:30:08.371Z info: POST /api/v2/auth/refresh 404 61ms
2024-10-21T19:30:08.374Z error: {"success":false,"statusCode":404,"message":"User does not exist","errorMessages":[{"path":"","message":"User does not exist"}],"status":"failed","stack":{}}
2024-10-21T19:30:11.625Z info: POST /api/v2/auth/get-otp 500 3174ms
2024-10-21T19:30:11.629Z error: {"success":false,"statusCode":500,"message":"sendResponse is not a function","errorMessages":[{"path":"","message":"sendResponse is not a function"}],"status":"failed","stack":{}}
2024-10-21T19:30:11.704Z info: GET /api/v2/auth/own-otp 500 22ms
2024-10-21T19:30:11.713Z error: {"success":false,"statusCode":500,"message":"sendResponse is not a function","errorMessages":[{"path":"","message":"sendResponse is not a function"}],"status":"failed","stack":{}}
2024-10-21T19:30:14.511Z info: POST /api/v2/auth/verify-otp 404 9ms
2024-10-21T19:30:14.514Z error: {"success":false,"statusCode":404,"message":"User not found","errorMessages":[{"path":"","message":"User not found"}],"status":"failed","stack":{}}
2024-10-21T19:30:14.531Z info: PATCH /api/v2/auth/change-password 404 0ms
2024-10-21T19:30:14.533Z error: {"success":false,"statusCode":404,"message":"Resource not found","errorMessages":[{"path":"","message":"Resource not found"}],"status":"failed","stack":{}}
2024-10-21T19:30:17.758Z info: POST /api/v2/auth/forgot-password 200 3209ms
2024-10-21T19:30:17.808Z info: POST /api/v2/auth/logout 404 12ms
2024-10-21T19:30:17.814Z error: {"success":false,"statusCode":404,"message":"User not found","errorMessages":[{"path":"","message":"User not found"}],"status":"failed","stack":{}}
2024-10-21T19:30:46.719Z info: GET /api/health 200 52ms
2024-10-21T19:38:55.368Z info: POST /api/v2/cycles 404 21ms
2024-10-21T19:38:55.420Z error: {"success":false,"statusCode":404,"message":"Resource not found","errorMessages":[{"path":"","message":"Resource not found"}],"status":"failed","stack":{}}
2024-10-21T19:38:56.138Z info: GET /api/v2/cycles 404 166ms
2024-10-21T19:38:56.150Z error: {"success":false,"statusCode":404,"message":"No cycles found","errorMessages":[{"path":"","message":"No cycles found"}],"status":"failed","stack":{}}
2024-10-21T19:40:46.862Z info: GET /api/health 200 11ms
2024-10-21T19:42:01.695Z info: GET /api/health 200 11ms
2024-10-21T19:42:13.213Z info: POST /api/v2/cycles 404 82ms
2024-10-21T19:42:13.363Z error: {"success":false,"statusCode":404,"message":"Resource not found","errorMessages":[{"path":"","message":"Resource not found"}],"status":"failed","stack":{}}
2024-10-21T19:42:14.569Z info: GET /api/v2/cycles 404 675ms
2024-10-21T19:42:14.574Z error: {"success":false,"statusCode":404,"message":"No cycles found","errorMessages":[{"path":"","message":"No cycles found"}],"status":"failed","stack":{}}
2024-10-21T19:42:19.292Z info: POST /api/v2/auth/signup 201 5699ms
2024-10-21T19:42:20.581Z info: POST /api/v2/auth/login 400 1114ms
2024-10-21T19:42:20.600Z error: {"success":false,"statusCode":400,"message":"User isn't verified!","errorMessages":[{"path":"","message":"User isn't verified!"}],"status":"failed","stack":{}}
2024-10-21T19:42:20.782Z info: POST /api/v2/auth/refresh 404 56ms
2024-10-21T19:42:20.788Z error: {"success":false,"statusCode":404,"message":"User does not exist","errorMessages":[{"path":"","message":"User does not exist"}],"status":"failed","stack":{}}
2024-10-21T19:42:24.087Z info: POST /api/v2/auth/get-otp 500 3226ms
2024-10-21T19:42:24.092Z error: {"success":false,"statusCode":500,"message":"sendResponse is not a function","errorMessages":[{"path":"","message":"sendResponse is not a function"}],"status":"failed","stack":{}}
2024-10-21T19:42:24.139Z info: GET /api/v2/auth/own-otp 500 13ms
2024-10-21T19:42:24.143Z error: {"success":false,"statusCode":500,"message":"sendResponse is not a function","errorMessages":[{"path":"","message":"sendResponse is not a function"}],"status":"failed","stack":{}}
2024-10-21T19:42:26.999Z info: POST /api/v2/auth/verify-otp 404 11ms
2024-10-21T19:42:27.005Z error: {"success":false,"statusCode":404,"message":"User not found","errorMessages":[{"path":"","message":"User not found"}],"status":"failed","stack":{}}
2024-10-21T19:42:27.039Z info: PATCH /api/v2/auth/change-password 404 4ms
2024-10-21T19:42:27.060Z error: {"success":false,"statusCode":404,"message":"Resource not found","errorMessages":[{"path":"","message":"Resource not found"}],"status":"failed","stack":{}}
2024-10-21T19:42:31.852Z info: POST /api/v2/auth/forgot-password 200 4724ms
2024-10-21T19:42:31.906Z info: POST /api/v2/auth/logout 404 13ms
2024-10-21T19:42:31.909Z error: {"success":false,"statusCode":404,"message":"User not found","errorMessages":[{"path":"","message":"User not found"}],"status":"failed","stack":{}}
2024-10-21T19:45:43.806Z info: GET /api/health 200 10ms
2024-10-21T19:47:59.831Z info: GET /api/health 200 15ms
2024-10-21T19:48:10.600Z info: POST /api/v2/cycles 404 30ms
2024-10-21T19:48:10.727Z error: {"success":false,"statusCode":404,"message":"Resource not found","errorMessages":[{"path":"","message":"Resource not found"}],"status":"failed","stack":{}}
2024-10-21T19:48:11.645Z info: GET /api/v2/cycles 404 224ms
2024-10-21T19:48:11.658Z error: {"success":false,"statusCode":404,"message":"No cycles found","errorMessages":[{"path":"","message":"No cycles found"}],"status":"failed","stack":{}}
2024-10-21T19:48:17.092Z info: POST /api/v2/auth/signup 201 6169ms
2024-10-21T19:48:18.382Z info: POST /api/v2/auth/login 400 1039ms
2024-10-21T19:48:18.401Z error: {"success":false,"statusCode":400,"message":"User isn't verified!","errorMessages":[{"path":"","message":"User isn't verified!"}],"status":"failed","stack":{}}
2024-10-21T19:48:18.644Z info: POST /api/v2/auth/refresh 404 91ms
2024-10-21T19:48:18.648Z error: {"success":false,"statusCode":404,"message":"User does not exist","errorMessages":[{"path":"","message":"User does not exist"}],"status":"failed","stack":{}}
2024-10-21T19:48:21.144Z info: POST /api/v2/auth/get-otp 500 2429ms
2024-10-21T19:48:21.148Z error: {"success":false,"statusCode":500,"message":"sendResponse is not a function","errorMessages":[{"path":"","message":"sendResponse is not a function"}],"status":"failed","stack":{}}
2024-10-21T19:48:21.224Z info: GET /api/v2/auth/own-otp 500 40ms
2024-10-21T19:48:21.232Z error: {"success":false,"statusCode":500,"message":"sendResponse is not a function","errorMessages":[{"path":"","message":"sendResponse is not a function"}],"status":"failed","stack":{}}
2024-10-21T19:48:24.262Z info: POST /api/v2/auth/verify-otp 404 12ms
2024-10-21T19:48:24.267Z error: {"success":false,"statusCode":404,"message":"User not found","errorMessages":[{"path":"","message":"User not found"}],"status":"failed","stack":{}}
2024-10-21T19:48:24.316Z info: PATCH /api/v2/auth/change-password 404 14ms
2024-10-21T19:48:24.323Z error: {"success":false,"statusCode":404,"message":"Resource not found","errorMessages":[{"path":"","message":"Resource not found"}],"status":"failed","stack":{}}
2024-10-21T19:48:27.780Z info: POST /api/v2/auth/forgot-password 200 3418ms
2024-10-21T19:48:27.839Z info: POST /api/v2/auth/logout 404 11ms
2024-10-21T19:48:27.843Z error: {"success":false,"statusCode":404,"message":"User not found","errorMessages":[{"path":"","message":"User not found"}],"status":"failed","stack":{}}
2024-10-21T19:49:44.917Z info: GET /api/health 200 13ms
2024-10-21T19:51:51.518Z info: GET /api/health 200 62ms
2024-10-21T19:56:44.025Z info: GET /api/health 200 10ms
2024-10-21T19:59:04.415Z info: GET /api/health 200 18ms
2024-10-21T20:02:07.174Z info: GET /api/health 200 12ms
2024-10-21T20:03:21.834Z info: GET /api/health 200 23ms
2024-10-21T20:03:36.043Z info: POST /api/v2/cycles 201 480ms
2024-10-21T20:03:36.507Z info: GET /api/v2/cycles 200 132ms
2024-10-21T20:03:36.545Z info: DELETE /api/v2/cycles/6716b3977fad336b62f474e6 200 16ms
2024-10-21T20:03:42.359Z info: POST /api/v2/auth/signup 201 7653ms
2024-10-21T20:03:43.662Z info: POST /api/v2/auth/login 400 1100ms
2024-10-21T20:03:43.680Z error: {"success":false,"statusCode":400,"message":"User isn't verified!","errorMessages":[{"path":"","message":"User isn't verified!"}],"status":"failed","stack":{}}
2024-10-21T20:03:43.840Z info: POST /api/v2/auth/refresh 404 48ms
2024-10-21T20:03:43.848Z error: {"success":false,"statusCode":404,"message":"User does not exist","errorMessages":[{"path":"","message":"User does not exist"}],"status":"failed","stack":{}}
2024-10-21T20:03:47.225Z info: POST /api/v2/auth/get-otp 500 3312ms
2024-10-21T20:03:47.230Z error: {"success":false,"statusCode":500,"message":"sendResponse is not a function","errorMessages":[{"path":"","message":"sendResponse is not a function"}],"status":"failed","stack":{}}
2024-10-21T20:03:47.307Z info: GET /api/v2/auth/own-otp 500 42ms
2024-10-21T20:03:47.320Z error: {"success":false,"statusCode":500,"message":"sendResponse is not a function","errorMessages":[{"path":"","message":"sendResponse is not a function"}],"status":"failed","stack":{}}
2024-10-21T20:03:50.900Z info: POST /api/v2/auth/verify-otp 404 20ms
2024-10-21T20:03:50.904Z error: {"success":false,"statusCode":404,"message":"User not found","errorMessages":[{"path":"","message":"User not found"}],"status":"failed","stack":{}}
2024-10-21T20:03:50.962Z info: PATCH /api/v2/auth/change-password 404 7ms
2024-10-21T20:03:50.972Z error: {"success":false,"statusCode":404,"message":"Resource not found","errorMessages":[{"path":"","message":"Resource not found"}],"status":"failed","stack":{}}
2024-10-21T20:03:55.337Z info: POST /api/v2/auth/forgot-password 200 4296ms
2024-10-21T20:03:55.385Z info: POST /api/v2/auth/logout 404 11ms
2024-10-21T20:03:55.390Z error: {"success":false,"statusCode":404,"message":"User not found","errorMessages":[{"path":"","message":"User not found"}],"status":"failed","stack":{}}
2024-10-21T20:05:01.952Z info: GET /api/health 200 11ms
2024-10-21T20:06:28.223Z info: GET /api/health 200 23ms
2024-10-21T20:07:59.451Z info: GET /api/health 200 14ms
2024-10-21T20:14:47.799Z info: GET /api/v2/docs/ 304 16ms
2024-10-21T20:14:49.682Z info: GET /api/v2/docs/swagger-ui-init.js 200 1ms
2024-10-21T20:14:49.904Z info: GET /api/v2/docs/swagger-ui.css 304 443ms
2024-10-21T20:14:49.907Z info: GET /api/v2/docs/swagger-ui-bundle.js 304 445ms
2024-10-21T20:14:49.911Z info: GET /api/v2/docs/swagger-ui-standalone-preset.js 304 447ms
2024-10-21T20:14:53.182Z info: GET /api/v2/docs/favicon-32x32.png 304 1ms
2024-10-21T20:20:56.922Z info: GET /api/v2/docs/ 304 29ms
2024-10-21T20:20:58.682Z info: GET /api/v2/docs/swagger-ui-init.js 200 1ms
2024-10-21T20:20:58.691Z info: GET /api/v2/docs/swagger-ui.css 304 15ms
2024-10-21T20:20:58.702Z info: GET /api/v2/docs/swagger-ui-standalone-preset.js 304 25ms
2024-10-21T20:20:58.719Z info: GET /api/v2/docs/swagger-ui-bundle.js 304 31ms
2024-10-21T20:21:00.919Z info: GET /api/v2/docs/favicon-32x32.png 304 3ms
2024-10-21T20:23:17.285Z info: GET /api/v2/docs/ 304 17ms
2024-10-21T20:23:19.113Z info: GET /api/v2/docs/swagger-ui-init.js 200 0ms
2024-10-21T20:23:19.119Z info: GET /api/v2/docs/swagger-ui.css 304 10ms
2024-10-21T20:23:19.126Z info: GET /api/v2/docs/swagger-ui-bundle.js 304 17ms
2024-10-21T20:23:19.134Z info: GET /api/v2/docs/swagger-ui-standalone-preset.js 304 24ms
2024-10-21T20:23:21.312Z info: GET /api/v2/docs/favicon-32x32.png 304 2ms
2024-10-21T20:37:58.221Z info: GET /api/health 200 17ms
2024-10-21T20:44:56.398Z info: GET /api/health 200 45ms
2024-10-21T20:45:12.199Z info: POST /api/v2/auth/signup 201 5978ms
2024-10-21T20:45:14.875Z info: POST /api/v2/auth/login 400 2372ms
2024-10-21T20:45:14.895Z error: {"success":false,"statusCode":400,"message":"User isn't verified!","errorMessages":[{"path":"","message":"User isn't verified!"}],"status":"failed","stack":{}}
2024-10-21T20:45:15.180Z info: POST /api/v2/auth/refresh 404 101ms
2024-10-21T20:45:15.215Z error: {"success":false,"statusCode":404,"message":"User does not exist","errorMessages":[{"path":"","message":"User does not exist"}],"status":"failed","stack":{}}
2024-10-21T20:45:18.582Z info: POST /api/v2/auth/get-otp 500 3187ms
2024-10-21T20:45:18.589Z error: {"success":false,"statusCode":500,"message":"sendResponse is not a function","errorMessages":[{"path":"","message":"sendResponse is not a function"}],"status":"failed","stack":{}}
2024-10-21T20:45:18.642Z info: GET /api/v2/auth/own-otp 500 16ms
2024-10-21T20:45:18.648Z error: {"success":false,"statusCode":500,"message":"sendResponse is not a function","errorMessages":[{"path":"","message":"sendResponse is not a function"}],"status":"failed","stack":{}}
2024-10-21T20:45:22.390Z info: POST /api/v2/auth/verify-otp 404 55ms
2024-10-21T20:45:22.396Z error: {"success":false,"statusCode":404,"message":"User not found","errorMessages":[{"path":"","message":"User not found"}],"status":"failed","stack":{}}
2024-10-21T20:45:22.428Z info: PATCH /api/v2/auth/change-password 404 2ms
2024-10-21T20:45:22.432Z error: {"success":false,"statusCode":404,"message":"Resource not found","errorMessages":[{"path":"","message":"Resource not found"}],"status":"failed","stack":{}}
2024-10-21T20:45:26.320Z info: POST /api/v2/auth/forgot-password 200 3743ms
2024-10-21T20:45:26.433Z info: POST /api/v2/auth/logout 404 65ms
2024-10-21T20:45:26.440Z error: {"success":false,"statusCode":404,"message":"User not found","errorMessages":[{"path":"","message":"User not found"}],"status":"failed","stack":{}}
2024-10-21T20:47:04.143Z info: GET /api/health 200 24ms
2024-10-21T20:49:14.265Z info: GET /api/health 200 16ms
2024-10-21T20:51:37.424Z info: GET /api/health 200 60ms
2024-10-21T20:58:52.132Z info: GET /api/v2/docs/ 304 22ms
2024-10-21T20:58:53.300Z info: GET /api/v2/docs/swagger-ui-init.js 200 1ms
2024-10-21T20:58:53.491Z info: GET /api/v2/docs/swagger-ui.css 304 179ms
2024-10-21T20:58:53.671Z info: GET /api/v2/docs/swagger-ui-standalone-preset.js 304 375ms
2024-10-21T20:58:53.786Z info: GET /api/v2/docs/swagger-ui-bundle.js 304 475ms
2024-10-21T20:58:56.302Z info: GET /api/v2/docs/favicon-32x32.png 304 1ms
2024-10-21T21:05:47.003Z info: GET /api/v2/docs/ 304 18ms
2024-10-21T21:05:48.370Z info: GET /api/v2/docs/swagger-ui-init.js 200 1ms
2024-10-21T21:05:48.384Z info: GET /api/v2/docs/swagger-ui.css 304 19ms
2024-10-21T21:05:48.390Z info: GET /api/v2/docs/swagger-ui-bundle.js 304 26ms
2024-10-21T21:05:48.602Z info: GET /api/v2/docs/swagger-ui-standalone-preset.js 304 164ms
2024-10-21T21:05:50.058Z info: GET /api/v2/docs/favicon-32x32.png 304 5ms
2024-10-21T21:10:48.468Z info: GET /api/v2/docs/ 304 11ms
2024-10-21T21:10:50.187Z info: GET /api/v2/docs/swagger-ui-init.js 200 2ms
2024-10-21T21:10:50.328Z info: GET /api/v2/docs/swagger-ui.css 304 124ms
2024-10-21T21:10:50.417Z info: GET /api/v2/docs/swagger-ui-bundle.js 304 255ms
2024-10-21T21:10:50.488Z info: GET /api/v2/docs/swagger-ui-standalone-preset.js 304 341ms
2024-10-21T21:10:53.725Z info: GET /api/v2/docs/favicon-32x32.png 304 1ms
2024-10-21T21:12:50.934Z info: GET /api/v2/docs/ 304 15ms
2024-10-21T21:12:52.551Z info: GET /api/v2/docs/swagger-ui.css 304 7ms
2024-10-21T21:12:52.562Z info: GET /api/v2/docs/swagger-ui-init.js 200 1ms
2024-10-21T21:12:52.568Z info: GET /api/v2/docs/swagger-ui-bundle.js 304 20ms
2024-10-21T21:12:52.579Z info: GET /api/v2/docs/swagger-ui-standalone-preset.js 304 21ms
2024-10-21T21:12:54.208Z info: GET /api/v2/docs/favicon-32x32.png 304 2ms
2024-10-21T21:18:16.118Z info: GET /api/v2/docs/ 304 15ms
2024-10-21T21:18:17.819Z info: GET /api/v2/docs/swagger-ui-init.js 200 0ms
2024-10-21T21:18:17.825Z info: GET /api/v2/docs/swagger-ui.css 304 13ms
2024-10-21T21:18:17.833Z info: GET /api/v2/docs/swagger-ui-bundle.js 304 19ms
2024-10-21T21:18:17.841Z info: GET /api/v2/docs/swagger-ui-standalone-preset.js 304 27ms
2024-10-21T21:18:20.454Z info: GET /api/v2/docs/favicon-32x32.png 304 6ms
2024-10-21T21:18:30.965Z info: GET /api/health 200 58ms
2024-10-21T21:18:47.771Z info: POST /api/v2/auth/signup 201 6078ms
2024-10-21T21:18:49.064Z info: POST /api/v2/auth/login 400 1076ms
2024-10-21T21:18:49.085Z error: {"success":false,"statusCode":400,"message":"User isn't verified!","errorMessages":[{"path":"","message":"User isn't verified!"}],"status":"failed","stack":{}}
2024-10-21T21:18:49.237Z info: POST /api/v2/auth/refresh 404 36ms
2024-10-21T21:18:49.244Z error: {"success":false,"statusCode":404,"message":"User does not exist","errorMessages":[{"path":"","message":"User does not exist"}],"status":"failed","stack":{}}
2024-10-21T21:18:50.207Z info: POST /api/v2/cycles 201 409ms
2024-10-21T21:18:50.500Z info: GET /api/v2/cycles 200 72ms
2024-10-21T21:18:50.624Z info: DELETE /api/v2/cycles/6716c5396eb552d805618d17 200 37ms
2024-10-21T21:18:52.712Z info: POST /api/v2/auth/get-otp 500 3393ms
2024-10-21T21:18:52.716Z error: {"success":false,"statusCode":500,"message":"sendResponse is not a function","errorMessages":[{"path":"","message":"sendResponse is not a function"}],"status":"failed","stack":{}}
2024-10-21T21:18:52.769Z info: GET /api/v2/auth/own-otp 500 19ms
2024-10-21T21:18:52.774Z error: {"success":false,"statusCode":500,"message":"sendResponse is not a function","errorMessages":[{"path":"","message":"sendResponse is not a function"}],"status":"failed","stack":{}}
2024-10-21T21:18:55.642Z info: POST /api/v2/auth/verify-otp 404 31ms
2024-10-21T21:18:55.645Z error: {"success":false,"statusCode":404,"message":"User not found","errorMessages":[{"path":"","message":"User not found"}],"status":"failed","stack":{}}
2024-10-21T21:18:55.692Z info: PATCH /api/v2/auth/change-password 404 2ms
2024-10-21T21:18:55.696Z error: {"success":false,"statusCode":404,"message":"Resource not found","errorMessages":[{"path":"","message":"Resource not found"}],"status":"failed","stack":{}}
2024-10-21T21:18:59.101Z info: POST /api/v2/auth/forgot-password 200 3349ms
2024-10-21T21:18:59.207Z info: POST /api/v2/auth/logout 404 42ms
2024-10-21T21:18:59.211Z error: {"success":false,"statusCode":404,"message":"User not found","errorMessages":[{"path":"","message":"User not found"}],"status":"failed","stack":{}}
2024-10-21T21:20:08.305Z info: GET /api/health 200 14ms
2024-10-21T21:35:19.638Z info: GET /api/v2/docs/ 304 15ms
2024-10-21T21:35:21.310Z info: GET /api/v2/docs/swagger-ui.css 304 17ms
2024-10-21T21:35:21.428Z info: GET /api/v2/docs/swagger-ui-bundle.js 304 99ms
2024-10-21T21:35:21.529Z info: GET /api/v2/docs/swagger-ui-init.js 200 1ms
2024-10-21T21:35:21.663Z info: GET /api/v2/docs/swagger-ui-standalone-preset.js 304 167ms
2024-10-21T21:35:23.788Z info: GET /api/v2/docs/favicon-32x32.png 304 3ms
2024-10-21T21:46:49.380Z info: POST /api/v2/auth/signup 201 4122ms
2024-10-21T21:46:50.496Z info: POST /api/v2/auth/login 400 915ms
2024-10-21T21:46:50.499Z error: {"success":false,"statusCode":400,"message":"User isn't verified!","errorMessages":[{"path":"","message":"User isn't verified!"}],"status":"failed","stack":{}}
2024-10-21T21:46:50.624Z info: POST /api/v2/auth/refresh 404 39ms
2024-10-21T21:46:50.627Z error: {"success":false,"statusCode":404,"message":"User does not exist","errorMessages":[{"path":"","message":"User does not exist"}],"status":"failed","stack":{}}
2024-10-21T21:46:54.590Z info: POST /api/v2/auth/get-otp 500 3893ms
2024-10-21T21:46:54.591Z error: {"success":false,"statusCode":500,"message":"sendResponse is not a function","errorMessages":[{"path":"","message":"sendResponse is not a function"}],"status":"failed","stack":{}}
2024-10-21T21:46:54.637Z info: GET /api/v2/auth/own-otp 500 17ms
2024-10-21T21:46:54.638Z error: {"success":false,"statusCode":500,"message":"sendResponse is not a function","errorMessages":[{"path":"","message":"sendResponse is not a function"}],"status":"failed","stack":{}}
2024-10-21T21:46:57.274Z info: POST /api/v2/auth/verify-otp 404 33ms
2024-10-21T21:46:57.275Z error: {"success":false,"statusCode":404,"message":"User not found","errorMessages":[{"path":"","message":"User not found"}],"status":"failed","stack":{}}
2024-10-21T21:46:57.311Z info: PATCH /api/v2/auth/change-password 404 4ms
2024-10-21T21:46:57.313Z error: {"success":false,"statusCode":404,"message":"Resource not found","errorMessages":[{"path":"","message":"Resource not found"}],"status":"failed","stack":{}}
2024-10-21T21:47:00.033Z info: POST /api/v2/auth/forgot-password 200 2569ms
2024-10-21T21:47:00.136Z info: POST /api/v2/auth/logout 404 17ms
2024-10-21T21:47:00.138Z error: {"success":false,"statusCode":404,"message":"User not found","errorMessages":[{"path":"","message":"User not found"}],"status":"failed","stack":{}}
2024-10-21T21:48:15.296Z info: POST /api/v2/cycles 201 788ms
2024-10-21T21:48:15.728Z info: GET /api/v2/cycles 200 135ms
2024-10-21T21:48:15.780Z info: DELETE /api/v2/cycles/6716cc1e92d191c1147c00c3 200 27ms
