2024-10-27T12:18:06.956Z info: POST /api/v2/cycles 201 360ms
2024-10-27T12:18:07.083Z info: GET /api/v2/cycles 200 40ms
2024-10-27T12:18:07.139Z info: DELETE /api/v2/cycles/671e2f7e362b8dda2069592a 200 18ms
2024-10-27T12:18:08.638Z info: GET /api/v2/orders 404 42ms
2024-10-27T12:18:08.671Z error: {"success":false,"statusCode":404,"message":"No orders found","errorMessages":[{"path":"","message":"No orders found"}],"status":"failed","stack":{}}
2024-10-27T12:18:09.476Z info: GET /api/v2/orders 500 2ms
2024-10-27T12:18:09.484Z error: {"success":false,"statusCode":500,"message":"jwt malformed","errorMessages":[{"path":"","message":"jwt malformed"}],"status":"failed","stack":{}}
2024-10-27T12:18:10.880Z info: POST /api/v2/auth/signup 201 4269ms
2024-10-27T12:18:12.054Z info: POST /api/v2/auth/login 200 574ms
2024-10-27T12:18:12.644Z info: POST /api/v2/auth/refresh 200 15ms
2024-10-27T12:18:15.748Z info: POST /api/v2/auth/get-otp 200 2625ms
2024-10-27T12:18:18.983Z info: GET /api/v2/auth/own-otp 200 10ms
2024-10-27T12:18:22.848Z info: POST /api/v2/auth/verify-otp 200 30ms
2024-10-27T12:18:26.996Z info: PATCH /api/v2/auth/change-password 200 1073ms
2024-10-27T12:18:30.058Z info: POST /api/v2/auth/forgot-password 200 2679ms
2024-10-27T12:18:33.690Z info: POST /api/v2/auth/reset-password 200 410ms
2024-10-27T12:18:34.148Z info: POST /api/v2/auth/logout 200 8ms
2024-10-27T12:18:59.538Z info: POST /api/v2/cycles 201 193ms
2024-10-27T12:18:59.729Z info: GET /api/v2/cycles 200 90ms
2024-10-27T12:18:59.762Z info: DELETE /api/v2/cycles/671e2fb39960acecd1f2441e 200 14ms
2024-10-27T12:19:01.153Z info: GET /api/v2/orders 404 27ms
2024-10-27T12:19:01.178Z error: {"success":false,"statusCode":404,"message":"No orders found","errorMessages":[{"path":"","message":"No orders found"}],"status":"failed","stack":{}}
2024-10-27T12:19:01.651Z info: GET /api/v2/orders 500 2ms
2024-10-27T12:19:01.656Z error: {"success":false,"statusCode":500,"message":"jwt malformed","errorMessages":[{"path":"","message":"jwt malformed"}],"status":"failed","stack":{}}
2024-10-27T12:19:03.862Z info: POST /api/v2/auth/signup 201 4847ms
2024-10-27T12:19:04.799Z info: POST /api/v2/auth/login 200 395ms
2024-10-27T12:19:05.237Z info: POST /api/v2/auth/refresh 200 15ms
2024-10-27T12:19:09.191Z info: POST /api/v2/auth/get-otp 200 3535ms
2024-10-27T12:19:12.233Z info: GET /api/v2/auth/own-otp 200 9ms
2024-10-27T12:19:15.422Z info: POST /api/v2/auth/verify-otp 200 29ms
2024-10-27T12:19:19.258Z info: PATCH /api/v2/auth/change-password 200 778ms
2024-10-27T12:19:22.384Z info: POST /api/v2/auth/forgot-password 200 2745ms
2024-10-27T12:19:26.094Z info: POST /api/v2/auth/reset-password 200 466ms
2024-10-27T12:19:26.555Z info: POST /api/v2/auth/logout 200 5ms
2024-10-27T12:19:53.453Z info: GET /api/v2/cycles?page=1&limit=10&sortBy=createdAt&sortOrder=desc&searchTerm=royal 200 631ms
2024-10-27T12:22:31.170Z info: GET /api/v2/cycles?page=1&limit=10&sortBy=createdAt&sortOrder=desc&searchTerm=royal 304 662ms
2024-10-27T12:22:31.943Z info: POST /api/v2/cycles 201 299ms
2024-10-27T12:22:32.141Z info: GET /api/v2/cycles 200 68ms
2024-10-27T12:22:32.184Z info: DELETE /api/v2/cycles/671e30871f5046660270c9c1 200 17ms
2024-10-27T12:22:35.431Z info: GET /api/v2/orders 404 30ms
2024-10-27T12:22:35.451Z error: {"success":false,"statusCode":404,"message":"No orders found","errorMessages":[{"path":"","message":"No orders found"}],"status":"failed","stack":{}}
2024-10-27T12:22:35.932Z info: GET /api/v2/orders 500 2ms
2024-10-27T12:22:35.935Z error: {"success":false,"statusCode":500,"message":"jwt malformed","errorMessages":[{"path":"","message":"jwt malformed"}],"status":"failed","stack":{}}
2024-10-27T12:22:36.003Z info: POST /api/v2/auth/signup 201 4592ms
2024-10-27T12:22:37.120Z info: POST /api/v2/auth/login 200 662ms
2024-10-27T12:22:37.826Z info: POST /api/v2/auth/refresh 200 17ms
2024-10-27T12:22:41.397Z info: POST /api/v2/auth/get-otp 200 2749ms
2024-10-27T12:22:44.554Z info: GET /api/v2/auth/own-otp 200 12ms
2024-10-27T12:22:47.713Z info: POST /api/v2/auth/verify-otp 200 29ms
2024-10-27T12:22:52.333Z info: PATCH /api/v2/auth/change-password 200 738ms
2024-10-27T12:22:56.171Z info: POST /api/v2/auth/forgot-password 200 3453ms
2024-10-27T12:22:59.739Z info: POST /api/v2/auth/reset-password 200 402ms
2024-10-27T12:23:00.138Z info: POST /api/v2/auth/logout 200 6ms
2024-10-27T12:23:35.548Z info: POST /api/v2/cycles 201 149ms
2024-10-27T12:23:35.683Z info: GET /api/v2/cycles 200 38ms
2024-10-27T12:23:35.717Z info: DELETE /api/v2/cycles/671e30c7f2a35087220bc09a 200 13ms
2024-10-27T12:23:37.003Z info: GET /api/v2/orders 404 38ms
2024-10-27T12:23:37.031Z error: {"success":false,"statusCode":404,"message":"No orders found","errorMessages":[{"path":"","message":"No orders found"}],"status":"failed","stack":{}}
2024-10-27T12:23:37.532Z info: GET /api/v2/orders 500 2ms
2024-10-27T12:23:37.536Z error: {"success":false,"statusCode":500,"message":"jwt malformed","errorMessages":[{"path":"","message":"jwt malformed"}],"status":"failed","stack":{}}
2024-10-27T12:23:39.903Z info: POST /api/v2/auth/signup 201 4824ms
2024-10-27T12:23:40.806Z info: POST /api/v2/auth/login 200 373ms
2024-10-27T12:23:41.235Z info: POST /api/v2/auth/refresh 200 10ms
2024-10-27T12:23:44.374Z info: POST /api/v2/auth/get-otp 200 2723ms
2024-10-27T12:23:48.280Z info: GET /api/v2/auth/own-otp 200 36ms
2024-10-27T12:23:52.238Z info: POST /api/v2/auth/verify-otp 200 18ms
2024-10-27T12:23:56.915Z info: PATCH /api/v2/auth/change-password 200 852ms
2024-10-27T12:24:00.996Z info: POST /api/v2/auth/forgot-password 200 3598ms
2024-10-27T12:24:04.789Z info: POST /api/v2/auth/reset-password 200 598ms
2024-10-27T12:24:05.447Z info: POST /api/v2/auth/logout 200 9ms
2024-10-27T12:24:29.096Z info: POST /api/v2/cycles 201 223ms
2024-10-27T12:24:29.424Z info: GET /api/v2/cycles 200 44ms
2024-10-27T12:24:29.463Z info: DELETE /api/v2/cycles/671e30fc00a8fcc0f14fca7f 200 16ms
2024-10-27T12:24:31.040Z info: GET /api/v2/orders 404 42ms
2024-10-27T12:24:31.068Z error: {"success":false,"statusCode":404,"message":"No orders found","errorMessages":[{"path":"","message":"No orders found"}],"status":"failed","stack":{}}
2024-10-27T12:24:31.597Z info: GET /api/v2/orders 500 2ms
2024-10-27T12:24:31.605Z error: {"success":false,"statusCode":500,"message":"jwt malformed","errorMessages":[{"path":"","message":"jwt malformed"}],"status":"failed","stack":{}}
2024-10-27T12:24:33.306Z info: POST /api/v2/auth/signup 201 3936ms
2024-10-27T12:24:34.411Z info: POST /api/v2/auth/login 200 441ms
2024-10-27T12:24:34.864Z info: POST /api/v2/auth/refresh 200 9ms
2024-10-27T12:24:37.981Z info: POST /api/v2/auth/get-otp 200 2692ms
2024-10-27T12:24:42.262Z info: GET /api/v2/auth/own-otp 200 229ms
2024-10-27T12:24:47.445Z info: POST /api/v2/auth/verify-otp 200 219ms
2024-10-27T12:24:53.147Z info: PATCH /api/v2/auth/change-password 200 1869ms
2024-10-27T12:24:57.037Z info: POST /api/v2/auth/forgot-password 200 2805ms
2024-10-27T12:25:00.725Z info: POST /api/v2/auth/reset-password 200 377ms
2024-10-27T12:25:01.276Z info: POST /api/v2/auth/logout 200 7ms
2024-10-27T12:26:12.490Z info: GET /api/v2/cycles?page=1&limit=10&sortBy=createdAt&sortOrder=desc&searchTerm=royal 500 353ms
2024-10-27T12:26:12.501Z error: {"success":false,"statusCode":500,"message":"Cannot read properties of undefined (reading 'map')","errorMessages":[{"path":"","message":"Cannot read properties of undefined (reading 'map')"}],"status":"failed","stack":"TypeError: Cannot read properties of undefined (reading 'map')\n    at queryHelper (E:\\Complete Web Development with Jhankar Mahbub Vai\\Node\\MongoDB\\bike-island-server\\src\\helper\\index.js:187:29)\n    at E:\\Complete Web Development with Jhankar Mahbub Vai\\Node\\MongoDB\\bike-island-server\\src\\controllers\\cycle.controller.js:44:51\n    at process.processTicksAndRejections (node:internal/process/task_queues:95:5)\n    at async E:\\Complete Web Development with Jhankar Mahbub Vai\\Node\\MongoDB\\bike-island-server\\src\\helper\\index.js:45:7"}
2024-10-27T12:26:16.831Z info: POST /api/v2/cycles 201 296ms
2024-10-27T12:26:17.013Z info: GET /api/v2/cycles 200 38ms
2024-10-27T12:26:17.057Z info: DELETE /api/v2/cycles/671e3168ca0a6195390db98a 200 22ms
2024-10-27T12:26:20.445Z info: GET /api/v2/orders 404 42ms
2024-10-27T12:26:20.473Z error: {"success":false,"statusCode":404,"message":"No orders found","errorMessages":[{"path":"","message":"No orders found"}],"status":"failed","stack":{}}
2024-10-27T12:26:20.638Z info: POST /api/v2/auth/signup 201 4028ms
2024-10-27T12:26:21.092Z info: GET /api/v2/orders 500 2ms
2024-10-27T12:26:21.105Z error: {"success":false,"statusCode":500,"message":"jwt malformed","errorMessages":[{"path":"","message":"jwt malformed"}],"status":"failed","stack":{}}
2024-10-27T12:26:21.692Z info: POST /api/v2/auth/login 200 423ms
2024-10-27T12:26:22.148Z info: POST /api/v2/auth/refresh 200 15ms
2024-10-27T12:26:26.446Z info: POST /api/v2/auth/get-otp 200 3859ms
2024-10-27T12:26:30.554Z info: GET /api/v2/auth/own-otp 200 10ms
2024-10-27T12:26:33.676Z info: POST /api/v2/auth/verify-otp 200 22ms
2024-10-27T12:26:38.445Z info: PATCH /api/v2/auth/change-password 200 863ms
2024-10-27T12:26:41.713Z info: POST /api/v2/auth/forgot-password 200 2795ms
2024-10-27T12:26:45.329Z info: POST /api/v2/auth/reset-password 200 439ms
2024-10-27T12:26:45.737Z info: POST /api/v2/auth/logout 200 5ms
2024-10-27T12:29:07.787Z info: POST /api/v2/cycles 201 200ms
2024-10-27T12:29:08.030Z info: GET /api/v2/cycles 200 63ms
2024-10-27T12:29:08.067Z info: DELETE /api/v2/cycles/671e321347330ddf9b52b257 200 14ms
2024-10-27T12:29:09.676Z info: GET /api/v2/orders 404 35ms
2024-10-27T12:29:09.707Z error: {"success":false,"statusCode":404,"message":"No orders found","errorMessages":[{"path":"","message":"No orders found"}],"status":"failed","stack":{}}
2024-10-27T12:29:10.193Z info: GET /api/v2/orders 500 1ms
2024-10-27T12:29:10.198Z error: {"success":false,"statusCode":500,"message":"jwt malformed","errorMessages":[{"path":"","message":"jwt malformed"}],"status":"failed","stack":{}}
2024-10-27T12:29:12.154Z info: POST /api/v2/auth/signup 201 4581ms
2024-10-27T12:29:13.107Z info: POST /api/v2/auth/login 200 455ms
2024-10-27T12:29:13.549Z info: POST /api/v2/auth/refresh 200 12ms
2024-10-27T12:29:16.636Z info: POST /api/v2/auth/get-otp 200 2672ms
2024-10-27T12:29:19.767Z info: GET /api/v2/auth/own-otp 200 12ms
2024-10-27T12:29:22.909Z info: POST /api/v2/auth/verify-otp 200 26ms
2024-10-27T12:29:28.575Z info: PATCH /api/v2/auth/change-password 200 1519ms
2024-10-27T12:29:32.292Z info: POST /api/v2/auth/forgot-password 200 3049ms
2024-10-27T12:29:36.685Z info: POST /api/v2/auth/reset-password 200 390ms
2024-10-27T12:29:37.259Z info: POST /api/v2/auth/logout 200 6ms
2024-10-27T12:30:07.495Z info: GET /api/v2/cycles?page=1&limit=10&sortBy=createdAt&sortOrder=desc&searchTerm=royal 500 349ms
2024-10-27T12:30:07.504Z error: {"success":false,"statusCode":500,"message":"Cannot read properties of undefined (reading 'map')","errorMessages":[{"path":"","message":"Cannot read properties of undefined (reading 'map')"}],"status":"failed","stack":"TypeError: Cannot read properties of undefined (reading 'map')\n    at queryHelper (E:\\Complete Web Development with Jhankar Mahbub Vai\\Node\\MongoDB\\bike-island-server\\src\\helper\\index.js:187:29)\n    at E:\\Complete Web Development with Jhankar Mahbub Vai\\Node\\MongoDB\\bike-island-server\\src\\controllers\\cycle.controller.js:44:51\n    at process.processTicksAndRejections (node:internal/process/task_queues:95:5)\n    at async E:\\Complete Web Development with Jhankar Mahbub Vai\\Node\\MongoDB\\bike-island-server\\src\\helper\\index.js:45:7"}
2024-10-27T12:33:23.226Z info: GET /api/v2/cycles?page=1&limit=10&sortBy=createdAt&sortOrder=desc&searchTerm=royal 200 664ms
2024-10-27T12:33:29.596Z info: POST /api/v2/cycles 201 229ms
2024-10-27T12:33:29.989Z info: GET /api/v2/cycles 200 67ms
2024-10-27T12:33:30.043Z info: DELETE /api/v2/cycles/671e33196454ba1095548119 200 21ms
2024-10-27T12:33:32.833Z info: GET /api/v2/orders 404 56ms
2024-10-27T12:33:32.864Z error: {"success":false,"statusCode":404,"message":"No orders found","errorMessages":[{"path":"","message":"No orders found"}],"status":"failed","stack":{}}
2024-10-27T12:33:33.430Z info: GET /api/v2/orders 500 3ms
2024-10-27T12:33:33.435Z error: {"success":false,"statusCode":500,"message":"jwt malformed","errorMessages":[{"path":"","message":"jwt malformed"}],"status":"failed","stack":{}}
2024-10-27T12:33:33.834Z info: POST /api/v2/auth/signup 201 4427ms
2024-10-27T12:33:34.305Z info: GET /api/v2/cycles?page=1&limit=10&sortBy=createdAt&sortOrder=desc 200 628ms
2024-10-27T12:33:34.929Z info: POST /api/v2/auth/login 200 490ms
2024-10-27T12:33:35.485Z info: POST /api/v2/auth/refresh 200 19ms
2024-10-27T12:33:39.854Z info: POST /api/v2/auth/get-otp 200 3524ms
2024-10-27T12:33:43.581Z info: GET /api/v2/auth/own-otp 200 14ms
2024-10-27T12:33:47.001Z info: POST /api/v2/auth/verify-otp 200 30ms
2024-10-27T12:33:51.772Z info: PATCH /api/v2/auth/change-password 200 844ms
2024-10-27T12:33:54.918Z info: POST /api/v2/auth/forgot-password 200 2702ms
2024-10-27T12:33:59.239Z info: POST /api/v2/auth/reset-password 200 384ms
2024-10-27T12:33:59.732Z info: POST /api/v2/auth/logout 200 6ms
2024-10-27T12:35:34.834Z info: POST /api/v2/cycles 201 357ms
2024-10-27T12:35:35.175Z info: GET /api/v2/cycles 200 189ms
2024-10-27T12:35:35.237Z info: DELETE /api/v2/cycles/671e33960668c2228fbc4db4 200 37ms
2024-10-27T12:36:11.959Z info: POST /api/v2/cycles 201 247ms
2024-10-27T12:36:12.277Z info: GET /api/v2/cycles 200 94ms
2024-10-27T12:36:12.315Z info: DELETE /api/v2/cycles/671e33bb002d63e2072fc7d2 200 17ms
2024-10-27T12:36:15.105Z info: GET /api/v2/orders 404 34ms
2024-10-27T12:36:15.131Z error: {"success":false,"statusCode":404,"message":"No orders found","errorMessages":[{"path":"","message":"No orders found"}],"status":"failed","stack":{}}
2024-10-27T12:36:15.635Z info: GET /api/v2/orders 500 2ms
2024-10-27T12:36:15.640Z error: {"success":false,"statusCode":500,"message":"jwt malformed","errorMessages":[{"path":"","message":"jwt malformed"}],"status":"failed","stack":{}}
2024-10-27T12:36:15.851Z info: POST /api/v2/auth/signup 201 4156ms
2024-10-27T12:36:16.681Z info: POST /api/v2/auth/login 200 374ms
2024-10-27T12:36:17.304Z info: POST /api/v2/auth/refresh 200 19ms
2024-10-27T12:36:20.447Z info: POST /api/v2/auth/get-otp 200 2699ms
2024-10-27T12:36:24.348Z info: GET /api/v2/auth/own-otp 200 14ms
2024-10-27T12:36:27.528Z info: POST /api/v2/auth/verify-otp 200 25ms
2024-10-27T12:36:31.374Z info: PATCH /api/v2/auth/change-password 200 760ms
2024-10-27T12:36:35.472Z info: POST /api/v2/auth/forgot-password 200 3681ms
2024-10-27T12:36:39.074Z info: POST /api/v2/auth/reset-password 200 387ms
2024-10-27T12:36:39.472Z info: POST /api/v2/auth/logout 200 7ms
2024-10-27T12:37:06.520Z info: POST /api/v2/cycles 201 276ms
2024-10-27T12:37:06.972Z info: GET /api/v2/cycles 200 211ms
2024-10-27T12:37:07.079Z info: DELETE /api/v2/cycles/671e33f2e819cd8c4b80b8a1 200 23ms
2024-10-27T12:37:09.508Z info: GET /api/v2/orders 404 34ms
2024-10-27T12:37:09.536Z error: {"success":false,"statusCode":404,"message":"No orders found","errorMessages":[{"path":"","message":"No orders found"}],"status":"failed","stack":{}}
2024-10-27T12:37:10.040Z info: GET /api/v2/orders 500 2ms
2024-10-27T12:37:10.046Z error: {"success":false,"statusCode":500,"message":"jwt malformed","errorMessages":[{"path":"","message":"jwt malformed"}],"status":"failed","stack":{}}
2024-10-27T12:37:10.655Z info: POST /api/v2/auth/signup 201 4855ms
2024-10-27T12:37:11.490Z info: POST /api/v2/auth/login 200 378ms
2024-10-27T12:37:11.943Z info: POST /api/v2/auth/refresh 200 21ms
2024-10-27T12:37:15.276Z info: POST /api/v2/auth/get-otp 200 2778ms
2024-10-27T12:37:18.758Z info: GET /api/v2/auth/own-otp 200 48ms
2024-10-27T12:37:22.962Z info: POST /api/v2/auth/verify-otp 200 139ms
2024-10-27T12:37:30.648Z info: PATCH /api/v2/auth/change-password 200 2141ms
2024-10-27T12:37:35.719Z info: POST /api/v2/auth/forgot-password 200 3879ms
2024-10-27T12:37:41.196Z info: POST /api/v2/auth/reset-password 200 460ms
2024-10-27T12:37:41.797Z info: POST /api/v2/auth/logout 200 41ms
