2024-10-27T19:49:48.905Z info: POST /api/v2/cycles 201 883ms
2024-10-27T19:49:50.067Z info: GET /api/v2/cycles 200 367ms
2024-10-27T19:49:50.180Z info: DELETE /api/v2/cycles/671e995cf8edf7308395993c 200 84ms
2024-10-27T19:49:57.604Z info: GET /api/v2/docs/ 200 21ms
2024-10-27T19:49:58.626Z info: POST /api/v2/auth/signup 201 10600ms
2024-10-27T19:49:59.824Z info: GET /api/v2/docs/swagger-ui-init.js 200 2ms
2024-10-27T19:50:00.237Z info: GET /api/v2/docs/swagger-ui.css 200 440ms
2024-10-27T19:50:01.334Z info: POST /api/v2/auth/login 200 1266ms
2024-10-27T19:50:02.602Z info: POST /api/v2/auth/refresh 200 48ms
2024-10-27T19:50:02.596Z info: GET /api/v2/docs/swagger-ui-standalone-preset.js 200 2792ms
2024-10-27T19:50:06.150Z info: POST /api/v2/auth/get-otp 200 2534ms
2024-10-27T19:50:08.196Z info: GET /api/v2/docs/swagger-ui-bundle.js 200 8395ms
2024-10-27T19:50:10.187Z info: GET /api/v2/auth/own-otp 200 49ms
2024-10-27T19:50:14.262Z info: POST /api/v2/auth/verify-otp 200 36ms
2024-10-27T19:50:18.222Z info: PATCH /api/v2/auth/change-password 200 936ms
2024-10-27T19:50:22.966Z info: POST /api/v2/auth/forgot-password 200 4237ms
2024-10-27T19:50:26.623Z info: POST /api/v2/auth/reset-password 200 466ms
2024-10-27T19:50:27.200Z info: POST /api/v2/auth/logout 200 9ms
2024-10-27T19:50:38.708Z info: GET /api/v2/cycles?page=1&limit=10&sortBy=createdAt&sortOrder=desc&searchTerm=royal 200 538ms
2024-10-27T19:51:03.899Z info: POST /api/v2/cycles 201 239ms
2024-10-27T19:51:04.378Z info: GET /api/v2/cycles 200 95ms
2024-10-27T19:51:04.482Z info: DELETE /api/v2/cycles/671e99a7b751560c813aab6a 200 29ms
2024-10-27T19:51:07.649Z info: POST /api/v2/auth/signup 201 3989ms
2024-10-27T19:51:07.730Z info: GET /api/v2/orders 404 53ms
2024-10-27T19:51:07.796Z error: {"success":false,"statusCode":404,"message":"No orders found","errorMessages":[{"path":"","message":"No orders found"}],"status":"failed","stack":{}}
2024-10-27T19:51:08.446Z info: GET /api/v2/orders 500 2ms
2024-10-27T19:51:08.483Z error: {"success":false,"statusCode":500,"message":"jwt malformed","errorMessages":[{"path":"","message":"jwt malformed"}],"status":"failed","stack":{}}
2024-10-27T19:51:08.804Z info: POST /api/v2/auth/login 200 552ms
2024-10-27T19:51:09.334Z info: POST /api/v2/auth/refresh 200 17ms
2024-10-27T19:51:13.072Z info: POST /api/v2/auth/get-otp 200 3171ms
2024-10-27T19:51:16.868Z info: GET /api/v2/auth/own-otp 200 46ms
2024-10-27T19:51:21.645Z info: POST /api/v2/auth/verify-otp 200 83ms
2024-10-27T19:51:27.285Z info: PATCH /api/v2/auth/change-password 200 1702ms
2024-10-27T19:51:31.561Z info: POST /api/v2/auth/forgot-password 200 3318ms
2024-10-27T19:51:36.651Z info: POST /api/v2/auth/reset-password 200 525ms
2024-10-27T19:51:37.551Z info: POST /api/v2/auth/logout 200 16ms
2024-10-27T19:52:26.733Z info: GET /api/v2/cycles?page=1&limit=10&sortBy=createdAt&sortOrder=desc&searchTerm=royal 304 553ms
2024-10-27T19:52:47.235Z info: POST /api/v2/cycles 201 461ms
2024-10-27T19:52:47.977Z info: GET /api/v2/cycles 200 346ms
2024-10-27T19:52:48.233Z info: DELETE /api/v2/cycles/671e9a0e865c42debeb9cf7c 200 238ms
2024-10-27T19:52:50.921Z info: POST /api/v2/auth/signup 201 4155ms
2024-10-27T19:52:51.888Z info: POST /api/v2/auth/login 200 453ms
2024-10-27T19:52:52.337Z info: POST /api/v2/auth/refresh 200 11ms
2024-10-27T19:52:55.293Z info: POST /api/v2/auth/get-otp 200 2517ms
2024-10-27T19:52:59.008Z info: GET /api/v2/auth/own-otp 200 11ms
2024-10-27T19:53:02.614Z info: POST /api/v2/auth/verify-otp 200 31ms
2024-10-27T19:53:07.164Z info: PATCH /api/v2/auth/change-password 200 785ms
2024-10-27T19:53:10.797Z info: POST /api/v2/auth/forgot-password 200 3216ms
2024-10-27T19:53:16.309Z info: POST /api/v2/auth/reset-password 200 390ms
2024-10-27T19:53:16.808Z info: POST /api/v2/auth/logout 200 10ms
2024-10-27T19:53:54.708Z info: POST /api/v2/cycles 201 294ms
2024-10-27T19:53:54.863Z info: GET /api/v2/cycles 200 35ms
2024-10-27T19:53:54.897Z info: DELETE /api/v2/cycles/671e9a5257bb1a84306e467f 200 14ms
2024-10-27T19:53:57.822Z info: POST /api/v2/auth/signup 201 3391ms
2024-10-27T19:53:57.914Z info: GET /api/v2/orders 404 45ms
2024-10-27T19:53:57.942Z error: {"success":false,"statusCode":404,"message":"No orders found","errorMessages":[{"path":"","message":"No orders found"}],"status":"failed","stack":{}}
2024-10-27T19:53:58.494Z info: GET /api/v2/orders 500 2ms
2024-10-27T19:53:58.503Z error: {"success":false,"statusCode":500,"message":"jwt malformed","errorMessages":[{"path":"","message":"jwt malformed"}],"status":"failed","stack":{}}
2024-10-27T19:53:58.800Z info: POST /api/v2/auth/login 200 439ms
2024-10-27T19:53:59.200Z info: POST /api/v2/auth/refresh 200 10ms
2024-10-27T19:54:02.866Z info: POST /api/v2/auth/get-otp 200 3254ms
2024-10-27T19:54:06.541Z info: GET /api/v2/auth/own-otp 200 13ms
2024-10-27T19:54:09.467Z info: POST /api/v2/auth/verify-otp 200 28ms
2024-10-27T19:54:13.934Z info: PATCH /api/v2/auth/change-password 200 783ms
2024-10-27T19:54:16.898Z info: POST /api/v2/auth/forgot-password 200 2553ms
2024-10-27T19:54:20.879Z info: POST /api/v2/auth/reset-password 200 405ms
2024-10-27T19:54:21.286Z info: POST /api/v2/auth/logout 200 9ms
