2024-10-18T18:45:33.719Z error: Failed to connect to Redis: Socket already opened
2024-10-18T18:45:33.726Z info: MongoDB connected
2024-10-18T18:45:33.748Z info: Bike Island server running on port undefined
2024-10-18T18:45:33.750Z info: Bike Island server running on port undefined
2024-10-18T18:45:38.356Z error: MongoDB connection failed: Can't call `openUri()` on an active connection with different connection strings. Make sure you aren't calling `mongoose.connect()` multiple times. See: https://mongoosejs.com/docs/connections.html#multiple_connections
2024-10-18T18:45:38.930Z error: {"success":false,"statusCode":404,"message":"Not Found","errorMessages":[{"path":"","message":"Not Found"}],"status":"failed","stack":{}}
2024-10-18T18:45:39.108Z info: Mongo DB disconnected!
2024-10-18T18:45:39.701Z error: MongoDB connection failed: Attempted to check out a connection from closed connection pool
2024-10-18T18:46:11.881Z error: Failed to connect to Redis: Socket already opened
2024-10-18T18:46:11.896Z info: MongoDB connected
2024-10-18T18:46:11.916Z info: Bike Island server running on port undefined
2024-10-18T18:46:11.919Z info: Bike Island server running on port undefined
2024-10-18T18:46:14.485Z error: MongoDB connection failed: Can't call `openUri()` on an active connection with different connection strings. Make sure you aren't calling `mongoose.connect()` multiple times. See: https://mongoosejs.com/docs/connections.html#multiple_connections
2024-10-18T18:46:14.578Z error: {"success":false,"statusCode":404,"message":"Not Found","errorMessages":[{"path":"","message":"Not Found"}],"status":"failed","stack":{}}
2024-10-18T18:46:14.751Z error: {"success":false,"statusCode":404,"message":"Not Found","errorMessages":[{"path":"","message":"Not Found"}],"status":"failed","stack":{}}
2024-10-18T18:46:14.814Z error: {"success":false,"statusCode":404,"message":"Not Found","errorMessages":[{"path":"","message":"Not Found"}],"status":"failed","stack":{}}
2024-10-18T18:46:14.860Z info: Mongo DB disconnected!
2024-10-18T18:47:59.942Z error: Failed to connect to Redis: Socket already opened
2024-10-18T18:47:59.949Z info: MongoDB connected
2024-10-18T18:47:59.964Z info: Bike Island server running on port undefined
2024-10-18T18:47:59.968Z info: Bike Island server running on port undefined
2024-10-18T18:48:02.236Z error: MongoDB connection failed: Can't call `openUri()` on an active connection with different connection strings. Make sure you aren't calling `mongoose.connect()` multiple times. See: https://mongoosejs.com/docs/connections.html#multiple_connections
2024-10-18T18:48:02.326Z error: {"success":false,"statusCode":404,"message":"Not Found","errorMessages":[{"path":"","message":"Not Found"}],"status":"failed","stack":{}}
2024-10-18T18:48:02.466Z error: {"success":false,"statusCode":404,"message":"Not Found","errorMessages":[{"path":"","message":"Not Found"}],"status":"failed","stack":{}}
2024-10-18T18:48:02.546Z error: {"success":false,"statusCode":404,"message":"Not Found","errorMessages":[{"path":"","message":"Not Found"}],"status":"failed","stack":{}}
2024-10-18T18:48:02.577Z info: Mongo DB disconnected!
2024-10-18T18:48:02.654Z error: MongoDB connection failed: Attempted to check out a connection from closed connection pool
2024-10-18T18:48:42.458Z error: Failed to connect to Redis: Socket already opened
2024-10-18T18:48:42.466Z info: MongoDB connected
2024-10-18T18:48:42.477Z info: Bike Island server running on port undefined
2024-10-18T18:48:42.479Z info: Bike Island server running on port undefined
2024-10-18T18:48:44.515Z error: MongoDB connection failed: Can't call `openUri()` on an active connection with different connection strings. Make sure you aren't calling `mongoose.connect()` multiple times. See: https://mongoosejs.com/docs/connections.html#multiple_connections
2024-10-18T18:48:44.588Z error: {"success":false,"statusCode":404,"message":"Not Found","errorMessages":[{"path":"","message":"Not Found"}],"status":"failed","stack":{}}
2024-10-18T18:48:44.685Z error: {"success":false,"statusCode":404,"message":"Not Found","errorMessages":[{"path":"","message":"Not Found"}],"status":"failed","stack":{}}
2024-10-18T18:48:44.731Z error: {"success":false,"statusCode":404,"message":"Not Found","errorMessages":[{"path":"","message":"Not Found"}],"status":"failed","stack":{}}
2024-10-18T18:48:44.759Z info: Mongo DB disconnected!
2024-10-18T18:48:45.133Z error: MongoDB connection failed: Attempted to check out a connection from closed connection pool
2024-10-18T18:49:09.766Z error: Failed to connect to Redis: Socket already opened
2024-10-18T18:49:09.781Z info: MongoDB connected
2024-10-18T18:49:09.800Z info: Bike Island server running on port undefined
2024-10-18T18:49:09.801Z info: Bike Island server running on port undefined
2024-10-18T18:49:11.754Z error: MongoDB connection failed: Can't call `openUri()` on an active connection with different connection strings. Make sure you aren't calling `mongoose.connect()` multiple times. See: https://mongoosejs.com/docs/connections.html#multiple_connections
2024-10-18T18:49:11.835Z error: {"success":false,"statusCode":404,"message":"Not Found","errorMessages":[{"path":"","message":"Not Found"}],"status":"failed","stack":{}}
2024-10-18T18:49:11.959Z error: {"success":false,"statusCode":404,"message":"Not Found","errorMessages":[{"path":"","message":"Not Found"}],"status":"failed","stack":{}}
2024-10-18T18:49:12.005Z error: {"success":false,"statusCode":404,"message":"Not Found","errorMessages":[{"path":"","message":"Not Found"}],"status":"failed","stack":{}}
2024-10-18T18:49:12.039Z info: Mongo DB disconnected!
2024-10-18T18:49:12.718Z error: MongoDB connection failed: Attempted to check out a connection from closed connection pool
2024-10-18T18:49:35.568Z error: Failed to connect to Redis: Socket already opened
2024-10-18T18:49:35.574Z info: MongoDB connected
2024-10-18T18:49:35.589Z info: Bike Island server running on port undefined
2024-10-18T18:49:35.590Z info: Bike Island server running on port undefined
2024-10-18T18:49:37.691Z error: MongoDB connection failed: Can't call `openUri()` on an active connection with different connection strings. Make sure you aren't calling `mongoose.connect()` multiple times. See: https://mongoosejs.com/docs/connections.html#multiple_connections
2024-10-18T18:49:37.770Z error: {"success":false,"statusCode":404,"message":"Not Found","errorMessages":[{"path":"","message":"Not Found"}],"status":"failed","stack":{}}
2024-10-18T18:49:37.881Z info: Mongo DB disconnected!
2024-10-18T18:49:38.221Z error: MongoDB connection failed: Attempted to check out a connection from closed connection pool
2024-10-18T18:52:45.434Z error: Failed to connect to Redis: Socket already opened
2024-10-18T18:52:45.440Z info: MongoDB connected
2024-10-18T18:52:45.458Z info: Bike Island server running on port 5001
2024-10-18T18:52:47.398Z error: MongoDB connection failed: Can't call `openUri()` on an active connection with different connection strings. Make sure you aren't calling `mongoose.connect()` multiple times. See: https://mongoosejs.com/docs/connections.html#multiple_connections
2024-10-18T18:52:47.487Z error: {"success":false,"statusCode":404,"message":"Not Found","errorMessages":[{"path":"","message":"Not Found"}],"status":"failed","stack":{}}
2024-10-18T18:52:47.624Z info: Mongo DB disconnected!
2024-10-18T18:52:48.266Z error: MongoDB connection failed: Attempted to check out a connection from closed connection pool
2024-10-18T19:03:19.008Z error: Failed to connect to Redis: Socket already opened
2024-10-18T19:03:19.215Z error: MongoDB connection failed: option 0 is not supported
2024-10-18T19:03:19.231Z error: MongoDB connection failed: option 0 is not supported
2024-10-18T19:03:19.283Z info: Bike Island server running on port 5001
2024-10-18T19:03:35.184Z error: Failed to connect to Redis: Socket already opened
2024-10-18T19:03:35.268Z error: MongoDB connection failed: option 0 is not supported
2024-10-18T19:03:35.275Z error: MongoDB connection failed: option 0 is not supported
2024-10-18T19:03:40.492Z error: MongoDB connection failed: option 0 is not supported
2024-10-18T19:03:40.996Z error: {"success":false,"statusCode":404,"message":"Not Found","errorMessages":[{"path":"","message":"Not Found"}],"status":"failed","stack":{}}
2024-10-18T19:03:41.100Z error: {"success":false,"statusCode":404,"message":"Not Found","errorMessages":[{"path":"","message":"Not Found"}],"status":"failed","stack":{}}
2024-10-18T19:03:41.144Z error: {"success":false,"statusCode":404,"message":"Not Found","errorMessages":[{"path":"","message":"Not Found"}],"status":"failed","stack":{}}
2024-10-18T19:03:41.163Z info: Mongo DB disconnected!
2024-10-18T19:03:57.158Z error: Failed to connect to Redis: Socket already opened
2024-10-18T19:03:57.218Z error: MongoDB connection failed: option 0 is not supported
2024-10-18T19:03:57.224Z error: MongoDB connection failed: option 0 is not supported
2024-10-18T19:03:57.242Z info: Bike Island server running on port 5001
2024-10-18T19:03:58.937Z error: MongoDB connection failed: option 0 is not supported
2024-10-18T19:03:59.009Z error: {"success":false,"statusCode":404,"message":"Not Found","errorMessages":[{"path":"","message":"Not Found"}],"status":"failed","stack":{}}
2024-10-18T19:03:59.100Z info: Mongo DB disconnected!
2024-10-18T19:05:22.537Z error: Failed to connect to Redis: Socket already opened
2024-10-18T19:05:22.633Z error: MongoDB connection failed: options 0, 1, 2, 3, 4, 5, 6, 7, 8, 9, 10 are not supported
2024-10-18T19:05:22.641Z error: MongoDB connection failed: options 0, 1, 2, 3, 4, 5, 6, 7, 8, 9, 10 are not supported
2024-10-18T19:05:22.689Z info: Bike Island server running on port 5001
2024-10-18T19:05:25.436Z error: Failed to connect to Redis: Socket already opened
2024-10-18T19:05:25.508Z error: MongoDB connection failed: options 0, 1, 2, 3, 4, 5, 6, 7, 8, 9, 10 are not supported
2024-10-18T19:05:25.513Z error: MongoDB connection failed: options 0, 1, 2, 3, 4, 5, 6, 7, 8, 9, 10 are not supported
2024-10-18T19:05:27.697Z info: MongoDB connected
2024-10-18T19:05:27.763Z error: {"success":false,"statusCode":404,"message":"Not Found","errorMessages":[{"path":"","message":"Not Found"}],"status":"failed","stack":{}}
2024-10-18T19:05:27.911Z error: {"success":false,"statusCode":404,"message":"Not Found","errorMessages":[{"path":"","message":"Not Found"}],"status":"failed","stack":{}}
2024-10-18T19:05:28.029Z error: {"success":false,"statusCode":404,"message":"Not Found","errorMessages":[{"path":"","message":"Not Found"}],"status":"failed","stack":{}}
2024-10-18T19:05:28.075Z info: Mongo DB disconnected!
2024-10-18T19:05:56.122Z error: Failed to connect to Redis: Socket already opened
2024-10-18T19:05:56.169Z error: MongoDB connection failed: options 0, 1, 2, 3, 4, 5, 6, 7, 8, 9, 10 are not supported
2024-10-18T19:05:56.171Z error: MongoDB connection failed: options 0, 1, 2, 3, 4, 5, 6, 7, 8, 9, 10 are not supported
2024-10-18T19:05:56.178Z info: Bike Island server running on port 5001
2024-10-18T19:05:57.888Z info: MongoDB connected
2024-10-18T19:05:57.942Z error: {"success":false,"statusCode":404,"message":"Not Found","errorMessages":[{"path":"","message":"Not Found"}],"status":"failed","stack":{}}
2024-10-18T19:05:58.037Z info: Mongo DB disconnected!
2024-10-18T19:06:19.797Z error: Failed to connect to Redis: Socket already opened
2024-10-18T19:06:19.856Z error: MongoDB connection failed: options 0, 1, 2, 3, 4, 5, 6, 7, 8, 9, 10 are not supported
2024-10-18T19:06:19.862Z error: MongoDB connection failed: options 0, 1, 2, 3, 4, 5, 6, 7, 8, 9, 10 are not supported
2024-10-18T19:06:19.871Z info: Bike Island server running on port 5001
2024-10-18T19:06:21.632Z info: MongoDB connected
2024-10-18T19:06:21.679Z error: {"success":false,"statusCode":404,"message":"Not Found","errorMessages":[{"path":"","message":"Not Found"}],"status":"failed","stack":{}}
2024-10-18T19:06:21.772Z info: Mongo DB disconnected!
2024-10-18T19:07:29.648Z error: Failed to connect to Redis: Socket already opened
2024-10-18T19:07:29.698Z error: MongoDB connection failed: options 0, 1, 2, 3, 4, 5, 6, 7, 8, 9, 10 are not supported
2024-10-18T19:07:29.700Z error: MongoDB connection failed: options 0, 1, 2, 3, 4, 5, 6, 7, 8, 9, 10 are not supported
2024-10-18T19:07:29.706Z info: Bike Island server running on port 5001
2024-10-18T19:07:31.335Z info: MongoDB connected
2024-10-18T19:07:31.373Z error: {"success":false,"statusCode":404,"message":"Not Found","errorMessages":[{"path":"","message":"Not Found"}],"status":"failed","stack":{}}
2024-10-18T19:07:31.469Z error: {"success":false,"statusCode":404,"message":"Not Found","errorMessages":[{"path":"","message":"Not Found"}],"status":"failed","stack":{}}
2024-10-18T19:07:31.542Z error: {"success":false,"statusCode":404,"message":"Not Found","errorMessages":[{"path":"","message":"Not Found"}],"status":"failed","stack":{}}
2024-10-18T19:07:53.120Z error: Failed to connect to Redis: Socket already opened
2024-10-18T19:07:53.197Z error: MongoDB connection failed: options 0, 1, 2, 3, 4, 5, 6, 7, 8, 9, 10 are not supported
2024-10-18T19:07:53.200Z error: MongoDB connection failed: options 0, 1, 2, 3, 4, 5, 6, 7, 8, 9, 10 are not supported
2024-10-18T19:07:53.214Z info: Bike Island server running on port 5001
2024-10-18T19:07:54.901Z info: MongoDB connected
2024-10-18T19:07:54.949Z error: {"success":false,"statusCode":404,"message":"Not Found","errorMessages":[{"path":"","message":"Not Found"}],"status":"failed","stack":{}}
2024-10-19T04:31:51.665Z error: Failed to connect to Redis: Socket already opened
2024-10-19T04:31:51.827Z error: MongoDB connection failed: options 0, 1, 2, 3, 4, 5, 6, 7, 8, 9, 10 are not supported
2024-10-19T04:31:51.833Z error: MongoDB connection failed: options 0, 1, 2, 3, 4, 5, 6, 7, 8, 9, 10 are not supported
2024-10-19T04:31:57.715Z error: Failed to connect to Redis: Socket already opened
2024-10-19T04:31:57.796Z error: MongoDB connection failed: options 0, 1, 2, 3, 4, 5, 6, 7, 8, 9, 10 are not supported
2024-10-19T04:31:57.800Z error: MongoDB connection failed: options 0, 1, 2, 3, 4, 5, 6, 7, 8, 9, 10 are not supported
2024-10-19T04:31:57.814Z info: Bike Island server running on port 5001
2024-10-19T04:32:05.909Z info: MongoDB connected
2024-10-19T04:32:57.823Z error: Failed to connect to Redis: Socket already opened
2024-10-19T04:32:57.983Z error: MongoDB connection failed: options 0, 1, 2, 3, 4, 5, 6, 7, 8, 9, 10 are not supported
2024-10-19T04:32:57.999Z error: MongoDB connection failed: options 0, 1, 2, 3, 4, 5, 6, 7, 8, 9, 10 are not supported
2024-10-19T04:32:58.091Z info: Bike Island server running on port 5001
2024-10-19T04:32:58.907Z error: Failed to connect to Redis: Socket already opened
2024-10-19T04:32:58.992Z error: MongoDB connection failed: options 0, 1, 2, 3, 4, 5, 6, 7, 8, 9, 10 are not supported
2024-10-19T04:32:58.999Z error: MongoDB connection failed: options 0, 1, 2, 3, 4, 5, 6, 7, 8, 9, 10 are not supported
2024-10-19T04:33:02.285Z info: MongoDB connected
2024-10-19T04:33:52.848Z error: Failed to connect to Redis: Socket already opened
2024-10-19T04:33:53.028Z error: MongoDB connection failed: options 0, 1, 2, 3, 4, 5, 6, 7, 8, 9, 10 are not supported
2024-10-19T04:33:53.042Z error: MongoDB connection failed: options 0, 1, 2, 3, 4, 5, 6, 7, 8, 9, 10 are not supported
2024-10-19T04:33:53.062Z info: Bike Island server running on port 5001
2024-10-19T04:33:55.062Z info: MongoDB connected
2024-10-19T04:35:23.088Z error: Failed to connect to Redis: Socket already opened
2024-10-19T04:35:23.255Z error: MongoDB connection failed: options 0, 1, 2, 3, 4, 5, 6, 7, 8, 9, 10 are not supported
2024-10-19T04:35:23.262Z error: MongoDB connection failed: options 0, 1, 2, 3, 4, 5, 6, 7, 8, 9, 10 are not supported
2024-10-19T04:35:23.278Z info: Bike Island server running on port 5001
2024-10-19T04:35:25.364Z info: MongoDB connected
2024-10-19T04:37:38.932Z error: Failed to connect to Redis: Socket already opened
2024-10-19T04:37:39.086Z error: MongoDB connection failed: options 0, 1, 2, 3, 4, 5, 6, 7, 8, 9, 10 are not supported
2024-10-19T04:37:39.089Z error: MongoDB connection failed: options 0, 1, 2, 3, 4, 5, 6, 7, 8, 9, 10 are not supported
2024-10-19T04:37:39.103Z info: Bike Island server running on port 4000
2024-10-19T04:37:40.871Z info: MongoDB connected
2024-10-19T04:38:59.541Z error: Failed to connect to Redis: Socket already opened
2024-10-19T04:38:59.667Z error: MongoDB connection failed: options 0, 1, 2, 3, 4, 5, 6, 7, 8, 9, 10 are not supported
2024-10-19T04:38:59.674Z error: MongoDB connection failed: options 0, 1, 2, 3, 4, 5, 6, 7, 8, 9, 10 are not supported
2024-10-19T04:38:59.632Z error: Failed to connect to Redis: Socket already opened
2024-10-19T04:38:59.765Z error: MongoDB connection failed: options 0, 1, 2, 3, 4, 5, 6, 7, 8, 9, 10 are not supported
2024-10-19T04:38:59.774Z error: MongoDB connection failed: options 0, 1, 2, 3, 4, 5, 6, 7, 8, 9, 10 are not supported
2024-10-19T04:38:59.816Z info: Bike Island server running on port 5000
2024-10-19T04:39:02.422Z info: MongoDB connected
2024-10-19T04:39:53.299Z error: Failed to connect to Redis: Socket already opened
2024-10-19T04:39:53.403Z error: MongoDB connection failed: options 0, 1, 2, 3, 4, 5, 6, 7, 8, 9, 10 are not supported
2024-10-19T04:39:53.408Z error: MongoDB connection failed: options 0, 1, 2, 3, 4, 5, 6, 7, 8, 9, 10 are not supported
2024-10-19T04:39:54.123Z error: Failed to connect to Redis: Socket already opened
2024-10-19T04:39:54.203Z error: MongoDB connection failed: options 0, 1, 2, 3, 4, 5, 6, 7, 8, 9, 10 are not supported
2024-10-19T04:39:54.206Z error: MongoDB connection failed: options 0, 1, 2, 3, 4, 5, 6, 7, 8, 9, 10 are not supported
2024-10-19T04:39:54.220Z info: Bike Island server running on port 5000
2024-10-19T04:39:56.651Z info: MongoDB connected
2024-10-19T04:40:36.451Z error: Failed to connect to Redis: Socket already opened
2024-10-19T04:40:36.577Z error: MongoDB connection failed: options 0, 1, 2, 3, 4, 5, 6, 7, 8, 9, 10 are not supported
2024-10-19T04:40:36.580Z error: MongoDB connection failed: options 0, 1, 2, 3, 4, 5, 6, 7, 8, 9, 10 are not supported
2024-10-19T04:40:36.587Z info: Bike Island server running on port 5000
2024-10-19T04:40:38.298Z info: MongoDB connected
2024-10-19T04:41:09.864Z error: Failed to connect to Redis: Socket already opened
2024-10-19T04:41:10.007Z error: MongoDB connection failed: options 0, 1, 2, 3, 4, 5, 6, 7, 8, 9, 10 are not supported
2024-10-19T04:41:10.009Z error: MongoDB connection failed: options 0, 1, 2, 3, 4, 5, 6, 7, 8, 9, 10 are not supported
2024-10-19T04:41:10.020Z info: Bike Island server running on port 5000
2024-10-19T04:41:11.496Z info: MongoDB connected
2024-10-19T04:41:43.436Z error: Failed to connect to Redis: Socket already opened
2024-10-19T04:41:43.487Z error: MongoDB connection failed: options 0, 1, 2, 3, 4, 5, 6, 7, 8, 9, 10 are not supported
2024-10-19T04:41:43.489Z error: MongoDB connection failed: options 0, 1, 2, 3, 4, 5, 6, 7, 8, 9, 10 are not supported
2024-10-19T04:41:43.499Z info: Bike Island server running on port 5000
2024-10-19T04:41:45.088Z info: MongoDB connected
2024-10-19T04:43:35.799Z error: MongoDB connection failed: options 0, 1, 2, 3, 4, 5, 6, 7, 8, 9, 10 are not supported
2024-10-19T04:43:36.070Z error: MongoDB connection failed: options 0, 1, 2, 3, 4, 5, 6, 7, 8, 9, 10 are not supported
2024-10-19T04:43:36.967Z error: MongoDB connection failed: options 0, 1, 2, 3, 4, 5, 6, 7, 8, 9, 10 are not supported
2024-10-19T04:44:13.929Z error: Failed to connect to Redis: Socket already opened
2024-10-19T04:44:14.051Z error: MongoDB connection failed: options 0, 1, 2, 3, 4, 5, 6, 7, 8, 9, 10 are not supported
2024-10-19T04:44:14.055Z error: MongoDB connection failed: options 0, 1, 2, 3, 4, 5, 6, 7, 8, 9, 10 are not supported
2024-10-19T04:44:14.114Z info: Bike Island server running on port 4000
2024-10-19T04:44:14.198Z error: Failed to connect to Redis: Socket already opened
2024-10-19T04:44:14.326Z error: MongoDB connection failed: options 0, 1, 2, 3, 4, 5, 6, 7, 8, 9, 10 are not supported
2024-10-19T04:44:14.330Z error: MongoDB connection failed: options 0, 1, 2, 3, 4, 5, 6, 7, 8, 9, 10 are not supported
2024-10-19T04:44:16.736Z info: MongoDB connected
2024-10-19T04:45:02.748Z error: Failed to connect to Redis: Socket already opened
2024-10-19T04:45:02.878Z error: MongoDB connection failed: options 0, 1, 2, 3, 4, 5, 6, 7, 8, 9, 10 are not supported
2024-10-19T04:45:02.884Z error: MongoDB connection failed: options 0, 1, 2, 3, 4, 5, 6, 7, 8, 9, 10 are not supported
2024-10-19T04:45:02.934Z info: Bike Island server running on port 4000
2024-10-19T04:45:03.797Z error: Failed to connect to Redis: Socket already opened
2024-10-19T04:45:03.864Z error: MongoDB connection failed: options 0, 1, 2, 3, 4, 5, 6, 7, 8, 9, 10 are not supported
2024-10-19T04:45:03.868Z error: MongoDB connection failed: options 0, 1, 2, 3, 4, 5, 6, 7, 8, 9, 10 are not supported
2024-10-19T04:45:07.698Z info: MongoDB connected
2024-10-19T04:45:49.987Z error: Failed to connect to Redis: Socket already opened
2024-10-19T04:45:50.120Z error: MongoDB connection failed: options 0, 1, 2, 3, 4, 5, 6, 7, 8, 9, 10 are not supported
2024-10-19T04:45:50.122Z error: MongoDB connection failed: options 0, 1, 2, 3, 4, 5, 6, 7, 8, 9, 10 are not supported
2024-10-19T04:45:50.132Z info: Bike Island server running on port 4000
2024-10-19T04:45:51.737Z info: MongoDB connected
2024-10-19T04:47:02.995Z error: Failed to connect to Redis: Socket already opened
2024-10-19T04:47:03.122Z error: MongoDB connection failed: options 0, 1, 2, 3, 4, 5, 6, 7, 8, 9, 10 are not supported
2024-10-19T04:47:03.149Z error: MongoDB connection failed: options 0, 1, 2, 3, 4, 5, 6, 7, 8, 9, 10 are not supported
2024-10-19T04:47:03.029Z error: Failed to connect to Redis: Socket already opened
2024-10-19T04:47:03.144Z error: MongoDB connection failed: options 0, 1, 2, 3, 4, 5, 6, 7, 8, 9, 10 are not supported
2024-10-19T04:47:03.148Z error: MongoDB connection failed: options 0, 1, 2, 3, 4, 5, 6, 7, 8, 9, 10 are not supported
2024-10-19T04:47:03.391Z error: Failed to connect to Redis: Socket already opened
2024-10-19T04:47:03.446Z error: MongoDB connection failed: options 0, 1, 2, 3, 4, 5, 6, 7, 8, 9, 10 are not supported
2024-10-19T04:47:03.449Z error: MongoDB connection failed: options 0, 1, 2, 3, 4, 5, 6, 7, 8, 9, 10 are not supported
2024-10-19T04:47:05.195Z info: MongoDB connected
2024-10-19T04:47:29.293Z error: Failed to connect to Redis: Socket already opened
2024-10-19T04:47:29.341Z error: MongoDB connection failed: options 0, 1, 2, 3, 4, 5, 6, 7, 8, 9, 10 are not supported
2024-10-19T04:47:29.343Z error: MongoDB connection failed: options 0, 1, 2, 3, 4, 5, 6, 7, 8, 9, 10 are not supported
2024-10-19T04:47:32.093Z info: MongoDB connected
2024-10-19T04:48:08.403Z error: Failed to connect to Redis: Socket already opened
2024-10-19T04:48:08.464Z error: MongoDB connection failed: options 0, 1, 2, 3, 4, 5, 6, 7, 8, 9, 10 are not supported
2024-10-19T04:48:08.467Z error: MongoDB connection failed: options 0, 1, 2, 3, 4, 5, 6, 7, 8, 9, 10 are not supported
2024-10-19T04:48:10.143Z info: MongoDB connected
2024-10-19T04:48:47.234Z error: Failed to connect to Redis: Socket already opened
2024-10-19T04:48:47.273Z error: MongoDB connection failed: options 0, 1, 2, 3, 4, 5, 6, 7, 8, 9, 10 are not supported
2024-10-19T04:48:47.275Z error: MongoDB connection failed: options 0, 1, 2, 3, 4, 5, 6, 7, 8, 9, 10 are not supported
2024-10-19T04:48:48.985Z info: MongoDB connected
2024-10-19T04:49:22.273Z error: Failed to connect to Redis: Socket already opened
2024-10-19T04:49:22.433Z error: MongoDB connection failed: options 0, 1, 2, 3, 4, 5, 6, 7, 8, 9, 10 are not supported
2024-10-19T04:49:22.435Z error: MongoDB connection failed: options 0, 1, 2, 3, 4, 5, 6, 7, 8, 9, 10 are not supported
2024-10-19T04:49:25.242Z info: MongoDB connected
2024-10-19T04:50:47.972Z error: Failed to connect to Redis: Socket already opened
2024-10-19T04:50:48.056Z error: MongoDB connection failed: options 0, 1, 2, 3, 4, 5, 6, 7, 8, 9, 10 are not supported
2024-10-19T04:50:48.062Z error: MongoDB connection failed: options 0, 1, 2, 3, 4, 5, 6, 7, 8, 9, 10 are not supported
2024-10-19T04:50:49.982Z info: MongoDB connected
2024-10-19T04:51:26.614Z error: Failed to connect to Redis: Socket already opened
2024-10-19T04:51:26.808Z error: MongoDB connection failed: options 0, 1, 2, 3, 4, 5, 6, 7, 8, 9, 10 are not supported
2024-10-19T04:51:26.811Z error: MongoDB connection failed: options 0, 1, 2, 3, 4, 5, 6, 7, 8, 9, 10 are not supported
2024-10-19T04:51:28.629Z info: MongoDB connected
2024-10-19T04:54:07.668Z error: Failed to connect to Redis: Socket already opened
2024-10-19T04:54:07.772Z error: MongoDB connection failed: options 0, 1, 2, 3, 4, 5, 6, 7, 8, 9, 10 are not supported
2024-10-19T04:54:07.778Z error: MongoDB connection failed: options 0, 1, 2, 3, 4, 5, 6, 7, 8, 9, 10 are not supported
2024-10-19T04:54:07.827Z info: Bike Island server running on port 4000
2024-10-19T04:54:09.115Z error: Failed to connect to Redis: Socket already opened
2024-10-19T04:54:09.203Z error: MongoDB connection failed: options 0, 1, 2, 3, 4, 5, 6, 7, 8, 9, 10 are not supported
2024-10-19T04:54:09.209Z error: MongoDB connection failed: options 0, 1, 2, 3, 4, 5, 6, 7, 8, 9, 10 are not supported
2024-10-19T04:54:11.962Z info: MongoDB connected
2024-10-19T04:54:52.260Z error: Failed to connect to Redis: Socket already opened
2024-10-19T04:54:52.320Z error: MongoDB connection failed: options 0, 1, 2, 3, 4, 5, 6, 7, 8, 9, 10 are not supported
2024-10-19T04:54:52.321Z error: MongoDB connection failed: options 0, 1, 2, 3, 4, 5, 6, 7, 8, 9, 10 are not supported
2024-10-19T04:54:52.332Z info: Bike Island server running on port 4000
2024-10-19T04:54:54.101Z info: MongoDB connected
2024-10-19T04:55:21.444Z error: Failed to connect to Redis: Socket already opened
2024-10-19T04:55:21.495Z error: MongoDB connection failed: options 0, 1, 2, 3, 4, 5, 6, 7, 8, 9, 10 are not supported
2024-10-19T04:55:21.498Z error: MongoDB connection failed: options 0, 1, 2, 3, 4, 5, 6, 7, 8, 9, 10 are not supported
2024-10-19T04:55:21.504Z info: Bike Island server running on port 4000
2024-10-19T04:55:23.318Z info: MongoDB connected
2024-10-19T04:57:32.301Z error: MongoDB connection failed: options 0, 1, 2, 3, 4, 5, 6, 7, 8, 9, 10 are not supported
2024-10-19T04:57:32.401Z info: Bike Island server running on port 5000
2024-10-19T04:57:32.828Z error: MongoDB connection failed: options 0, 1, 2, 3, 4, 5, 6, 7, 8, 9, 10 are not supported
2024-10-19T04:57:35.355Z info: MongoDB connected
2024-10-19T04:58:28.616Z error: MongoDB connection failed: options 0, 1, 2, 3, 4, 5, 6, 7, 8, 9, 10 are not supported
2024-10-19T04:58:28.699Z info: Bike Island server running on port 5000
2024-10-19T04:58:30.276Z error: MongoDB connection failed: options 0, 1, 2, 3, 4, 5, 6, 7, 8, 9, 10 are not supported
2024-10-19T04:58:35.437Z info: MongoDB connected
2024-10-19T04:59:17.555Z error: MongoDB connection failed: options 0, 1, 2, 3, 4, 5, 6, 7, 8, 9, 10 are not supported
2024-10-19T04:59:17.586Z info: Bike Island server running on port 5000
2024-10-19T04:59:19.235Z info: MongoDB connected
2024-10-19T05:01:07.038Z error: MongoDB connection failed: options 0, 1, 2, 3, 4, 5, 6, 7, 8, 9, 10 are not supported
2024-10-19T05:01:07.063Z info: Bike Island server running on port 5000
2024-10-19T05:01:08.703Z info: MongoDB connected
2024-10-19T05:01:41.731Z error: MongoDB connection failed: options 0, 1, 2, 3, 4, 5, 6, 7, 8, 9, 10 are not supported
2024-10-19T05:01:41.877Z info: Bike Island server running on port 5000
2024-10-19T05:01:44.179Z info: MongoDB connected
2024-10-19T05:09:59.335Z error: Failed to connect to Redis: Socket already opened
2024-10-19T05:09:59.520Z error: MongoDB connection failed: options 0, 1, 2, 3, 4, 5, 6, 7, 8, 9, 10 are not supported
2024-10-19T05:09:59.533Z error: MongoDB connection failed: options 0, 1, 2, 3, 4, 5, 6, 7, 8, 9, 10 are not supported
2024-10-19T05:10:00.552Z error: Failed to connect to Redis: Socket already opened
2024-10-19T05:10:00.650Z error: MongoDB connection failed: options 0, 1, 2, 3, 4, 5, 6, 7, 8, 9, 10 are not supported
2024-10-19T05:10:00.654Z error: MongoDB connection failed: options 0, 1, 2, 3, 4, 5, 6, 7, 8, 9, 10 are not supported
2024-10-19T05:10:00.676Z info: Bike Island server running on port 5000
2024-10-19T05:10:03.268Z info: MongoDB connected
2024-10-19T05:10:56.622Z error: Failed to connect to Redis: Socket already opened
2024-10-19T05:10:56.671Z error: MongoDB connection failed: options 0, 1, 2, 3, 4, 5, 6, 7, 8, 9, 10 are not supported
2024-10-19T05:10:56.673Z error: MongoDB connection failed: options 0, 1, 2, 3, 4, 5, 6, 7, 8, 9, 10 are not supported
2024-10-19T05:10:56.686Z info: Bike Island server running on port 5000
2024-10-19T05:10:58.727Z info: MongoDB connected
2024-10-19T05:11:32.896Z error: Failed to connect to Redis: Socket already opened
2024-10-19T05:11:32.977Z error: MongoDB connection failed: options 0, 1, 2, 3, 4, 5, 6, 7, 8, 9, 10 are not supported
2024-10-19T05:11:32.980Z error: MongoDB connection failed: options 0, 1, 2, 3, 4, 5, 6, 7, 8, 9, 10 are not supported
2024-10-19T05:11:32.992Z info: Bike Island server running on port 5000
2024-10-19T05:11:36.603Z info: MongoDB connected
2024-10-19T05:13:13.125Z error: Failed to connect to Redis: Socket already opened
2024-10-19T05:13:13.271Z error: MongoDB connection failed: options 0, 1, 2, 3, 4, 5, 6, 7, 8, 9, 10 are not supported
2024-10-19T05:13:13.275Z error: MongoDB connection failed: options 0, 1, 2, 3, 4, 5, 6, 7, 8, 9, 10 are not supported
2024-10-19T05:13:13.394Z error: Failed to connect to Redis: Socket already opened
2024-10-19T05:13:13.548Z error: MongoDB connection failed: options 0, 1, 2, 3, 4, 5, 6, 7, 8, 9, 10 are not supported
2024-10-19T05:13:13.554Z error: MongoDB connection failed: options 0, 1, 2, 3, 4, 5, 6, 7, 8, 9, 10 are not supported
2024-10-19T05:13:14.218Z error: Failed to connect to Redis: Socket already opened
2024-10-19T05:13:14.397Z error: MongoDB connection failed: options 0, 1, 2, 3, 4, 5, 6, 7, 8, 9, 10 are not supported
2024-10-19T05:13:14.404Z error: MongoDB connection failed: options 0, 1, 2, 3, 4, 5, 6, 7, 8, 9, 10 are not supported
2024-10-19T05:13:16.788Z info: MongoDB connected
2024-10-19T05:13:54.792Z error: MongoDB connection failed: options 0, 1, 2, 3, 4, 5, 6, 7, 8, 9, 10 are not supported
2024-10-19T05:13:54.778Z error: MongoDB connection failed: options 0, 1, 2, 3, 4, 5, 6, 7, 8, 9, 10 are not supported
2024-10-19T05:13:55.421Z error: MongoDB connection failed: options 0, 1, 2, 3, 4, 5, 6, 7, 8, 9, 10 are not supported
2024-10-19T05:13:57.566Z info: MongoDB connected
2024-10-19T05:14:28.881Z error: MongoDB connection failed: options 0, 1, 2, 3, 4, 5, 6, 7, 8, 9, 10 are not supported
2024-10-19T05:14:30.933Z info: MongoDB connected
2024-10-19T05:15:37.239Z error: MongoDB connection failed: options 0, 1, 2, 3, 4, 5, 6, 7, 8, 9, 10 are not supported
2024-10-19T05:16:04.693Z error: MongoDB connection failed: options 0, 1, 2, 3, 4, 5, 6, 7, 8, 9, 10 are not supported
2024-10-19T05:16:55.639Z error: MongoDB connection failed: options 0, 1, 2, 3, 4, 5, 6, 7, 8, 9, 10 are not supported
2024-10-19T05:18:14.878Z error: MongoDB connection failed: Can't call `openUri()` on an active connection with different connection strings. Make sure you aren't calling `mongoose.connect()` multiple times. See: https://mongoosejs.com/docs/connections.html#multiple_connections
2024-10-19T05:18:14.923Z info: Bike Island server running on port 5000
2024-10-19T05:18:15.076Z info: Server stopped.
2024-10-19T05:18:40.085Z error: MongoDB connection failed: Can't call `openUri()` on an active connection with different connection strings. Make sure you aren't calling `mongoose.connect()` multiple times. See: https://mongoosejs.com/docs/connections.html#multiple_connections
2024-10-19T05:18:40.139Z info: Bike Island server running on port 5000
2024-10-19T05:18:40.388Z info: Server stopped.
2024-10-19T05:23:26.608Z error: MongoDB connection failed: options 0, 1, 2, 3, 4, 5, 6, 7, 8, 9, 10 are not supported
2024-10-19T05:23:26.965Z error: MongoDB connection failed: options 0, 1, 2, 3, 4, 5, 6, 7, 8, 9, 10 are not supported
2024-10-19T05:23:27.994Z error: MongoDB connection failed: options 0, 1, 2, 3, 4, 5, 6, 7, 8, 9, 10 are not supported
2024-10-19T05:23:57.320Z error: MongoDB connection failed: options 0, 1, 2, 3, 4, 5, 6, 7, 8, 9, 10 are not supported
2024-10-19T05:23:57.708Z error: MongoDB connection failed: options 0, 1, 2, 3, 4, 5, 6, 7, 8, 9, 10 are not supported
2024-10-19T05:23:58.127Z error: MongoDB connection failed: options 0, 1, 2, 3, 4, 5, 6, 7, 8, 9, 10 are not supported
2024-10-19T05:24:13.624Z error: MongoDB connection failed: options 0, 1, 2, 3, 4, 5, 6, 7, 8, 9, 10 are not supported
2024-10-19T05:24:50.775Z error: MongoDB connection failed: options 0, 1, 2, 3, 4, 5, 6, 7, 8, 9, 10 are not supported
2024-10-19T05:27:22.163Z error: MongoDB connection failed: options 0, 1, 2, 3, 4, 5, 6, 7, 8, 9, 10 are not supported
2024-10-19T05:27:48.746Z error: MongoDB connection failed: options 0, 1, 2, 3, 4, 5, 6, 7, 8, 9, 10 are not supported
2024-10-19T05:27:48.901Z error: MongoDB connection failed: options 0, 1, 2, 3, 4, 5, 6, 7, 8, 9, 10 are not supported
2024-10-19T05:27:49.678Z error: MongoDB connection failed: options 0, 1, 2, 3, 4, 5, 6, 7, 8, 9, 10 are not supported
2024-10-19T05:27:51.822Z error: Failed to connect to Redis: Socket already opened
2024-10-19T05:27:51.825Z error: MongoDB connection failed: Can't call `openUri()` on an active connection with different connection strings. Make sure you aren't calling `mongoose.connect()` multiple times. See: https://mongoosejs.com/docs/connections.html#multiple_connections
2024-10-19T05:27:51.857Z info: Bike Island server running on port 5000
2024-10-19T05:27:57.362Z info: Server stopped.
2024-10-19T05:28:12.037Z error: MongoDB connection failed: options 0, 1, 2, 3, 4, 5, 6, 7, 8, 9, 10 are not supported
2024-10-19T05:28:33.868Z error: MongoDB connection failed: options 0, 1, 2, 3, 4, 5, 6, 7, 8, 9, 10 are not supported
2024-10-19T05:28:35.489Z error: Failed to connect to Redis: Socket already opened
2024-10-19T05:28:35.491Z error: MongoDB connection failed: Can't call `openUri()` on an active connection with different connection strings. Make sure you aren't calling `mongoose.connect()` multiple times. See: https://mongoosejs.com/docs/connections.html#multiple_connections
2024-10-19T05:28:35.520Z info: Bike Island server running on port 5000
2024-10-19T05:28:40.682Z info: Server stopped.
2024-10-19T05:29:28.738Z error: MongoDB connection failed: options 0, 1, 2, 3, 4, 5, 6, 7, 8, 9, 10 are not supported
2024-10-19T05:29:51.374Z error: MongoDB connection failed: options 0, 1, 2, 3, 4, 5, 6, 7, 8, 9, 10 are not supported
2024-10-19T05:30:13.114Z error: MongoDB connection failed: options 0, 1, 2, 3, 4, 5, 6, 7, 8, 9, 10 are not supported
2024-10-19T05:30:40.083Z error: MongoDB connection failed: options 0, 1, 2, 3, 4, 5, 6, 7, 8, 9, 10 are not supported
2024-10-19T05:33:22.699Z error: MongoDB connection failed: options 0, 1, 2, 3, 4, 5, 6, 7, 8, 9, 10 are not supported
2024-10-19T05:33:24.337Z error: Failed to connect to Redis: Socket already opened
2024-10-19T05:33:24.340Z error: MongoDB connection failed: Can't call `openUri()` on an active connection with different connection strings. Make sure you aren't calling `mongoose.connect()` multiple times. See: https://mongoosejs.com/docs/connections.html#multiple_connections
2024-10-19T05:33:24.366Z info: Bike Island server running on port 5000
2024-10-19T05:33:34.540Z info: Server stopped.
2024-10-19T05:34:24.058Z error: MongoDB connection failed: options 0, 1, 2, 3, 4, 5, 6, 7, 8, 9, 10 are not supported
2024-10-19T05:34:25.768Z error: Failed to connect to Redis: Socket already opened
2024-10-19T05:34:25.770Z error: MongoDB connection failed: Can't call `openUri()` on an active connection with different connection strings. Make sure you aren't calling `mongoose.connect()` multiple times. See: https://mongoosejs.com/docs/connections.html#multiple_connections
2024-10-19T05:34:25.789Z info: Bike Island server running on port 5000
2024-10-19T05:34:28.970Z info: Server stopped.
2024-10-19T05:34:51.262Z error: MongoDB connection failed: options 0, 1, 2, 3, 4, 5, 6, 7, 8, 9, 10 are not supported
2024-10-19T05:34:52.816Z error: Failed to connect to Redis: Socket already opened
2024-10-19T05:34:52.820Z error: MongoDB connection failed: Can't call `openUri()` on an active connection with different connection strings. Make sure you aren't calling `mongoose.connect()` multiple times. See: https://mongoosejs.com/docs/connections.html#multiple_connections
2024-10-19T05:34:52.850Z info: Bike Island server running on port 5000
2024-10-19T05:34:56.031Z info: Server stopped.
2024-10-19T05:35:26.440Z error: MongoDB connection failed: options 0, 1, 2, 3, 4, 5, 6, 7, 8, 9, 10 are not supported
2024-10-19T05:35:28.041Z error: Failed to connect to Redis: Socket already opened
2024-10-19T05:35:28.043Z error: MongoDB connection failed: Can't call `openUri()` on an active connection with different connection strings. Make sure you aren't calling `mongoose.connect()` multiple times. See: https://mongoosejs.com/docs/connections.html#multiple_connections
2024-10-19T05:35:28.075Z info: Bike Island server running on port 5000
2024-10-19T05:35:33.248Z info: Server stopped.
2024-10-19T05:38:31.141Z error: MongoDB connection failed: options 0, 1, 2, 3, 4, 5, 6, 7, 8, 9, 10 are not supported
2024-10-19T05:38:33.032Z error: Failed to connect to Redis: Socket already opened
2024-10-19T05:38:33.035Z error: MongoDB connection failed: Can't call `openUri()` on an active connection with different connection strings. Make sure you aren't calling `mongoose.connect()` multiple times. See: https://mongoosejs.com/docs/connections.html#multiple_connections
2024-10-19T05:38:33.065Z info: Bike Island server running on port 5000
2024-10-19T05:38:43.263Z info: Server stopped.
2024-10-19T05:39:05.675Z error: MongoDB connection failed: options 0, 1, 2, 3, 4, 5, 6, 7, 8, 9, 10 are not supported
2024-10-19T05:39:07.413Z error: Failed to connect to Redis: Socket already opened
2024-10-19T05:39:07.416Z error: MongoDB connection failed: Can't call `openUri()` on an active connection with different connection strings. Make sure you aren't calling `mongoose.connect()` multiple times. See: https://mongoosejs.com/docs/connections.html#multiple_connections
2024-10-19T05:39:07.441Z info: Bike Island server running on port 5000
2024-10-19T05:39:17.651Z info: Server stopped.
2024-10-19T05:42:00.432Z error: MongoDB connection failed: options 0, 1, 2, 3, 4, 5, 6, 7, 8, 9, 10 are not supported
2024-10-19T05:42:02.003Z error: Failed to connect to Redis: Socket already opened
2024-10-19T05:42:02.008Z error: MongoDB connection failed: Can't call `openUri()` on an active connection with different connection strings. Make sure you aren't calling `mongoose.connect()` multiple times. See: https://mongoosejs.com/docs/connections.html#multiple_connections
2024-10-19T05:42:02.031Z info: Bike Island server running on port 5000
2024-10-19T05:42:12.240Z info: Server stopped.
2024-10-19T05:43:43.202Z error: MongoDB connection failed: options 0, 1, 2, 3, 4, 5, 6, 7, 8, 9, 10 are not supported
2024-10-19T05:43:44.790Z error: Failed to connect to Redis: Socket already opened
2024-10-19T05:43:44.792Z error: MongoDB connection failed: Can't call `openUri()` on an active connection with different connection strings. Make sure you aren't calling `mongoose.connect()` multiple times. See: https://mongoosejs.com/docs/connections.html#multiple_connections
2024-10-19T05:43:44.811Z info: Bike Island server running on port 5000
2024-10-19T05:44:15.002Z info: Server stopped.
2024-10-19T05:44:37.253Z error: MongoDB connection failed: options 0, 1, 2, 3, 4, 5, 6, 7, 8, 9, 10 are not supported
2024-10-19T05:44:39.750Z error: Failed to connect to Redis: Socket already opened
2024-10-19T05:44:39.751Z error: MongoDB connection failed: Can't call `openUri()` on an active connection with different connection strings. Make sure you aren't calling `mongoose.connect()` multiple times. See: https://mongoosejs.com/docs/connections.html#multiple_connections
2024-10-19T05:44:39.773Z info: Bike Island server running on port 5000
2024-10-19T05:45:10.061Z info: Server stopped.
2024-10-19T06:12:46.139Z info: GET /api/health 404 24ms
2024-10-19T06:12:46.255Z error: {"success":false,"statusCode":404,"message":"Resource not found","errorMessages":[{"path":"","message":"Resource not found"}],"status":"failed","stack":{}}
2024-10-19T06:12:46.583Z info: GET /services 404 6ms
2024-10-19T06:12:46.611Z error: {"success":false,"statusCode":404,"message":"Resource not found","errorMessages":[{"path":"","message":"Resource not found"}],"status":"failed","stack":{}}
2024-10-19T06:21:03.659Z info: GET /api/health 200 4ms
2024-10-19T06:21:03.751Z info: GET /services 404 11ms
2024-10-19T06:21:03.826Z error: {"success":false,"statusCode":404,"message":"Resource not found","errorMessages":[{"path":"","message":"Resource not found"}],"status":"failed","stack":{}}
2024-10-19T06:23:03.746Z info: GET /api/v2/services 404 4ms
2024-10-19T06:23:03.752Z error: {"success":false,"statusCode":404,"message":"Resource not found","errorMessages":[{"path":"","message":"Resource not found"}],"status":"failed","stack":{}}
2024-10-19T06:23:15.730Z info: GET /api/v2/services 404 6ms
2024-10-19T06:23:15.739Z error: {"success":false,"statusCode":404,"message":"Resource not found","errorMessages":[{"path":"","message":"Resource not found"}],"status":"failed","stack":{}}
2024-10-19T06:23:39.030Z info: GET /api/v2/services 404 21ms
2024-10-19T06:23:39.044Z error: {"success":false,"statusCode":404,"message":"Resource not found","errorMessages":[{"path":"","message":"Resource not found"}],"status":"failed","stack":{}}
2024-10-19T06:24:00.928Z info: GET /api/v2/services 404 11ms
2024-10-19T06:24:00.937Z error: {"success":false,"statusCode":404,"message":"Resource not found","errorMessages":[{"path":"","message":"Resource not found"}],"status":"failed","stack":{}}
2024-10-19T06:24:12.401Z info: GET /api/v2/services 404 6ms
2024-10-19T06:24:12.404Z error: {"success":false,"statusCode":404,"message":"Resource not found","errorMessages":[{"path":"","message":"Resource not found"}],"status":"failed","stack":{}}
2024-10-19T06:24:22.249Z info: GET /api/v2/services 404 4ms
2024-10-19T06:24:22.253Z error: {"success":false,"statusCode":404,"message":"Resource not found","errorMessages":[{"path":"","message":"Resource not found"}],"status":"failed","stack":{}}
2024-10-19T06:24:31.715Z info: GET /api/v2/services 404 5ms
2024-10-19T06:24:31.719Z error: {"success":false,"statusCode":404,"message":"Resource not found","errorMessages":[{"path":"","message":"Resource not found"}],"status":"failed","stack":{}}
2024-10-19T06:40:11.620Z info: GET /api/health 200 4ms
2024-10-19T06:40:25.583Z info: GET /api/health 200 3ms
2024-10-19T06:43:42.338Z info: GET /api/v2/docs 301 8ms
2024-10-19T06:43:42.379Z info: GET /api/v2/docs/ 304 13ms
2024-10-19T06:43:43.647Z info: GET /api/v2/docs/swagger-ui-init.js 200 1ms
2024-10-19T06:43:43.668Z info: GET /api/v2/docs/swagger-ui.css 304 30ms
2024-10-19T06:43:43.672Z info: GET /api/v2/docs/swagger-ui-bundle.js 304 32ms
2024-10-19T06:43:43.832Z info: GET /api/v2/docs/swagger-ui-standalone-preset.js 304 138ms
2024-10-19T06:45:23.354Z info: GET /api/v2/users 200 350ms
2024-10-19T06:50:55.295Z info: GET /api/health 200 2ms
2024-10-19T06:51:18.901Z info: GET /api/health 200 4ms
2024-10-19T06:51:37.490Z error: {"code":"ETIMEOUT","syscall":"querySrv","hostname":"_mongodb._tcp.cluster0.a65gj.mongodb.net"}
2024-10-19T07:04:36.024Z info: GET /api/health 200 4ms
2024-10-19T07:06:16.334Z info: GET /api/health 200 4ms
2024-10-19T07:06:31.907Z info: GET /api/health 200 5ms
2024-10-19T07:07:58.322Z info: GET /api/health 200 6ms
2024-10-19T07:08:14.625Z info: GET /api/health 200 3ms
2024-10-19T07:10:17.916Z info: GET /api/health 200 3ms
2024-10-19T08:25:16.370Z info: GET /api/health 200 4ms
2024-10-19T08:25:31.340Z info: GET /api/health 200 4ms
2024-10-19T08:27:41.555Z info: GET /api/health 200 5ms
2024-10-19T08:28:02.019Z info: GET /api/health 200 17ms
2024-10-19T08:28:20.933Z info: GET /api/health 200 2ms
2024-10-19T08:28:36.050Z info: GET /api/health 200 4ms
2024-10-19T08:31:01.506Z info: GET /api/health 200 3ms
2024-10-19T08:31:17.601Z info: GET /api/health 200 4ms
2024-10-19T08:32:08.341Z info: GET /api/health 200 5ms
2024-10-19T08:32:24.407Z info: GET /api/health 200 3ms
2024-10-19T08:35:38.519Z info: GET /api/health 200 5ms
2024-10-19T08:35:55.152Z info: GET /api/health 200 5ms
2024-10-19T08:39:11.440Z info: GET /api/health 200 6ms
2024-10-19T08:44:45.223Z info: GET /api/health 200 5ms
2024-10-19T08:45:17.870Z info: GET /api/health 200 11ms
2024-10-19T08:45:51.430Z info: GET /api/health 200 6ms
2024-10-19T08:46:23.188Z info: GET /api/health 200 5ms
2024-10-19T08:46:40.570Z info: GET /api/health 200 4ms
2024-10-19T08:48:12.082Z info: GET /api/health 200 5ms
2024-10-19T08:48:32.797Z info: GET /api/health 200 6ms
2024-10-19T08:49:00.788Z info: POST /api/v2/auth/signup 201 7640ms
2024-10-19T08:50:52.919Z info: GET /api/health 200 4ms
2024-10-19T08:51:31.372Z info: GET /api/health 200 4ms
2024-10-19T08:56:56.042Z info: GET /api/health 200 16ms
2024-10-19T08:57:18.928Z info: GET /api/health 200 4ms
2024-10-19T08:57:56.838Z info: GET /api/health 200 9ms
2024-10-19T08:58:24.974Z info: GET /api/health 200 6ms
2024-10-19T08:58:41.505Z info: GET /api/health 200 4ms
2024-10-19T09:00:46.912Z error: {"success":false,"statusCode":500,"message":"Unexpected token 'n', \"null\" is not valid JSON","errorMessages":[{"path":"","message":"Unexpected token 'n', \"null\" is not valid JSON"}],"status":"failed","stack":"SyntaxError: Unexpected token 'n', \"null\" is not valid JSON\n    at JSON.parse (<anonymous>)\n    at createStrictSyntaxError (E:\\Complete Web Development with Jhankar Mahbub Vai\\Node\\MongoDB\\bike-island-server\\node_modules\\body-parser\\lib\\types\\json.js:169:10)\n    at parse (E:\\Complete Web Development with Jhankar Mahbub Vai\\Node\\MongoDB\\bike-island-server\\node_modules\\body-parser\\lib\\types\\json.js:86:15)\n    at E:\\Complete Web Development with Jhankar Mahbub Vai\\Node\\MongoDB\\bike-island-server\\node_modules\\body-parser\\lib\\read.js:128:18\n    at AsyncResource.runInAsyncScope (node:async_hooks:206:9)\n    at invokeCallback (E:\\Complete Web Development with Jhankar Mahbub Vai\\Node\\MongoDB\\bike-island-server\\node_modules\\raw-body\\index.js:238:16)\n    at done (E:\\Complete Web Development with Jhankar Mahbub Vai\\Node\\MongoDB\\bike-island-server\\node_modules\\raw-body\\index.js:227:7)\n    at IncomingMessage.onEnd (E:\\Complete Web Development with Jhankar Mahbub Vai\\Node\\MongoDB\\bike-island-server\\node_modules\\raw-body\\index.js:287:7)\n    at IncomingMessage.emit (node:events:519:28)\n    at endReadableNT (node:internal/streams/readable:1696:12)"}
2024-10-19T09:01:05.581Z info: POST /api/v2/auth/signup 400 13ms
2024-10-19T09:01:05.592Z error: {"success":false,"statusCode":400,"message":"Something went wrong! Try again later.","errorMessages":[{"type":"field","value":"","msg":"Invalid value","path":"firstName","location":"body"},{"type":"field","value":"","msg":"First name is required","path":"firstName","location":"body"}],"status":"failed","stack":"ValidationError: Something went wrong! Try again later.\n    at E:\\Complete Web Development with Jhankar Mahbub Vai\\Node\\MongoDB\\bike-island-server\\src\\middlewares\\validate-request.js:9:23\n    at process.processTicksAndRejections (node:internal/process/task_queues:95:5)"}
2024-10-19T09:02:08.949Z info: POST /api/v2/auth/login 404 361ms
2024-10-19T09:02:08.954Z error: {"success":false,"statusCode":404,"message":"User not found","errorMessages":[{"path":"","message":"User not found"}],"status":"failed","stack":"Error: User not found\n    at E:\\Complete Web Development with Jhankar Mahbub Vai\\Node\\MongoDB\\bike-island-server\\src\\controllers\\auth.controller.js:76:13\n    at process.processTicksAndRejections (node:internal/process/task_queues:95:5)\n    at async E:\\Complete Web Development with Jhankar Mahbub Vai\\Node\\MongoDB\\bike-island-server\\src\\helper\\index.js:42:7"}
2024-10-19T09:02:24.943Z info: POST /api/v2/auth/login 400 299ms
2024-10-19T09:02:24.944Z error: {"success":false,"statusCode":400,"message":"User isn't verified!","errorMessages":[{"path":"","message":"User isn't verified!"}],"status":"failed","stack":"Error: User isn't verified!\n    at E:\\Complete Web Development with Jhankar Mahbub Vai\\Node\\MongoDB\\bike-island-server\\src\\controllers\\auth.controller.js:89:13\n    at process.processTicksAndRejections (node:internal/process/task_queues:95:5)\n    at async E:\\Complete Web Development with Jhankar Mahbub Vai\\Node\\MongoDB\\bike-island-server\\src\\helper\\index.js:42:7"}
2024-10-19T09:03:08.747Z info: GET /api/health 200 4ms
2024-10-19T09:04:37.361Z info: POST /api/v2/auth/login 409 2023ms
2024-10-19T09:04:37.371Z error: {"success":false,"statusCode":409,"message":"Password doesn't match","errorMessages":[{"path":"","message":"Password doesn't match"}],"status":"failed","stack":"Error: Password doesn't match\n    at E:\\Complete Web Development with Jhankar Mahbub Vai\\Node\\MongoDB\\bike-island-server\\src\\controllers\\auth.controller.js:85:13\n    at async E:\\Complete Web Development with Jhankar Mahbub Vai\\Node\\MongoDB\\bike-island-server\\src\\helper\\index.js:42:7"}
2024-10-19T09:04:54.917Z info: POST /api/v2/auth/login 409 514ms
2024-10-19T09:04:54.921Z error: {"success":false,"statusCode":409,"message":"Password doesn't match","errorMessages":[{"path":"","message":"Password doesn't match"}],"status":"failed","stack":"Error: Password doesn't match\n    at E:\\Complete Web Development with Jhankar Mahbub Vai\\Node\\MongoDB\\bike-island-server\\src\\controllers\\auth.controller.js:85:13\n    at async E:\\Complete Web Development with Jhankar Mahbub Vai\\Node\\MongoDB\\bike-island-server\\src\\helper\\index.js:42:7"}
2024-10-19T09:06:24.548Z info: GET /api/health 200 3ms
2024-10-19T09:07:05.306Z info: POST /api/v2/auth/login 409 403ms
2024-10-19T09:07:05.323Z error: {"success":false,"statusCode":409,"message":"Password doesn't match","errorMessages":[{"path":"","message":"Password doesn't match"}],"status":"failed","stack":"Error: Password doesn't match\n    at E:\\Complete Web Development with Jhankar Mahbub Vai\\Node\\MongoDB\\bike-island-server\\src\\controllers\\auth.controller.js:85:13\n    at async E:\\Complete Web Development with Jhankar Mahbub Vai\\Node\\MongoDB\\bike-island-server\\src\\helper\\index.js:42:7"}
2024-10-19T09:10:05.823Z info: GET /api/health 200 6ms
2024-10-19T09:10:29.209Z info: GET /api/health 200 4ms
2024-10-19T09:10:44.701Z info: GET /api/health 200 9ms
2024-10-19T09:11:05.086Z info: GET /api/health 200 4ms
2024-10-19T09:13:47.904Z info: POST /api/v2/auth/signup 500 439ms
2024-10-19T09:13:47.919Z error: {"success":false,"statusCode":500,"message":"bcrypt is not defined","errorMessages":[{"path":"","message":"bcrypt is not defined"}],"status":"failed","stack":"ReferenceError: bcrypt is not defined\n    at model.<anonymous> (E:\\Complete Web Development with Jhankar Mahbub Vai\\Node\\MongoDB\\bike-island-server\\src\\models\\user.model.js:48:29)\n    at callMiddlewareFunction (E:\\Complete Web Development with Jhankar Mahbub Vai\\Node\\MongoDB\\bike-island-server\\node_modules\\kareem\\index.js:628:27)\n    at model.next (E:\\Complete Web Development with Jhankar Mahbub Vai\\Node\\MongoDB\\bike-island-server\\node_modules\\kareem\\index.js:93:7)\n    at _next (E:\\Complete Web Development with Jhankar Mahbub Vai\\Node\\MongoDB\\bike-island-server\\node_modules\\kareem\\index.js:146:10)\n    at E:\\Complete Web Development with Jhankar Mahbub Vai\\Node\\MongoDB\\bike-island-server\\node_modules\\kareem\\index.js:653:30\n    at process.processTicksAndRejections (node:internal/process/task_queues:77:11)"}
2024-10-19T09:16:02.740Z info: GET /api/health 200 5ms
2024-10-19T09:16:15.914Z info: GET /api/health 200 3ms
2024-10-19T09:17:36.304Z info: GET /api/health 200 5ms
2024-10-19T09:18:05.860Z info: GET /api/health 200 5ms
2024-10-19T09:18:32.123Z info: GET /api/health 200 4ms
2024-10-19T09:18:49.635Z info: GET /api/health 200 8ms
2024-10-19T09:18:54.617Z info: POST /api/v2/auth/signup 500 1816ms
2024-10-19T09:18:54.627Z error: {"success":false,"statusCode":500,"message":"bcrypt is not defined","errorMessages":[{"path":"","message":"bcrypt is not defined"}],"status":"failed","stack":"ReferenceError: bcrypt is not defined\n    at model.<anonymous> (E:\\Complete Web Development with Jhankar Mahbub Vai\\Node\\MongoDB\\bike-island-server\\src\\models\\user.model.js:48:29)\n    at callMiddlewareFunction (E:\\Complete Web Development with Jhankar Mahbub Vai\\Node\\MongoDB\\bike-island-server\\node_modules\\kareem\\index.js:628:27)\n    at model.next (E:\\Complete Web Development with Jhankar Mahbub Vai\\Node\\MongoDB\\bike-island-server\\node_modules\\kareem\\index.js:93:7)\n    at _next (E:\\Complete Web Development with Jhankar Mahbub Vai\\Node\\MongoDB\\bike-island-server\\node_modules\\kareem\\index.js:146:10)\n    at E:\\Complete Web Development with Jhankar Mahbub Vai\\Node\\MongoDB\\bike-island-server\\node_modules\\kareem\\index.js:653:30\n    at process.processTicksAndRejections (node:internal/process/task_queues:77:11)"}
2024-10-19T09:19:19.060Z info: POST /api/v2/auth/signup 500 300ms
2024-10-19T09:19:19.062Z error: {"success":false,"statusCode":500,"message":"bcrypt is not defined","errorMessages":[{"path":"","message":"bcrypt is not defined"}],"status":"failed","stack":"ReferenceError: bcrypt is not defined\n    at model.<anonymous> (E:\\Complete Web Development with Jhankar Mahbub Vai\\Node\\MongoDB\\bike-island-server\\src\\models\\user.model.js:48:29)\n    at callMiddlewareFunction (E:\\Complete Web Development with Jhankar Mahbub Vai\\Node\\MongoDB\\bike-island-server\\node_modules\\kareem\\index.js:628:27)\n    at model.next (E:\\Complete Web Development with Jhankar Mahbub Vai\\Node\\MongoDB\\bike-island-server\\node_modules\\kareem\\index.js:93:7)\n    at _next (E:\\Complete Web Development with Jhankar Mahbub Vai\\Node\\MongoDB\\bike-island-server\\node_modules\\kareem\\index.js:146:10)\n    at E:\\Complete Web Development with Jhankar Mahbub Vai\\Node\\MongoDB\\bike-island-server\\node_modules\\kareem\\index.js:653:30\n    at process.processTicksAndRejections (node:internal/process/task_queues:77:11)"}
2024-10-19T09:20:36.878Z info: POST /api/v2/auth/signup 500 2553ms
2024-10-19T09:20:36.898Z error: {"success":false,"statusCode":500,"message":"Invalid salt. Salt must be in the form of: $Vers$log2(NumRounds)$saltvalue","errorMessages":[{"path":"","message":"Invalid salt. Salt must be in the form of: $Vers$log2(NumRounds)$saltvalue"}],"status":"failed","stack":"Error: Invalid salt. Salt must be in the form of: $Vers$log2(NumRounds)$saltvalue"}
2024-10-19T09:20:38.588Z info: GET /api/health 200 3ms
2024-10-19T09:23:44.675Z info: POST /api/v2/auth/signup 500 507ms
2024-10-19T09:23:44.692Z error: {"success":false,"statusCode":500,"message":"Invalid salt. Salt must be in the form of: $Vers$log2(NumRounds)$saltvalue","errorMessages":[{"path":"","message":"Invalid salt. Salt must be in the form of: $Vers$log2(NumRounds)$saltvalue"}],"status":"failed","stack":"Error: Invalid salt. Salt must be in the form of: $Vers$log2(NumRounds)$saltvalue"}
2024-10-19T09:26:00.643Z info: GET /api/health 200 7ms
2024-10-19T09:26:06.650Z info: POST /api/v2/auth/signup 201 8083ms
2024-10-19T09:27:10.308Z info: GET /images/avatar/demo-Male.png 404 3ms
2024-10-19T09:27:10.310Z error: {"success":false,"statusCode":404,"message":"Resource not found","errorMessages":[{"path":"","message":"Resource not found"}],"status":"failed","stack":"Error: Resource not found\n    at E:\\Complete Web Development with Jhankar Mahbub Vai\\Node\\MongoDB\\bike-island-server\\src\\app\\index.js:41:13\n    at E:\\Complete Web Development with Jhankar Mahbub Vai\\Node\\MongoDB\\bike-island-server\\src\\helper\\index.js:42:13\n    at Layer.handle [as handle_request] (E:\\Complete Web Development with Jhankar Mahbub Vai\\Node\\MongoDB\\bike-island-server\\node_modules\\express\\lib\\router\\layer.js:95:5)\n    at trim_prefix (E:\\Complete Web Development with Jhankar Mahbub Vai\\Node\\MongoDB\\bike-island-server\\node_modules\\express\\lib\\router\\index.js:328:13)\n    at E:\\Complete Web Development with Jhankar Mahbub Vai\\Node\\MongoDB\\bike-island-server\\node_modules\\express\\lib\\router\\index.js:286:9\n    at param (E:\\Complete Web Development with Jhankar Mahbub Vai\\Node\\MongoDB\\bike-island-server\\node_modules\\express\\lib\\router\\index.js:365:14)\n    at param (E:\\Complete Web Development with Jhankar Mahbub Vai\\Node\\MongoDB\\bike-island-server\\node_modules\\express\\lib\\router\\index.js:376:14)\n    at Function.process_params (E:\\Complete Web Development with Jhankar Mahbub Vai\\Node\\MongoDB\\bike-island-server\\node_modules\\express\\lib\\router\\index.js:421:3)\n    at next (E:\\Complete Web Development with Jhankar Mahbub Vai\\Node\\MongoDB\\bike-island-server\\node_modules\\express\\lib\\router\\index.js:280:10)\n    at E:\\Complete Web Development with Jhankar Mahbub Vai\\Node\\MongoDB\\bike-island-server\\node_modules\\express-winston\\index.js:429:9"}
2024-10-19T09:27:36.681Z info: POST /api/v2/auth/login 400 743ms
2024-10-19T09:27:36.682Z error: {"success":false,"statusCode":400,"message":"User isn't verified!","errorMessages":[{"path":"","message":"User isn't verified!"}],"status":"failed","stack":"Error: User isn't verified!\n    at E:\\Complete Web Development with Jhankar Mahbub Vai\\Node\\MongoDB\\bike-island-server\\src\\controllers\\auth.controller.js:89:13\n    at async E:\\Complete Web Development with Jhankar Mahbub Vai\\Node\\MongoDB\\bike-island-server\\src\\helper\\index.js:42:7"}
2024-10-19T09:27:46.268Z info: POST /api/v2/auth/login 409 838ms
2024-10-19T09:27:46.269Z error: {"success":false,"statusCode":409,"message":"Password doesn't match","errorMessages":[{"path":"","message":"Password doesn't match"}],"status":"failed","stack":"Error: Password doesn't match\n    at E:\\Complete Web Development with Jhankar Mahbub Vai\\Node\\MongoDB\\bike-island-server\\src\\controllers\\auth.controller.js:85:13\n    at async E:\\Complete Web Development with Jhankar Mahbub Vai\\Node\\MongoDB\\bike-island-server\\src\\helper\\index.js:42:7"}
2024-10-19T09:38:03.252Z info: GET /api/v2/docs/ 304 7ms
2024-10-19T09:38:04.415Z info: GET /api/v2/docs/swagger-ui.css 304 3ms
2024-10-19T09:38:04.452Z info: GET /api/v2/docs/swagger-ui-init.js 304 1ms
2024-10-19T09:38:04.465Z info: GET /api/v2/docs/swagger-ui-bundle.js 304 15ms
2024-10-19T09:38:04.469Z info: GET /api/v2/docs/swagger-ui-standalone-preset.js 304 4ms
2024-10-19T09:38:06.095Z info: GET /api/v2/docs/favicon-32x32.png 304 23ms
2024-10-19T09:38:11.502Z info: GET /api/v2/docs/ 304 2ms
2024-10-19T09:38:12.295Z info: GET /api/v2/docs/swagger-ui.css 304 1ms
2024-10-19T09:38:12.324Z info: GET /api/v2/docs/swagger-ui-init.js 304 1ms
2024-10-19T09:38:12.332Z info: GET /api/v2/docs/swagger-ui-bundle.js 304 10ms
2024-10-19T09:38:12.380Z info: GET /api/v2/docs/swagger-ui-standalone-preset.js 304 46ms
2024-10-19T09:38:12.914Z info: GET /api/v2/docs/favicon-32x32.png 304 1ms
2024-10-19T09:42:49.280Z info: GET /api/v2/docs/ 304 4ms
2024-10-19T09:42:50.255Z info: GET /api/v2/docs/swagger-ui.css 304 5ms
2024-10-19T09:42:50.281Z info: GET /api/v2/docs/swagger-ui-init.js 200 1ms
2024-10-19T09:42:50.295Z info: GET /api/v2/docs/swagger-ui-bundle.js 304 20ms
2024-10-19T09:42:50.307Z info: GET /api/v2/docs/swagger-ui-standalone-preset.js 304 22ms
2024-10-19T09:42:50.983Z info: GET /api/v2/docs/favicon-32x32.png 304 1ms
2024-10-19T09:43:30.766Z info: POST /api/v2/auth/forgot-password 200 4217ms
2024-10-19T09:51:39.499Z info: GET /api/v2/docs/ 304 6ms
2024-10-19T09:51:40.457Z info: GET /api/v2/docs/swagger-ui.css 304 8ms
2024-10-19T09:51:40.477Z info: GET /api/v2/docs/swagger-ui-bundle.js 304 3ms
2024-10-19T09:51:40.492Z info: GET /api/v2/docs/swagger-ui-init.js 200 5ms
2024-10-19T09:51:40.516Z info: GET /api/v2/docs/swagger-ui-standalone-preset.js 304 32ms
2024-10-19T09:51:41.849Z info: GET /api/v2/docs/favicon-32x32.png 304 1ms
2024-10-19T09:52:24.288Z info: POST /api/v2/auth/reset-password 400 16ms
2024-10-19T09:52:24.292Z error: {"success":false,"statusCode":400,"message":"Something went wrong! Try again later.","errorMessages":[{"type":"field","value":"","msg":"Invalid value","path":"token","location":"body"},{"type":"field","value":"","msg":"Token must be in hexadecimal format","path":"token","location":"body"}],"status":"failed","stack":"ValidationError: Something went wrong! Try again later.\n    at E:\\Complete Web Development with Jhankar Mahbub Vai\\Node\\MongoDB\\bike-island-server\\src\\middlewares\\validate-request.js:9:23\n    at process.processTicksAndRejections (node:internal/process/task_queues:95:5)"}
2024-10-19T09:52:40.298Z info: POST /api/v2/auth/reset-password 200 1624ms
2024-10-19T09:57:23.893Z info: POST /api/v2/auth/forgot-password 200 4864ms
2024-10-19T09:58:49.828Z info: POST /api/v2/auth/reset-password 400 336ms
2024-10-19T09:58:49.829Z error: {"success":false,"statusCode":400,"message":"Token is invalid or has expired","errorMessages":[{"path":"","message":"Token is invalid or has expired"}],"status":"failed","stack":"Error: Token is invalid or has expired\n    at E:\\Complete Web Development with Jhankar Mahbub Vai\\Node\\MongoDB\\bike-island-server\\src\\controllers\\auth.controller.js:301:13\n    at process.processTicksAndRejections (node:internal/process/task_queues:95:5)\n    at async E:\\Complete Web Development with Jhankar Mahbub Vai\\Node\\MongoDB\\bike-island-server\\src\\helper\\index.js:42:7"}
2024-10-19T09:59:19.056Z info: POST /api/v2/auth/reset-password 200 1648ms
2024-10-19T10:02:31.681Z info: GET /api/health 200 3ms
2024-10-19T10:02:47.535Z info: GET /api/health 200 2ms
2024-10-19T10:03:27.785Z info: GET /api/health 200 5ms
2024-10-19T10:10:21.388Z info: GET /api/health 200 6ms
2024-10-19T10:10:38.278Z info: GET /api/health 200 5ms
2024-10-19T10:11:35.117Z info: GET /api/health 200 2ms
2024-10-19T10:16:02.151Z info: GET /api/health 200 5ms
2024-10-19T10:16:26.213Z error: {"code":"ECONNREFUSED","syscall":"querySrv","hostname":"_mongodb._tcp.cluster0.a65gj.mongodb.net"}
2024-10-19T10:16:37.026Z info: GET /api/health 200 10ms
2024-10-19T10:16:41.876Z error: {"code":"ECONNREFUSED","syscall":"querySrv","hostname":"_mongodb._tcp.cluster0.a65gj.mongodb.net"}
2024-10-19T10:17:05.034Z info: GET /api/health 200 4ms
2024-10-19T10:17:20.193Z info: GET /api/health 200 3ms
2024-10-19T10:17:37.186Z info: GET /api/health 200 7ms
2024-10-19T10:27:44.395Z info: GET /api/health 200 3ms
2024-10-19T10:28:01.134Z info: GET /api/health 200 4ms
2024-10-19T10:29:56.587Z info: GET /api/health 200 3ms
2024-10-19T10:30:14.408Z info: GET /api/health 200 3ms
2024-10-19T11:01:31.150Z info: GET /api/health 200 5ms
2024-10-19T11:01:47.566Z info: GET /api/health 200 2ms
2024-10-19T11:02:45.679Z info: GET /api/health 200 3ms
2024-10-19T11:03:02.512Z info: GET /api/health 200 4ms
2024-10-19T11:03:40.924Z info: GET /api/health 200 4ms
2024-10-19T11:04:04.317Z info: GET /api/health 200 9ms
2024-10-19T11:04:36.537Z info: GET /api/health 200 25ms
2024-10-19T11:05:01.882Z info: GET /api/health 200 7ms
2024-10-19T11:05:25.950Z info: GET /api/health 200 3ms
2024-10-19T11:05:45.549Z info: GET /api/health 200 4ms
2024-10-19T11:06:48.995Z info: GET /api/health 200 9ms
2024-10-19T11:07:07.018Z info: GET /api/health 200 12ms
2024-10-19T11:07:46.176Z info: GET /api/health 200 4ms
2024-10-19T11:08:16.296Z info: GET /api/health 200 5ms
2024-10-19T11:08:44.969Z info: GET /api/health 200 15ms
2024-10-19T11:09:01.298Z info: GET /api/health 200 2ms
2024-10-19T11:09:17.255Z info: GET /api/health 200 5ms
2024-10-19T11:09:59.322Z info: GET /api/health 200 2ms
2024-10-19T11:10:20.099Z info: GET /api/health 200 7ms
2024-10-19T11:10:55.241Z info: GET /api/health 200 7ms
2024-10-19T11:11:11.727Z info: GET /api/health 200 7ms
2024-10-19T11:11:36.108Z info: GET /api/health 200 2ms
2024-10-19T11:14:01.499Z info: GET /api/health 200 6ms
2024-10-19T11:17:08.196Z info: GET /api/v2/users 200 1404ms
2024-10-19T11:34:14.313Z error: {"cause":{"errno":-4039,"code":"ETIMEDOUT","syscall":"connect","address":"54.156.204.210","port":27017},"connectionGeneration":0}
2024-10-19T11:55:13.067Z info: GET /api/v2/docs/ 304 7ms
2024-10-19T11:55:14.287Z info: GET /api/v2/docs/swagger-ui.css 304 4ms
2024-10-19T11:55:14.331Z info: GET /api/v2/docs/swagger-ui-init.js 200 1ms
2024-10-19T11:55:14.343Z info: GET /api/v2/docs/swagger-ui-bundle.js 304 17ms
2024-10-19T11:55:14.346Z info: GET /api/v2/docs/swagger-ui-standalone-preset.js 304 19ms
2024-10-19T11:55:15.949Z info: GET /api/v2/docs/favicon-32x32.png 304 1ms
2024-10-19T11:59:20.282Z error: {"code":"ETIMEOUT","syscall":"querySrv","hostname":"_mongodb._tcp.cluster0.a65gj.mongodb.net"}
2024-10-19T12:03:52.720Z info: GET /api/v2/docs/ 304 10ms
2024-10-19T12:03:53.879Z info: GET /api/v2/docs/swagger-ui.css 304 5ms
2024-10-19T12:03:53.899Z info: GET /api/v2/docs/swagger-ui-bundle.js 304 26ms
2024-10-19T12:03:53.972Z info: GET /api/v2/docs/swagger-ui-init.js 200 1ms
2024-10-19T12:03:53.988Z info: GET /api/v2/docs/swagger-ui-standalone-preset.js 304 43ms
2024-10-19T12:03:54.659Z info: GET /api/v2/docs/favicon-32x32.png 304 1ms
2024-10-19T12:04:49.947Z info: GET /api/v2/cycles?page=1&limit=2&sortBy=updatedAt&sortOrder=desc&searchTerm=title 500 10016ms
2024-10-19T12:04:49.949Z error: {"success":false,"statusCode":500,"message":"Operation `cycles.find()` buffering timed out after 10000ms","errorMessages":[{"path":"","message":"Operation `cycles.find()` buffering timed out after 10000ms"}],"status":"failed","stack":"MongooseError: Operation `cycles.find()` buffering timed out after 10000ms\n    at Timeout.<anonymous> (E:\\Complete Web Development with Jhankar Mahbub Vai\\Node\\MongoDB\\bike-island-server\\node_modules\\mongoose\\lib\\drivers\\node-mongodb-native\\collection.js:185:23)\n    at listOnTimeout (node:internal/timers:581:17)\n    at process.processTimers (node:internal/timers:519:7)"}
2024-10-19T12:09:37.173Z info: GET /api/v2/cycles?page=1&limit=2&sortBy=updatedAt&sortOrder=desc&searchTerm=name 500 10003ms
2024-10-19T12:09:37.176Z error: {"success":false,"statusCode":500,"message":"Operation `cycles.find()` buffering timed out after 10000ms","errorMessages":[{"path":"","message":"Operation `cycles.find()` buffering timed out after 10000ms"}],"status":"failed","stack":"MongooseError: Operation `cycles.find()` buffering timed out after 10000ms\n    at Timeout.<anonymous> (E:\\Complete Web Development with Jhankar Mahbub Vai\\Node\\MongoDB\\bike-island-server\\node_modules\\mongoose\\lib\\drivers\\node-mongodb-native\\collection.js:185:23)\n    at listOnTimeout (node:internal/timers:581:17)\n    at process.processTimers (node:internal/timers:519:7)"}
2024-10-19T12:19:14.184Z info: GET /api/v2/cycles?page=1&limit=2&sortBy=updatedAt&sortOrder=desc&searchTerm=name 500 323ms
2024-10-19T12:19:14.194Z error: {"success":false,"statusCode":500,"message":"calculatePagination is not defined","errorMessages":[{"path":"","message":"calculatePagination is not defined"}],"status":"failed","stack":"ReferenceError: calculatePagination is not defined\n    at queryHelper (E:\\Complete Web Development with Jhankar Mahbub Vai\\Node\\MongoDB\\bike-island-server\\src\\helper\\index.js:158:5)\n    at E:\\Complete Web Development with Jhankar Mahbub Vai\\Node\\MongoDB\\bike-island-server\\src\\controllers\\cycle.controller.js:32:51\n    at process.processTicksAndRejections (node:internal/process/task_queues:95:5)\n    at async E:\\Complete Web Development with Jhankar Mahbub Vai\\Node\\MongoDB\\bike-island-server\\src\\helper\\index.js:42:7"}
2024-10-19T12:20:30.755Z info: GET /api/health 200 8ms
2024-10-19T12:20:34.339Z info: GET /api/v2/cycles?page=1&limit=2&sortBy=updatedAt&sortOrder=desc&searchTerm=name 500 303ms
2024-10-19T12:20:34.348Z error: {"success":false,"statusCode":500,"message":"generateQueryString is not defined","errorMessages":[{"path":"","message":"generateQueryString is not defined"}],"status":"failed","stack":"ReferenceError: generateQueryString is not defined\n    at queryHelper (E:\\Complete Web Development with Jhankar Mahbub Vai\\Node\\MongoDB\\bike-island-server\\src\\helper\\index.js:211:25)\n    at E:\\Complete Web Development with Jhankar Mahbub Vai\\Node\\MongoDB\\bike-island-server\\src\\controllers\\cycle.controller.js:32:51\n    at process.processTicksAndRejections (node:internal/process/task_queues:95:5)\n    at async E:\\Complete Web Development with Jhankar Mahbub Vai\\Node\\MongoDB\\bike-island-server\\src\\helper\\index.js:42:7"}
2024-10-19T12:21:18.203Z info: GET /api/health 200 5ms
2024-10-19T12:21:39.076Z info: GET /api/health 200 3ms
2024-10-19T12:23:34.038Z info: GET /api/v2/cycles?page=1&limit=2&sortBy=updatedAt&sortOrder=desc&searchTerm=name 500 1962ms
2024-10-19T12:23:34.060Z error: {"success":false,"statusCode":500,"message":"invalid argument to $limit stage: Expected a number in: $limit: \"2\"","errorMessages":[{"path":"","message":"invalid argument to $limit stage: Expected a number in: $limit: \"2\""}],"status":"failed","stack":"MongoServerError: invalid argument to $limit stage: Expected a number in: $limit: \"2\"\n    at Connection.onMessage (E:\\Complete Web Development with Jhankar Mahbub Vai\\Node\\MongoDB\\bike-island-server\\node_modules\\mongodb\\lib\\cmap\\connection.js:202:26)\n    at MessageStream.<anonymous> (E:\\Complete Web Development with Jhankar Mahbub Vai\\Node\\MongoDB\\bike-island-server\\node_modules\\mongodb\\lib\\cmap\\connection.js:61:60)\n    at MessageStream.emit (node:events:519:28)\n    at processIncomingData (E:\\Complete Web Development with Jhankar Mahbub Vai\\Node\\MongoDB\\bike-island-server\\node_modules\\mongodb\\lib\\cmap\\message_stream.js:124:16)\n    at MessageStream._write (E:\\Complete Web Development with Jhankar Mahbub Vai\\Node\\MongoDB\\bike-island-server\\node_modules\\mongodb\\lib\\cmap\\message_stream.js:33:9)\n    at writeOrBuffer (node:internal/streams/writable:570:12)\n    at _write (node:internal/streams/writable:499:10)\n    at Writable.write (node:internal/streams/writable:508:10)\n    at TLSSocket.ondata (node:internal/streams/readable:1007:22)\n    at TLSSocket.emit (node:events:519:28)"}
2024-10-19T12:23:35.055Z info: GET /api/health 200 23ms
2024-10-19T12:25:16.154Z info: GET /api/health 200 4ms
2024-10-19T12:25:24.535Z info: GET /api/v2/cycles?page=1&limit=2&sortBy=updatedAt&sortOrder=desc&searchTerm=name 500 720ms
2024-10-19T12:25:24.625Z error: {"success":false,"statusCode":500,"message":"httpStatus is not defined","errorMessages":[{"path":"","message":"httpStatus is not defined"}],"status":"failed","stack":"ReferenceError: httpStatus is not defined\n    at E:\\Complete Web Development with Jhankar Mahbub Vai\\Node\\MongoDB\\bike-island-server\\src\\controllers\\cycle.controller.js:40:19\n    at process.processTicksAndRejections (node:internal/process/task_queues:95:5)\n    at async E:\\Complete Web Development with Jhankar Mahbub Vai\\Node\\MongoDB\\bike-island-server\\src\\helper\\index.js:43:7"}
2024-10-19T12:25:35.673Z info: GET /api/health 200 5ms
2024-10-19T12:26:11.343Z info: GET /api/v2/cycles?page=1&limit=2&sortBy=updatedAt&sortOrder=desc&searchTerm=name 500 616ms
2024-10-19T12:26:11.379Z error: {"success":false,"statusCode":500,"message":"ResponseStatus is not defined","errorMessages":[{"path":"","message":"ResponseStatus is not defined"}],"status":"failed","stack":"ReferenceError: ResponseStatus is not defined\n    at E:\\Complete Web Development with Jhankar Mahbub Vai\\Node\\MongoDB\\bike-island-server\\src\\controllers\\cycle.controller.js:42:15\n    at process.processTicksAndRejections (node:internal/process/task_queues:95:5)\n    at async E:\\Complete Web Development with Jhankar Mahbub Vai\\Node\\MongoDB\\bike-island-server\\src\\helper\\index.js:43:7"}
2024-10-19T12:26:15.304Z info: GET /api/health 200 5ms
2024-10-19T12:26:38.476Z info: GET /api/health 200 3ms
2024-10-19T12:27:06.461Z info: GET /api/v2/cycles?page=1&limit=2&sortBy=updatedAt&sortOrder=desc&searchTerm=name 200 24041ms
2024-10-19T12:30:31.802Z info: GET /api/health 200 3ms
2024-10-19T12:31:51.727Z info: GET /api/health 200 5ms
2024-10-19T12:34:59.418Z info: GET /api/health 200 6ms
2024-10-19T12:35:06.144Z info: GET /api/v2/cycles?page=1&limit=2&sortBy=updatedAt&sortOrder=desc&searchTerm=name 304 1049ms
2024-10-19T12:35:14.037Z info: GET /api/health 200 4ms
2024-10-19T12:35:56.138Z info: GET /api/health 200 4ms
2024-10-19T12:35:58.671Z info: GET /api/v2/cycles?page=1&limit=2&sortBy=updatedAt&sortOrder=desc&searchTerm=name 304 586ms
2024-10-19T12:38:36.938Z info: GET /api/health 200 3ms
2024-10-19T12:38:42.684Z info: GET /api/v2/cycles?page=1&limit=2&sortBy=updatedAt&sortOrder=desc&searchTerm=name 304 597ms
2024-10-19T12:38:53.187Z info: GET /api/health 200 3ms
2024-10-19T12:39:54.002Z info: GET /api/v2/cycles?page=2&limit=2&sortBy=updatedAt&sortOrder=desc&searchTerm=name 200 28195ms
2024-10-19T12:40:52.472Z info: GET /api/health 200 3ms
2024-10-19T12:41:12.283Z error: {}
2024-10-19T12:41:46.168Z info: GET /api/health 200 4ms
2024-10-19T12:41:51.045Z info: GET /api/v2/cycles?page=2&limit=2&sortBy=updatedAt&sortOrder=desc&searchTerm=name 500 303ms
2024-10-19T12:41:51.064Z error: {"success":false,"statusCode":500,"message":"Assignment to constant variable.","errorMessages":[{"path":"","message":"Assignment to constant variable."}],"status":"failed","stack":"TypeError: Assignment to constant variable.\n    at queryHelper (E:\\Complete Web Development with Jhankar Mahbub Vai\\Node\\MongoDB\\bike-island-server\\src\\helper\\index.js:161:8)\n    at E:\\Complete Web Development with Jhankar Mahbub Vai\\Node\\MongoDB\\bike-island-server\\src\\controllers\\cycle.controller.js:34:51\n    at process.processTicksAndRejections (node:internal/process/task_queues:95:5)\n    at async E:\\Complete Web Development with Jhankar Mahbub Vai\\Node\\MongoDB\\bike-island-server\\src\\helper\\index.js:43:7"}
2024-10-19T12:42:17.141Z info: GET /api/health 200 4ms
2024-10-19T12:43:05.862Z error: {"code":"ETIMEOUT","syscall":"querySrv","hostname":"_mongodb._tcp.cluster0.a65gj.mongodb.net"}
2024-10-19T12:43:23.014Z info: GET /api/v2/cycles?page=2&limit=2&sortBy=updatedAt&sortOrder=desc&searchTerm=name 500 10034ms
2024-10-19T12:43:23.028Z error: {"success":false,"statusCode":500,"message":"Operation `cycles.find()` buffering timed out after 10000ms","errorMessages":[{"path":"","message":"Operation `cycles.find()` buffering timed out after 10000ms"}],"status":"failed","stack":"MongooseError: Operation `cycles.find()` buffering timed out after 10000ms\n    at Timeout.<anonymous> (E:\\Complete Web Development with Jhankar Mahbub Vai\\Node\\MongoDB\\bike-island-server\\node_modules\\mongoose\\lib\\drivers\\node-mongodb-native\\collection.js:185:23)\n    at listOnTimeout (node:internal/timers:581:17)\n    at process.processTimers (node:internal/timers:519:7)"}
2024-10-19T12:44:53.477Z info: GET /api/v2/cycles?page=2&limit=2&sortBy=updatedAt&sortOrder=desc&searchTerm=name 500 10023ms
2024-10-19T12:44:53.481Z error: {"success":false,"statusCode":500,"message":"Operation `cycles.find()` buffering timed out after 10000ms","errorMessages":[{"path":"","message":"Operation `cycles.find()` buffering timed out after 10000ms"}],"status":"failed","stack":"MongooseError: Operation `cycles.find()` buffering timed out after 10000ms\n    at Timeout.<anonymous> (E:\\Complete Web Development with Jhankar Mahbub Vai\\Node\\MongoDB\\bike-island-server\\node_modules\\mongoose\\lib\\drivers\\node-mongodb-native\\collection.js:185:23)\n    at listOnTimeout (node:internal/timers:581:17)\n    at process.processTimers (node:internal/timers:519:7)"}
2024-10-19T12:45:19.876Z info: GET /api/v2/cycles?page=2&limit=2&sortBy=updatedAt&sortOrder=desc&searchTerm=name 200 2129ms
2024-10-19T12:49:44.461Z info: GET /api/health 200 8ms
2024-10-19T12:50:10.364Z info: GET /api/health 200 5ms
2024-10-19T12:50:32.394Z info: GET /api/health 200 7ms
2024-10-19T12:50:52.577Z info: GET /api/health 200 12ms
2024-10-19T12:51:15.533Z info: GET /api/health 200 4ms
2024-10-19T12:51:30.470Z info: GET /api/health 200 5ms
2024-10-19T12:52:10.232Z error: {"code":"ETIMEOUT","syscall":"querySrv","hostname":"_mongodb._tcp.cluster0.a65gj.mongodb.net"}
2024-10-19T12:53:18.397Z info: GET /api/v2/cycles?sortBy=productPrice&sortOrder=desc 500 10038ms
2024-10-19T12:53:18.411Z error: {"success":false,"statusCode":500,"message":"Operation `cycles.find()` buffering timed out after 10000ms","errorMessages":[{"path":"","message":"Operation `cycles.find()` buffering timed out after 10000ms"}],"status":"failed","stack":"MongooseError: Operation `cycles.find()` buffering timed out after 10000ms\n    at Timeout.<anonymous> (E:\\Complete Web Development with Jhankar Mahbub Vai\\Node\\MongoDB\\bike-island-server\\node_modules\\mongoose\\lib\\drivers\\node-mongodb-native\\collection.js:185:23)\n    at listOnTimeout (node:internal/timers:581:17)\n    at process.processTimers (node:internal/timers:519:7)"}
2024-10-19T12:53:57.722Z info: GET /api/v2/cycles?page=1&limit=10&sortBy=productPrice&sortOrder=desc&searchTerm=cycle 500 10015ms
2024-10-19T12:53:57.727Z error: {"success":false,"statusCode":500,"message":"Operation `cycles.find()` buffering timed out after 10000ms","errorMessages":[{"path":"","message":"Operation `cycles.find()` buffering timed out after 10000ms"}],"status":"failed","stack":"MongooseError: Operation `cycles.find()` buffering timed out after 10000ms\n    at Timeout.<anonymous> (E:\\Complete Web Development with Jhankar Mahbub Vai\\Node\\MongoDB\\bike-island-server\\node_modules\\mongoose\\lib\\drivers\\node-mongodb-native\\collection.js:185:23)\n    at listOnTimeout (node:internal/timers:581:17)\n    at process.processTimers (node:internal/timers:519:7)"}
2024-10-19T12:54:42.721Z info: GET /api/v2/cycles?page=1&limit=10&sortBy=productPrice&sortOrder=desc&searchTerm=cycle 200 654ms
2024-10-19T12:55:00.012Z info: GET /api/v2/cycles?page=1&limit=10&sortBy=productPrice&sortOrder=asc&searchTerm=cycle 200 603ms
2024-10-19T12:56:45.875Z info: GET /api/v2/cycles?page=1&limit=10&sortBy=productPrice&sortOrder=asc&searchTerm=navy%20 500 31810ms
2024-10-19T12:56:45.880Z error: {"success":false,"statusCode":500,"message":"getaddrinfo ENOTFOUND cluster0-shard-00-00.a65gj.mongodb.net","errorMessages":[{"path":"","message":"getaddrinfo ENOTFOUND cluster0-shard-00-00.a65gj.mongodb.net"}],"status":"failed","stack":"MongoServerSelectionError: getaddrinfo ENOTFOUND cluster0-shard-00-00.a65gj.mongodb.net\n    at Timeout._onTimeout (E:\\Complete Web Development with Jhankar Mahbub Vai\\Node\\MongoDB\\bike-island-server\\node_modules\\mongodb\\lib\\sdam\\topology.js:278:38)\n    at listOnTimeout (node:internal/timers:581:17)\n    at process.processTimers (node:internal/timers:519:7)"}
