2024-10-26T16:17:51.189Z info: POST /api/v2/cycles 201 234ms
2024-10-26T16:17:51.905Z info: GET /api/v2/cycles 200 35ms
2024-10-26T16:17:51.943Z info: DELETE /api/v2/cycles/671d162e28b0c461fa18338a 200 13ms
2024-10-26T16:17:54.818Z info: GET /api/v2/orders 404 43ms
2024-10-26T16:17:54.870Z error: {"success":false,"statusCode":404,"message":"No orders found","errorMessages":[{"path":"","message":"No orders found"}],"status":"failed","stack":{}}
2024-10-26T16:17:55.428Z info: GET /api/v2/orders 500 2ms
2024-10-26T16:17:55.459Z error: {"success":false,"statusCode":500,"message":"jwt malformed","errorMessages":[{"path":"","message":"jwt malformed"}],"status":"failed","stack":{}}
2024-10-26T16:17:56.402Z info: POST /api/v2/auth/signup 201 5452ms
2024-10-26T16:17:57.474Z info: POST /api/v2/auth/login 200 514ms
2024-10-26T16:17:58.212Z info: POST /api/v2/auth/refresh 200 14ms
2024-10-26T16:18:01.380Z info: POST /api/v2/auth/get-otp 200 2613ms
2024-10-26T16:18:04.326Z info: GET /api/v2/auth/own-otp 200 14ms
2024-10-26T16:18:08.059Z info: POST /api/v2/auth/verify-otp 200 22ms
2024-10-26T16:18:12.819Z info: PATCH /api/v2/auth/change-password 200 837ms
2024-10-26T16:18:15.896Z info: POST /api/v2/auth/forgot-password 200 2639ms
2024-10-26T16:18:19.836Z info: POST /api/v2/auth/reset-password 200 798ms
2024-10-26T16:18:20.557Z info: POST /api/v2/auth/logout 200 9ms
2024-10-26T16:18:23.280Z info: GET /api/v2/docs/ 200 10ms
2024-10-26T16:18:24.543Z info: GET /api/v2/docs/swagger-ui-init.js 200 1ms
2024-10-26T16:18:24.923Z info: GET /api/v2/docs/swagger-ui.css 200 425ms
2024-10-26T16:18:26.716Z info: GET /api/v2/docs/swagger-ui-standalone-preset.js 200 2177ms
2024-10-26T16:18:31.830Z info: GET /api/v2/docs/swagger-ui-bundle.js 200 7292ms
2024-10-26T16:18:49.928Z info: POST /api/v2/cycles 201 315ms
2024-10-26T16:18:50.149Z info: GET /api/v2/cycles 200 43ms
2024-10-26T16:18:50.196Z info: DELETE /api/v2/cycles/671d166985d008f07c378b21 200 21ms
2024-10-26T16:18:52.794Z info: GET /api/v2/orders 404 49ms
2024-10-26T16:18:52.826Z error: {"success":false,"statusCode":404,"message":"No orders found","errorMessages":[{"path":"","message":"No orders found"}],"status":"failed","stack":{}}
2024-10-26T16:18:53.591Z info: GET /api/v2/orders 500 3ms
2024-10-26T16:18:53.598Z error: {"success":false,"statusCode":500,"message":"jwt malformed","errorMessages":[{"path":"","message":"jwt malformed"}],"status":"failed","stack":{}}
2024-10-26T16:18:56.284Z info: POST /api/v2/auth/signup 201 4133ms
2024-10-26T16:18:58.714Z info: POST /api/v2/auth/login 200 1255ms
2024-10-26T16:18:59.407Z info: POST /api/v2/auth/refresh 200 14ms
2024-10-26T16:19:02.475Z info: POST /api/v2/auth/get-otp 200 2530ms
2024-10-26T16:19:05.496Z info: GET /api/v2/auth/own-otp 200 18ms
2024-10-26T16:19:09.435Z info: POST /api/v2/auth/verify-otp 200 26ms
2024-10-26T16:19:14.354Z info: PATCH /api/v2/auth/change-password 200 946ms
2024-10-26T16:19:17.985Z info: POST /api/v2/auth/forgot-password 200 3187ms
2024-10-26T16:19:21.543Z info: POST /api/v2/auth/reset-password 200 464ms
2024-10-26T16:19:22.294Z info: POST /api/v2/auth/logout 200 12ms
2024-10-26T16:19:23.966Z info: POST /api/v2/auth/login 200 904ms
2024-10-26T16:22:16.402Z info: POST /api/v2/cycles 201 556ms
2024-10-26T16:29:38.471Z info: POST /api/v2/cycles 201 284ms
2024-10-26T16:29:39.072Z info: GET /api/v2/cycles 200 317ms
2024-10-26T16:29:39.134Z info: DELETE /api/v2/cycles/671d18f2b36c0984ec6f675b 200 40ms
2024-10-26T16:29:43.400Z info: GET /api/v2/orders 404 135ms
2024-10-26T16:29:43.457Z error: {"success":false,"statusCode":404,"message":"No orders found","errorMessages":[{"path":"","message":"No orders found"}],"status":"failed","stack":{}}
2024-10-26T16:29:43.745Z info: POST /api/v2/auth/signup 201 5562ms
2024-10-26T16:29:44.112Z info: GET /api/v2/orders 500 2ms
2024-10-26T16:29:44.175Z error: {"success":false,"statusCode":500,"message":"jwt malformed","errorMessages":[{"path":"","message":"jwt malformed"}],"status":"failed","stack":{}}
2024-10-26T16:29:44.839Z info: POST /api/v2/auth/login 200 483ms
2024-10-26T16:29:45.622Z info: POST /api/v2/auth/refresh 200 17ms
2024-10-26T16:29:49.944Z info: POST /api/v2/auth/get-otp 200 3412ms
2024-10-26T16:29:53.807Z info: GET /api/v2/auth/own-otp 200 41ms
2024-10-26T16:29:57.026Z info: POST /api/v2/auth/verify-otp 200 51ms
2024-10-26T16:30:01.925Z info: PATCH /api/v2/auth/change-password 200 1096ms
2024-10-26T16:30:05.784Z info: POST /api/v2/auth/forgot-password 200 3328ms
2024-10-26T16:30:10.193Z info: POST /api/v2/auth/reset-password 200 572ms
2024-10-26T16:30:10.870Z info: POST /api/v2/auth/logout 200 14ms
