2024-10-23T18:27:42.832Z info: GET /api/v2/orders 404 155ms
2024-10-23T18:27:42.865Z error: {"success":false,"statusCode":404,"message":"No orders found","errorMessages":[{"path":"","message":"No orders found"}],"status":"failed","stack":{}}
2024-10-23T18:27:45.294Z info: GET /api/v2/orders 500 8ms
2024-10-23T18:27:45.295Z error: {"success":false,"statusCode":500,"message":"jwt malformed","errorMessages":[{"path":"","message":"jwt malformed"}],"status":"failed","stack":{}}
2024-10-23T18:28:28.105Z info: GET /api/v2/orders 404 69ms
2024-10-23T18:28:28.113Z error: {"success":false,"statusCode":404,"message":"No orders found","errorMessages":[{"path":"","message":"No orders found"}],"status":"failed","stack":{}}
2024-10-23T18:28:28.985Z info: GET /api/v2/orders 500 5ms
2024-10-23T18:28:28.986Z error: {"success":false,"statusCode":500,"message":"jwt malformed","errorMessages":[{"path":"","message":"jwt malformed"}],"status":"failed","stack":{}}
2024-10-23T18:29:19.008Z info: GET /api/v2/orders 404 54ms
2024-10-23T18:29:19.014Z error: {"success":false,"statusCode":404,"message":"No orders found","errorMessages":[{"path":"","message":"No orders found"}],"status":"failed","stack":{}}
2024-10-23T18:29:19.630Z info: GET /api/v2/orders 500 2ms
2024-10-23T18:29:19.631Z error: {"success":false,"statusCode":500,"message":"jwt malformed","errorMessages":[{"path":"","message":"jwt malformed"}],"status":"failed","stack":{}}
2024-10-23T19:53:08.217Z info: POST /api/v2/cycles 201 476ms
2024-10-23T19:53:08.752Z info: GET /api/v2/cycles 200 206ms
2024-10-23T19:53:08.817Z info: DELETE /api/v2/cycles/67195423021108f6abd1c5cf 200 17ms
2024-10-23T19:53:11.324Z info: GET /api/v2/orders 404 63ms
2024-10-23T19:53:11.364Z error: {"success":false,"statusCode":404,"message":"No orders found","errorMessages":[{"path":"","message":"No orders found"}],"status":"failed","stack":{}}
2024-10-23T19:53:11.991Z info: GET /api/v2/orders 500 6ms
2024-10-23T19:53:12.026Z error: {"success":false,"statusCode":500,"message":"jwt malformed","errorMessages":[{"path":"","message":"jwt malformed"}],"status":"failed","stack":{}}
2024-10-23T19:53:13.002Z info: POST /api/v2/auth/signup 201 5265ms
2024-10-23T19:53:14.353Z info: POST /api/v2/auth/login 200 751ms
2024-10-23T19:53:15.105Z info: POST /api/v2/auth/refresh 200 16ms
2024-10-23T19:53:18.952Z info: POST /api/v2/auth/get-otp 200 3216ms
2024-10-23T19:53:22.320Z info: GET /api/v2/auth/own-otp 200 14ms
2024-10-23T19:53:26.928Z info: POST /api/v2/auth/verify-otp 200 25ms
2024-10-23T19:53:32.132Z info: PATCH /api/v2/auth/change-password 200 918ms
2024-10-23T19:53:36.437Z info: POST /api/v2/auth/forgot-password 200 3721ms
2024-10-23T19:53:40.385Z info: POST /api/v2/auth/reset-password 200 534ms
2024-10-23T19:53:40.986Z info: POST /api/v2/auth/logout 200 8ms
2024-10-23T19:54:12.330Z info: POST /api/v2/cycles 201 458ms
2024-10-23T19:54:12.614Z info: GET /api/v2/cycles 200 49ms
2024-10-23T19:54:12.663Z info: DELETE /api/v2/cycles/671954630123e369a4b57d35 200 20ms
2024-10-23T19:54:15.759Z info: GET /api/v2/orders 404 40ms
2024-10-23T19:54:15.795Z error: {"success":false,"statusCode":404,"message":"No orders found","errorMessages":[{"path":"","message":"No orders found"}],"status":"failed","stack":{}}
2024-10-23T19:54:16.408Z info: GET /api/v2/orders 500 2ms
2024-10-23T19:54:16.421Z error: {"success":false,"statusCode":500,"message":"jwt malformed","errorMessages":[{"path":"","message":"jwt malformed"}],"status":"failed","stack":{}}
2024-10-23T19:54:17.222Z info: POST /api/v2/auth/signup 201 4781ms
2024-10-23T19:54:18.262Z info: POST /api/v2/auth/login 200 490ms
2024-10-23T19:54:18.946Z info: POST /api/v2/auth/refresh 200 23ms
2024-10-23T19:54:23.889Z info: POST /api/v2/auth/get-otp 200 4338ms
2024-10-23T19:54:28.054Z info: GET /api/v2/auth/own-otp 200 27ms
2024-10-23T19:54:32.451Z info: POST /api/v2/auth/verify-otp 200 40ms
2024-10-23T19:54:36.702Z info: PATCH /api/v2/auth/change-password 200 936ms
2024-10-23T19:54:40.487Z info: POST /api/v2/auth/forgot-password 200 3325ms
2024-10-23T19:54:46.590Z info: POST /api/v2/auth/reset-password 200 472ms
2024-10-23T19:54:47.107Z info: POST /api/v2/auth/logout 200 8ms
2024-10-23T19:55:11.099Z info: GET /api/v2/orders 404 56ms
2024-10-23T19:55:11.104Z error: {"success":false,"statusCode":404,"message":"No orders found","errorMessages":[{"path":"","message":"No orders found"}],"status":"failed","stack":{}}
2024-10-23T19:55:11.873Z info: GET /api/v2/orders 500 3ms
2024-10-23T19:55:11.877Z error: {"success":false,"statusCode":500,"message":"jwt malformed","errorMessages":[{"path":"","message":"jwt malformed"}],"status":"failed","stack":{}}
2024-10-23T19:58:39.624Z info: GET /api/v2/orders 404 102ms
2024-10-23T19:58:39.629Z error: {"success":false,"statusCode":404,"message":"No orders found","errorMessages":[{"path":"","message":"No orders found"}],"status":"failed","stack":{}}
2024-10-23T19:58:40.356Z info: GET /api/v2/orders 500 7ms
2024-10-23T19:58:40.357Z error: {"success":false,"statusCode":500,"message":"jwt malformed","errorMessages":[{"path":"","message":"jwt malformed"}],"status":"failed","stack":{}}
2024-10-23T21:19:45.264Z info: GET /api/v2/orders 500 8ms
2024-10-23T21:19:45.269Z error: {"success":false,"statusCode":500,"message":"jwt malformed","errorMessages":[{"path":"","message":"jwt malformed"}],"status":"failed","stack":{}}
2024-10-23T21:20:28.454Z info: GET /api/v2/orders 404 67ms
2024-10-23T21:20:28.461Z error: {"success":false,"statusCode":404,"message":"No orders found","errorMessages":[{"path":"","message":"No orders found"}],"status":"failed","stack":{}}
2024-10-23T21:20:29.139Z info: GET /api/v2/orders 500 5ms
2024-10-23T21:20:29.141Z error: {"success":false,"statusCode":500,"message":"jwt malformed","errorMessages":[{"path":"","message":"jwt malformed"}],"status":"failed","stack":{}}
2024-10-23T21:21:02.783Z info: GET /api/v2/orders 404 37ms
2024-10-23T21:21:02.788Z error: {"success":false,"statusCode":404,"message":"No orders found","errorMessages":[{"path":"","message":"No orders found"}],"status":"failed","stack":{}}
2024-10-23T21:21:03.405Z info: GET /api/v2/orders 500 2ms
2024-10-23T21:21:03.405Z error: {"success":false,"statusCode":500,"message":"jwt malformed","errorMessages":[{"path":"","message":"jwt malformed"}],"status":"failed","stack":{}}
2024-10-23T21:23:18.882Z info: GET /api/v2/orders 404 36ms
2024-10-23T21:23:18.890Z error: {"success":false,"statusCode":404,"message":"No orders found","errorMessages":[{"path":"","message":"No orders found"}],"status":"failed","stack":{}}
2024-10-23T21:23:19.474Z info: GET /api/v2/orders 500 5ms
2024-10-23T21:23:19.475Z error: {"success":false,"statusCode":500,"message":"jwt malformed","errorMessages":[{"path":"","message":"jwt malformed"}],"status":"failed","stack":{}}
2024-10-23T21:23:52.451Z info: GET /api/v2/orders 404 36ms
2024-10-23T21:23:52.455Z error: {"success":false,"statusCode":404,"message":"No orders found","errorMessages":[{"path":"","message":"No orders found"}],"status":"failed","stack":{}}
2024-10-23T21:23:53.043Z info: GET /api/v2/orders 500 2ms
2024-10-23T21:23:53.048Z error: {"success":false,"statusCode":500,"message":"jwt malformed","errorMessages":[{"path":"","message":"jwt malformed"}],"status":"failed","stack":{}}
2024-10-23T21:24:26.047Z info: GET /api/v2/orders 404 42ms
2024-10-23T21:24:26.051Z error: {"success":false,"statusCode":404,"message":"No orders found","errorMessages":[{"path":"","message":"No orders found"}],"status":"failed","stack":{}}
2024-10-23T21:24:26.685Z info: GET /api/v2/orders 500 1ms
2024-10-23T21:24:26.686Z error: {"success":false,"statusCode":500,"message":"jwt malformed","errorMessages":[{"path":"","message":"jwt malformed"}],"status":"failed","stack":{}}
2024-10-23T21:25:08.586Z info: GET /api/v2/orders 404 29ms
2024-10-23T21:25:08.589Z error: {"success":false,"statusCode":404,"message":"No orders found","errorMessages":[{"path":"","message":"No orders found"}],"status":"failed","stack":{}}
2024-10-23T21:25:09.059Z info: GET /api/v2/orders 500 2ms
2024-10-23T21:25:09.059Z error: {"success":false,"statusCode":500,"message":"jwt malformed","errorMessages":[{"path":"","message":"jwt malformed"}],"status":"failed","stack":{}}
2024-10-23T21:25:37.989Z info: GET /api/v2/orders 404 30ms
2024-10-23T21:25:37.995Z error: {"success":false,"statusCode":404,"message":"No orders found","errorMessages":[{"path":"","message":"No orders found"}],"status":"failed","stack":{}}
2024-10-23T21:25:38.517Z info: GET /api/v2/orders 500 1ms
2024-10-23T21:25:38.518Z error: {"success":false,"statusCode":500,"message":"jwt malformed","errorMessages":[{"path":"","message":"jwt malformed"}],"status":"failed","stack":{}}
2024-10-23T21:27:58.073Z info: POST /api/v2/cycles 201 233ms
2024-10-23T21:27:58.282Z info: GET /api/v2/cycles 200 73ms
2024-10-23T21:27:58.357Z info: DELETE /api/v2/cycles/67196a5dda4efeda84bd6016 200 21ms
2024-10-23T21:27:59.695Z info: GET /api/v2/orders 404 43ms
2024-10-23T21:27:59.723Z error: {"success":false,"statusCode":404,"message":"No orders found","errorMessages":[{"path":"","message":"No orders found"}],"status":"failed","stack":{}}
2024-10-23T21:28:00.211Z info: GET /api/v2/orders 500 1ms
2024-10-23T21:28:00.217Z error: {"success":false,"statusCode":500,"message":"jwt malformed","errorMessages":[{"path":"","message":"jwt malformed"}],"status":"failed","stack":{}}
2024-10-23T21:28:03.320Z info: POST /api/v2/auth/signup 201 5794ms
2024-10-23T21:28:04.393Z info: POST /api/v2/auth/login 200 542ms
2024-10-23T21:28:04.824Z info: POST /api/v2/auth/refresh 200 12ms
2024-10-23T21:28:08.015Z info: POST /api/v2/auth/get-otp 200 2772ms
2024-10-23T21:28:11.103Z info: GET /api/v2/auth/own-otp 200 11ms
2024-10-23T21:28:15.756Z info: POST /api/v2/auth/verify-otp 200 31ms
2024-10-23T21:28:19.919Z info: PATCH /api/v2/auth/change-password 200 935ms
2024-10-23T21:28:23.116Z info: POST /api/v2/auth/forgot-password 200 2782ms
2024-10-23T21:28:29.070Z info: POST /api/v2/auth/reset-password 200 530ms
2024-10-23T21:28:29.483Z info: POST /api/v2/auth/logout 200 7ms
